
*** Running vivado
    with args -log sevbitone.vds -m64 -mode batch -messageDb vivado.pb -notrace -source sevbitone.tcl

WARNING: Default location for XILINX_VIVADO_HLS not found: 

****** Vivado v2015.1 (64-bit)
  **** SW Build 1215546 on Mon Apr 27 19:07:21 MDT 2015
  **** IP Build 1209967 on Tue Apr 21 11:39:20 MDT 2015
    ** Copyright 1986-2015 Xilinx, Inc. All Rights Reserved.

source sevbitone.tcl -notrace
WARNING: [Board 49-26] cannot add Board Part digilentinc.com:arty-s7-50:part0:1.0 available at /opt/Xilinx/Vivado/2015.1/data/boards/board_files/arty-s7-50/B.0/board.xml as part xc7s50csga324-1 specified in board_part file is either invalid or not available
WARNING: [Board 49-26] cannot add Board Part digilentinc.com:genesys2:part0:1.1 available at /opt/Xilinx/Vivado/2015.1/data/boards/board_files/genesys2/H/board.xml as part xc7k325tffg900-2 specified in board_part file is either invalid or not available
Command: synth_design -top sevbitone -part xc7a35tcpg236-1
Starting synth_design
Attempting to get a license for feature 'Synthesis' and/or device 'xc7a35t'
INFO: [Common 17-349] Got license for feature 'Synthesis' and/or device 'xc7a35t'
INFO: [Common 17-1223] The version limit for your license is '2018.07' and will expire in -77 days. A version limit expiration means that, although you may be able to continue to use the current version of tools or IP with this license, you will not be eligible for any updates or new releases.
---------------------------------------------------------------------------------
Starting RTL Elaboration : Time (s): cpu = 00:00:03 ; elapsed = 00:00:03 . Memory (MB): peak = 922.055 ; gain = 143.457 ; free physical = 4639 ; free virtual = 14494
---------------------------------------------------------------------------------
INFO: [Synth 8-638] synthesizing module 'sevbitone' [/home/physics/Labs/week3/week3_20181009_project1_7bit1/week3_20181009_project1_7bit1.srcs/sources_1/new/sevbitone.vhd:39]
INFO: [Synth 8-256] done synthesizing module 'sevbitone' (1#1) [/home/physics/Labs/week3/week3_20181009_project1_7bit1/week3_20181009_project1_7bit1.srcs/sources_1/new/sevbitone.vhd:39]
WARNING: [Synth 8-3331] design sevbitone has unconnected port led[15]
WARNING: [Synth 8-3331] design sevbitone has unconnected port led[14]
WARNING: [Synth 8-3331] design sevbitone has unconnected port led[13]
WARNING: [Synth 8-3331] design sevbitone has unconnected port led[12]
WARNING: [Synth 8-3331] design sevbitone has unconnected port led[1]
WARNING: [Synth 8-3331] design sevbitone has unconnected port led[0]
---------------------------------------------------------------------------------
Finished RTL Elaboration : Time (s): cpu = 00:00:04 ; elapsed = 00:00:04 . Memory (MB): peak = 958.336 ; gain = 179.738 ; free physical = 4601 ; free virtual = 14456
---------------------------------------------------------------------------------

Report Check Netlist: 
+------+------------------+-------+---------+-------+------------------+
|      |Item              |Errors |Warnings |Status |Description       |
+------+------------------+-------+---------+-------+------------------+
|1     |multi_driven_nets |      0|        0|Passed |Multi driven nets |
+------+------------------+-------+---------+-------+------------------+
---------------------------------------------------------------------------------
Finished RTL Optimization Phase 1 : Time (s): cpu = 00:00:04 ; elapsed = 00:00:04 . Memory (MB): peak = 958.336 ; gain = 179.738 ; free physical = 4601 ; free virtual = 14456
---------------------------------------------------------------------------------
INFO: [Device 21-403] Loading part xc7a35tcpg236-1
INFO: [Project 1-570] Preparing netlist for logic optimization

Processing XDC Constraints
Initializing timing engine
Parsing XDC File [/home/physics/Labs/week3/week3_20181009_project1_7bit1/week3_20181009_project1_7bit1.srcs/constrs_1/imports/Labs/Basys3_Master.xdc]
WARNING: [Vivado 12-584] No ports matched 'seg[0]'. [/home/physics/Labs/week3/week3_20181009_project1_7bit1/week3_20181009_project1_7bit1.srcs/constrs_1/imports/Labs/Basys3_Master.xdc:82]
CRITICAL WARNING: [Common 17-55] 'set_property' expects at least one object. [/home/physics/Labs/week3/week3_20181009_project1_7bit1/week3_20181009_project1_7bit1.srcs/constrs_1/imports/Labs/Basys3_Master.xdc:82]
Resolution: If [get_<value>] was used to populate the object, check to make sure this command returns at least one valid object.
WARNING: [Vivado 12-584] No ports matched 'seg[0]'. [/home/physics/Labs/week3/week3_20181009_project1_7bit1/week3_20181009_project1_7bit1.srcs/constrs_1/imports/Labs/Basys3_Master.xdc:83]
CRITICAL WARNING: [Common 17-55] 'set_property' expects at least one object. [/home/physics/Labs/week3/week3_20181009_project1_7bit1/week3_20181009_project1_7bit1.srcs/constrs_1/imports/Labs/Basys3_Master.xdc:83]
Resolution: If [get_<value>] was used to populate the object, check to make sure this command returns at least one valid object.
WARNING: [Vivado 12-584] No ports matched 'seg[1]'. [/home/physics/Labs/week3/week3_20181009_project1_7bit1/week3_20181009_project1_7bit1.srcs/constrs_1/imports/Labs/Basys3_Master.xdc:84]
CRITICAL WARNING: [Common 17-55] 'set_property' expects at least one object. [/home/physics/Labs/week3/week3_20181009_project1_7bit1/week3_20181009_project1_7bit1.srcs/constrs_1/imports/Labs/Basys3_Master.xdc:84]
Resolution: If [get_<value>] was used to populate the object, check to make sure this command returns at least one valid object.
WARNING: [Vivado 12-584] No ports matched 'seg[1]'. [/home/physics/Labs/week3/week3_20181009_project1_7bit1/week3_20181009_project1_7bit1.srcs/constrs_1/imports/Labs/Basys3_Master.xdc:85]
CRITICAL WARNING: [Common 17-55] 'set_property' expects at least one object. [/home/physics/Labs/week3/week3_20181009_project1_7bit1/week3_20181009_project1_7bit1.srcs/constrs_1/imports/Labs/Basys3_Master.xdc:85]
Resolution: If [get_<value>] was used to populate the object, check to make sure this command returns at least one valid object.
WARNING: [Vivado 12-584] No ports matched 'seg[2]'. [/home/physics/Labs/week3/week3_20181009_project1_7bit1/week3_20181009_project1_7bit1.srcs/constrs_1/imports/Labs/Basys3_Master.xdc:86]
CRITICAL WARNING: [Common 17-55] 'set_property' expects at least one object. [/home/physics/Labs/week3/week3_20181009_project1_7bit1/week3_20181009_project1_7bit1.srcs/constrs_1/imports/Labs/Basys3_Master.xdc:86]
Resolution: If [get_<value>] was used to populate the object, check to make sure this command returns at least one valid object.
WARNING: [Vivado 12-584] No ports matched 'seg[2]'. [/home/physics/Labs/week3/week3_20181009_project1_7bit1/week3_20181009_project1_7bit1.srcs/constrs_1/imports/Labs/Basys3_Master.xdc:87]
CRITICAL WARNING: [Common 17-55] 'set_property' expects at least one object. [/home/physics/Labs/week3/week3_20181009_project1_7bit1/week3_20181009_project1_7bit1.srcs/constrs_1/imports/Labs/Basys3_Master.xdc:87]
Resolution: If [get_<value>] was used to populate the object, check to make sure this command returns at least one valid object.
WARNING: [Vivado 12-584] No ports matched 'seg[3]'. [/home/physics/Labs/week3/week3_20181009_project1_7bit1/week3_20181009_project1_7bit1.srcs/constrs_1/imports/Labs/Basys3_Master.xdc:88]
CRITICAL WARNING: [Common 17-55] 'set_property' expects at least one object. [/home/physics/Labs/week3/week3_20181009_project1_7bit1/week3_20181009_project1_7bit1.srcs/constrs_1/imports/Labs/Basys3_Master.xdc:88]
Resolution: If [get_<value>] was used to populate the object, check to make sure this command returns at least one valid object.
WARNING: [Vivado 12-584] No ports matched 'seg[3]'. [/home/physics/Labs/week3/week3_20181009_project1_7bit1/week3_20181009_project1_7bit1.srcs/constrs_1/imports/Labs/Basys3_Master.xdc:89]
CRITICAL WARNING: [Common 17-55] 'set_property' expects at least one object. [/home/physics/Labs/week3/week3_20181009_project1_7bit1/week3_20181009_project1_7bit1.srcs/constrs_1/imports/Labs/Basys3_Master.xdc:89]
Resolution: If [get_<value>] was used to populate the object, check to make sure this command returns at least one valid object.
WARNING: [Vivado 12-584] No ports matched 'seg[4]'. [/home/physics/Labs/week3/week3_20181009_project1_7bit1/week3_20181009_project1_7bit1.srcs/constrs_1/imports/Labs/Basys3_Master.xdc:90]
CRITICAL WARNING: [Common 17-55] 'set_property' expects at least one object. [/home/physics/Labs/week3/week3_20181009_project1_7bit1/week3_20181009_project1_7bit1.srcs/constrs_1/imports/Labs/Basys3_Master.xdc:90]
Resolution: If [get_<value>] was used to populate the object, check to make sure this command returns at least one valid object.
WARNING: [Vivado 12-584] No ports matched 'seg[4]'. [/home/physics/Labs/week3/week3_20181009_project1_7bit1/week3_20181009_project1_7bit1.srcs/constrs_1/imports/Labs/Basys3_Master.xdc:91]
CRITICAL WARNING: [Common 17-55] 'set_property' expects at least one object. [/home/physics/Labs/week3/week3_20181009_project1_7bit1/week3_20181009_project1_7bit1.srcs/constrs_1/imports/Labs/Basys3_Master.xdc:91]
Resolution: If [get_<value>] was used to populate the object, check to make sure this command returns at least one valid object.
WARNING: [Vivado 12-584] No ports matched 'seg[5]'. [/home/physics/Labs/week3/week3_20181009_project1_7bit1/week3_20181009_project1_7bit1.srcs/constrs_1/imports/Labs/Basys3_Master.xdc:92]
CRITICAL WARNING: [Common 17-55] 'set_property' expects at least one object. [/home/physics/Labs/week3/week3_20181009_project1_7bit1/week3_20181009_project1_7bit1.srcs/constrs_1/imports/Labs/Basys3_Master.xdc:92]
Resolution: If [get_<value>] was used to populate the object, check to make sure this command returns at least one valid object.
WARNING: [Vivado 12-584] No ports matched 'seg[5]'. [/home/physics/Labs/week3/week3_20181009_project1_7bit1/week3_20181009_project1_7bit1.srcs/constrs_1/imports/Labs/Basys3_Master.xdc:93]
CRITICAL WARNING: [Common 17-55] 'set_property' expects at least one object. [/home/physics/Labs/week3/week3_20181009_project1_7bit1/week3_20181009_project1_7bit1.srcs/constrs_1/imports/Labs/Basys3_Master.xdc:93]
Resolution: If [get_<value>] was used to populate the object, check to make sure this command returns at least one valid object.
WARNING: [Vivado 12-584] No ports matched 'seg[6]'. [/home/physics/Labs/week3/week3_20181009_project1_7bit1/week3_20181009_project1_7bit1.srcs/constrs_1/imports/Labs/Basys3_Master.xdc:94]
CRITICAL WARNING: [Common 17-55] 'set_property' expects at least one object. [/home/physics/Labs/week3/week3_20181009_project1_7bit1/week3_20181009_project1_7bit1.srcs/constrs_1/imports/Labs/Basys3_Master.xdc:94]
Resolution: If [get_<value>] was used to populate the object, check to make sure this command returns at least one valid object.
WARNING: [Vivado 12-584] No ports matched 'seg[6]'. [/home/physics/Labs/week3/week3_20181009_project1_7bit1/week3_20181009_project1_7bit1.srcs/constrs_1/imports/Labs/Basys3_Master.xdc:95]
CRITICAL WARNING: [Common 17-55] 'set_property' expects at least one object. [/home/physics/Labs/week3/week3_20181009_project1_7bit1/week3_20181009_project1_7bit1.srcs/constrs_1/imports/Labs/Basys3_Master.xdc:95]
Resolution: If [get_<value>] was used to populate the object, check to make sure this command returns at least one valid object.
WARNING: [Vivado 12-584] No ports matched 'dp'. [/home/physics/Labs/week3/week3_20181009_project1_7bit1/week3_20181009_project1_7bit1.srcs/constrs_1/imports/Labs/Basys3_Master.xdc:97]
CRITICAL WARNING: [Common 17-55] 'set_property' expects at least one object. [/home/physics/Labs/week3/week3_20181009_project1_7bit1/week3_20181009_project1_7bit1.srcs/constrs_1/imports/Labs/Basys3_Master.xdc:97]
Resolution: If [get_<value>] was used to populate the object, check to make sure this command returns at least one valid object.
WARNING: [Vivado 12-584] No ports matched 'dp'. [/home/physics/Labs/week3/week3_20181009_project1_7bit1/week3_20181009_project1_7bit1.srcs/constrs_1/imports/Labs/Basys3_Master.xdc:98]
CRITICAL WARNING: [Common 17-55] 'set_property' expects at least one object. [/home/physics/Labs/week3/week3_20181009_project1_7bit1/week3_20181009_project1_7bit1.srcs/constrs_1/imports/Labs/Basys3_Master.xdc:98]
Resolution: If [get_<value>] was used to populate the object, check to make sure this command returns at least one valid object.
WARNING: [Vivado 12-584] No ports matched 'an[0]'. [/home/physics/Labs/week3/week3_20181009_project1_7bit1/week3_20181009_project1_7bit1.srcs/constrs_1/imports/Labs/Basys3_Master.xdc:100]
CRITICAL WARNING: [Common 17-55] 'set_property' expects at least one object. [/home/physics/Labs/week3/week3_20181009_project1_7bit1/week3_20181009_project1_7bit1.srcs/constrs_1/imports/Labs/Basys3_Master.xdc:100]
Resolution: If [get_<value>] was used to populate the object, check to make sure this command returns at least one valid object.
WARNING: [Vivado 12-584] No ports matched 'an[0]'. [/home/physics/Labs/week3/week3_20181009_project1_7bit1/week3_20181009_project1_7bit1.srcs/constrs_1/imports/Labs/Basys3_Master.xdc:101]
CRITICAL WARNING: [Common 17-55] 'set_property' expects at least one object. [/home/physics/Labs/week3/week3_20181009_project1_7bit1/week3_20181009_project1_7bit1.srcs/constrs_1/imports/Labs/Basys3_Master.xdc:101]
Resolution: If [get_<value>] was used to populate the object, check to make sure this command returns at least one valid object.
WARNING: [Vivado 12-584] No ports matched 'an[1]'. [/home/physics/Labs/week3/week3_20181009_project1_7bit1/week3_20181009_project1_7bit1.srcs/constrs_1/imports/Labs/Basys3_Master.xdc:102]
CRITICAL WARNING: [Common 17-55] 'set_property' expects at least one object. [/home/physics/Labs/week3/week3_20181009_project1_7bit1/week3_20181009_project1_7bit1.srcs/constrs_1/imports/Labs/Basys3_Master.xdc:102]
Resolution: If [get_<value>] was used to populate the object, check to make sure this command returns at least one valid object.
WARNING: [Vivado 12-584] No ports matched 'an[1]'. [/home/physics/Labs/week3/week3_20181009_project1_7bit1/week3_20181009_project1_7bit1.srcs/constrs_1/imports/Labs/Basys3_Master.xdc:103]
CRITICAL WARNING: [Common 17-55] 'set_property' expects at least one object. [/home/physics/Labs/week3/week3_20181009_project1_7bit1/week3_20181009_project1_7bit1.srcs/constrs_1/imports/Labs/Basys3_Master.xdc:103]
Resolution: If [get_<value>] was used to populate the object, check to make sure this command returns at least one valid object.
WARNING: [Vivado 12-584] No ports matched 'an[2]'. [/home/physics/Labs/week3/week3_20181009_project1_7bit1/week3_20181009_project1_7bit1.srcs/constrs_1/imports/Labs/Basys3_Master.xdc:104]
CRITICAL WARNING: [Common 17-55] 'set_property' expects at least one object. [/home/physics/Labs/week3/week3_20181009_project1_7bit1/week3_20181009_project1_7bit1.srcs/constrs_1/imports/Labs/Basys3_Master.xdc:104]
Resolution: If [get_<value>] was used to populate the object, check to make sure this command returns at least one valid object.
WARNING: [Vivado 12-584] No ports matched 'an[2]'. [/home/physics/Labs/week3/week3_20181009_project1_7bit1/week3_20181009_project1_7bit1.srcs/constrs_1/imports/Labs/Basys3_Master.xdc:105]
CRITICAL WARNING: [Common 17-55] 'set_property' expects at least one object. [/home/physics/Labs/week3/week3_20181009_project1_7bit1/week3_20181009_project1_7bit1.srcs/constrs_1/imports/Labs/Basys3_Master.xdc:105]
Resolution: If [get_<value>] was used to populate the object, check to make sure this command returns at least one valid object.
WARNING: [Vivado 12-584] No ports matched 'an[3]'. [/home/physics/Labs/week3/week3_20181009_project1_7bit1/week3_20181009_project1_7bit1.srcs/constrs_1/imports/Labs/Basys3_Master.xdc:106]
CRITICAL WARNING: [Common 17-55] 'set_property' expects at least one object. [/home/physics/Labs/week3/week3_20181009_project1_7bit1/week3_20181009_project1_7bit1.srcs/constrs_1/imports/Labs/Basys3_Master.xdc:106]
Resolution: If [get_<value>] was used to populate the object, check to make sure this command returns at least one valid object.
WARNING: [Vivado 12-584] No ports matched 'an[3]'. [/home/physics/Labs/week3/week3_20181009_project1_7bit1/week3_20181009_project1_7bit1.srcs/constrs_1/imports/Labs/Basys3_Master.xdc:107]
CRITICAL WARNING: [Common 17-55] 'set_property' expects at least one object. [/home/physics/Labs/week3/week3_20181009_project1_7bit1/week3_20181009_project1_7bit1.srcs/constrs_1/imports/Labs/Basys3_Master.xdc:107]
Resolution: If [get_<value>] was used to populate the object, check to make sure this command returns at least one valid object.
Finished Parsing XDC File [/home/physics/Labs/week3/week3_20181009_project1_7bit1/week3_20181009_project1_7bit1.srcs/constrs_1/imports/Labs/Basys3_Master.xdc]
Completed Processing XDC Constraints

INFO: [Project 1-111] Unisim Transformation Summary:
No Unisim elements were transformed.

Constraint Validation Runtime : Time (s): cpu = 00:00:00 ; elapsed = 00:00:00 . Memory (MB): peak = 1232.469 ; gain = 0.000 ; free physical = 4434 ; free virtual = 14288
---------------------------------------------------------------------------------
Finished Constraint Validation : Time (s): cpu = 00:00:09 ; elapsed = 00:00:09 . Memory (MB): peak = 1232.469 ; gain = 453.871 ; free physical = 4433 ; free virtual = 14288
---------------------------------------------------------------------------------
---------------------------------------------------------------------------------
Start Loading Part and Timing Information
---------------------------------------------------------------------------------
Loading part: xc7a35tcpg236-1
---------------------------------------------------------------------------------
Finished Loading Part and Timing Information : Time (s): cpu = 00:00:09 ; elapsed = 00:00:09 . Memory (MB): peak = 1232.469 ; gain = 453.871 ; free physical = 4433 ; free virtual = 14288
---------------------------------------------------------------------------------
---------------------------------------------------------------------------------
Start Applying 'set_property' XDC Constraints
---------------------------------------------------------------------------------
---------------------------------------------------------------------------------
Finished applying 'set_property' XDC Constraints : Time (s): cpu = 00:00:09 ; elapsed = 00:00:09 . Memory (MB): peak = 1232.469 ; gain = 453.871 ; free physical = 4433 ; free virtual = 14288
---------------------------------------------------------------------------------
---------------------------------------------------------------------------------
Finished RTL Optimization Phase 2 : Time (s): cpu = 00:00:09 ; elapsed = 00:00:09 . Memory (MB): peak = 1232.469 ; gain = 453.871 ; free physical = 4426 ; free virtual = 14281
---------------------------------------------------------------------------------

Report RTL Partitions: 
+-+--------------+------------+----------+
| |RTL Partition |Replication |Instances |
+-+--------------+------------+----------+
+-+--------------+------------+----------+
---------------------------------------------------------------------------------
Start RTL Component Statistics 
---------------------------------------------------------------------------------
Detailed RTL Component Info : 
+---Adders : 
	   2 Input     32 Bit       Adders := 1     
+---Registers : 
	               32 Bit    Registers := 1     
---------------------------------------------------------------------------------
Finished RTL Component Statistics 
---------------------------------------------------------------------------------
---------------------------------------------------------------------------------
Start RTL Hierarchical Component Statistics 
---------------------------------------------------------------------------------
Hierarchical RTL Component report 
Module sevbitone 
Detailed RTL Component Info : 
+---Adders : 
	   2 Input     32 Bit       Adders := 1     
+---Registers : 
	               32 Bit    Registers := 1     
---------------------------------------------------------------------------------
Finished RTL Hierarchical Component Statistics
---------------------------------------------------------------------------------
---------------------------------------------------------------------------------
Start Part Resource Summary
---------------------------------------------------------------------------------
Part Resources:
DSPs: 120 (col length:60)
BRAMs: 150 (col length: RAMB18 60 RAMB36 30)
---------------------------------------------------------------------------------
Finished Part Resource Summary
---------------------------------------------------------------------------------
Start Parallel Synthesis Optimization  : Time (s): cpu = 00:00:09 ; elapsed = 00:00:09 . Memory (MB): peak = 1232.469 ; gain = 453.871 ; free physical = 4426 ; free virtual = 14281
---------------------------------------------------------------------------------
Start Cross Boundary Optimization
---------------------------------------------------------------------------------
WARNING: [Synth 8-3331] design sevbitone has unconnected port led[15]
WARNING: [Synth 8-3331] design sevbitone has unconnected port led[14]
WARNING: [Synth 8-3331] design sevbitone has unconnected port led[13]
WARNING: [Synth 8-3331] design sevbitone has unconnected port led[12]
WARNING: [Synth 8-3331] design sevbitone has unconnected port led[1]
WARNING: [Synth 8-3331] design sevbitone has unconnected port led[0]
---------------------------------------------------------------------------------
Finished Cross Boundary Optimization : Time (s): cpu = 00:00:09 ; elapsed = 00:00:09 . Memory (MB): peak = 1232.469 ; gain = 453.871 ; free physical = 4426 ; free virtual = 14281
---------------------------------------------------------------------------------
Finished Parallel Reinference  : Time (s): cpu = 00:00:09 ; elapsed = 00:00:09 . Memory (MB): peak = 1232.469 ; gain = 453.871 ; free physical = 4426 ; free virtual = 14281

Report RTL Partitions: 
+-+--------------+------------+----------+
| |RTL Partition |Replication |Instances |
+-+--------------+------------+----------+
+-+--------------+------------+----------+
WARNING: [Synth 8-3332] Sequential element (\count_reg_reg[31] ) is unused and will be removed from module sevbitone.
---------------------------------------------------------------------------------
Start Area Optimization
---------------------------------------------------------------------------------
---------------------------------------------------------------------------------
Finished Area Optimization : Time (s): cpu = 00:00:09 ; elapsed = 00:00:09 . Memory (MB): peak = 1232.469 ; gain = 453.871 ; free physical = 4418 ; free virtual = 14273
---------------------------------------------------------------------------------
Finished Parallel Area Optimization  : Time (s): cpu = 00:00:09 ; elapsed = 00:00:09 . Memory (MB): peak = 1232.469 ; gain = 453.871 ; free physical = 4418 ; free virtual = 14273

Report RTL Partitions: 
+-+--------------+------------+----------+
| |RTL Partition |Replication |Instances |
+-+--------------+------------+----------+
+-+--------------+------------+----------+
Finished Parallel Synthesis Optimization  : Time (s): cpu = 00:00:09 ; elapsed = 00:00:09 . Memory (MB): peak = 1232.469 ; gain = 453.871 ; free physical = 4418 ; free virtual = 14273
---------------------------------------------------------------------------------
Start Timing Optimization
---------------------------------------------------------------------------------
---------------------------------------------------------------------------------
Start Applying XDC Timing Constraints
---------------------------------------------------------------------------------
---------------------------------------------------------------------------------
Finished Applying XDC Timing Constraints : Time (s): cpu = 00:00:15 ; elapsed = 00:00:15 . Memory (MB): peak = 1232.469 ; gain = 453.871 ; free physical = 4379 ; free virtual = 14234
---------------------------------------------------------------------------------
WARNING: [Synth 8-3332] Sequential element (\count_reg_reg[31] ) is unused and will be removed from module sevbitone.
WARNING: [Synth 8-3332] Sequential element (\count_reg_reg[31] ) is unused and will be removed from module sevbitone.
---------------------------------------------------------------------------------
Finished Timing Optimization : Time (s): cpu = 00:00:15 ; elapsed = 00:00:15 . Memory (MB): peak = 1232.469 ; gain = 453.871 ; free physical = 4379 ; free virtual = 14234
---------------------------------------------------------------------------------

Report RTL Partitions: 
+-+--------------+------------+----------+
| |RTL Partition |Replication |Instances |
+-+--------------+------------+----------+
+-+--------------+------------+----------+
---------------------------------------------------------------------------------
Start Technology Mapping
---------------------------------------------------------------------------------
---------------------------------------------------------------------------------
Finished Technology Mapping : Time (s): cpu = 00:00:15 ; elapsed = 00:00:15 . Memory (MB): peak = 1232.469 ; gain = 453.871 ; free physical = 4362 ; free virtual = 14217
---------------------------------------------------------------------------------

Report RTL Partitions: 
+-+--------------+------------+----------+
| |RTL Partition |Replication |Instances |
+-+--------------+------------+----------+
+-+--------------+------------+----------+
---------------------------------------------------------------------------------
Start IO Insertion
---------------------------------------------------------------------------------
---------------------------------------------------------------------------------
Start Final Netlist Cleanup
---------------------------------------------------------------------------------
---------------------------------------------------------------------------------
Finished Final Netlist Cleanup
---------------------------------------------------------------------------------
---------------------------------------------------------------------------------
Finished IO Insertion : Time (s): cpu = 00:00:15 ; elapsed = 00:00:15 . Memory (MB): peak = 1232.469 ; gain = 453.871 ; free physical = 4362 ; free virtual = 14217
---------------------------------------------------------------------------------

Report Check Netlist: 
+------+------------------+-------+---------+-------+------------------+
|      |Item              |Errors |Warnings |Status |Description       |
+------+------------------+-------+---------+-------+------------------+
|1     |multi_driven_nets |      0|        0|Passed |Multi driven nets |
+------+------------------+-------+---------+-------+------------------+
---------------------------------------------------------------------------------
Start Renaming Generated Instances
---------------------------------------------------------------------------------
---------------------------------------------------------------------------------
Finished Renaming Generated Instances : Time (s): cpu = 00:00:15 ; elapsed = 00:00:15 . Memory (MB): peak = 1232.469 ; gain = 453.871 ; free physical = 4362 ; free virtual = 14217
---------------------------------------------------------------------------------

Report RTL Partitions: 
+-+--------------+------------+----------+
| |RTL Partition |Replication |Instances |
+-+--------------+------------+----------+
+-+--------------+------------+----------+
---------------------------------------------------------------------------------
Start Rebuilding User Hierarchy
---------------------------------------------------------------------------------
---------------------------------------------------------------------------------
Finished Rebuilding User Hierarchy : Time (s): cpu = 00:00:15 ; elapsed = 00:00:15 . Memory (MB): peak = 1232.469 ; gain = 453.871 ; free physical = 4362 ; free virtual = 14217
---------------------------------------------------------------------------------
---------------------------------------------------------------------------------
Start Renaming Generated Ports : Time (s): cpu = 00:00:15 ; elapsed = 00:00:15 . Memory (MB): peak = 1232.469 ; gain = 453.871 ; free physical = 4362 ; free virtual = 14217
---------------------------------------------------------------------------------
---------------------------------------------------------------------------------
Finished Renaming Generated Ports : Time (s): cpu = 00:00:15 ; elapsed = 00:00:15 . Memory (MB): peak = 1232.469 ; gain = 453.871 ; free physical = 4362 ; free virtual = 14217
---------------------------------------------------------------------------------
---------------------------------------------------------------------------------
Start Writing Synthesis Report
---------------------------------------------------------------------------------

Report BlackBoxes: 
+-+--------------+----------+
| |BlackBox name |Instances |
+-+--------------+----------+
+-+--------------+----------+

Report Cell Usage: 
+------+--------+------+
|      |Cell    |Count |
+------+--------+------+
|1     |BUFG    |     1|
|2     |LUT1    |     1|
|3     |MUXCY_L |    29|
|4     |XORCY   |    30|
|5     |FDRE    |    31|
|6     |IBUF    |     1|
|7     |OBUF    |    10|
|8     |OBUFT   |     6|
+------+--------+------+

Report Instance Areas: 
+------+---------+-------+------+
|      |Instance |Module |Cells |
+------+---------+-------+------+
|1     |top      |       |   109|
+------+---------+-------+------+
---------------------------------------------------------------------------------
Finished Writing Synthesis Report : Time (s): cpu = 00:00:15 ; elapsed = 00:00:15 . Memory (MB): peak = 1232.469 ; gain = 453.871 ; free physical = 4361 ; free virtual = 14216
---------------------------------------------------------------------------------
Synthesis finished with 0 errors, 0 critical warnings and 9 warnings.
Synthesis Optimization Runtime : Time (s): cpu = 00:00:10 ; elapsed = 00:00:10 . Memory (MB): peak = 1232.469 ; gain = 71.281 ; free physical = 4361 ; free virtual = 14216
Synthesis Optimization Complete : Time (s): cpu = 00:00:15 ; elapsed = 00:00:15 . Memory (MB): peak = 1232.469 ; gain = 453.871 ; free physical = 4361 ; free virtual = 14216
INFO: [Project 1-571] Translating synthesized netlist
INFO: [Netlist 29-17] Analyzing 60 Unisim elements for replacement
INFO: [Netlist 29-28] Unisim Transformation completed in 0 CPU seconds
INFO: [Project 1-570] Preparing netlist for logic optimization
INFO: [Opt 31-138] Pushed 0 inverter(s) to 0 load pin(s).
INFO: [Project 1-111] Unisim Transformation Summary:
  A total of 8 instances were transformed.
  (MUXCY,XORCY) => CARRY4: 8 instances

INFO: [Common 17-83] Releasing license: Synthesis
14 Infos, 41 Warnings, 24 Critical Warnings and 0 Errors encountered.
synth_design completed successfully
synth_design: Time (s): cpu = 00:00:14 ; elapsed = 00:00:14 . Memory (MB): peak = 1232.469 ; gain = 345.414 ; free physical = 4361 ; free virtual = 14216
report_utilization: Time (s): cpu = 00:00:00.65 ; elapsed = 00:00:00.66 . Memory (MB): peak = 1240.473 ; gain = 0.000 ; free physical = 4360 ; free virtual = 14215
INFO: [Common 17-206] Exiting Vivado at Tue Oct 16 11:08:13 2018...
