Copyright 1986-2015 Xilinx, Inc. All Rights Reserved.
---------------------------------------------------------------------------------------
| Tool Version : Vivado v.2015.1 (lin64) Build 1215546 Mon Apr 27 19:07:21 MDT 2015
| Date         : Tue Dec 11 16:38:18 2018
| Host         : physics-ThinkPad-13-2nd-Gen running 64-bit Ubuntu 16.04.5 LTS
| Command      : report_control_sets -verbose -file crystnotes_control_sets_placed.rpt
| Design       : crystnotes
| Device       : xc7a35t
---------------------------------------------------------------------------------------

Control Set Information

Table of Contents
-----------------
1. Summary
2. Flip-Flop Distribution
3. Detailed Control Set Information

1. Summary
----------

+-------------------------------------------------------------------+-------+
|                               Status                              | Count |
+-------------------------------------------------------------------+-------+
| Number of unique control sets                                     |     3 |
| Minimum Number of register sites lost to control set restrictions |    12 |
+-------------------------------------------------------------------+-------+


2. Flip-Flop Distribution
-------------------------

+--------------+-----------------------+------------------------+-----------------+--------------+
| Clock Enable | Synchronous Set/Reset | Asynchronous Set/Reset | Total Registers | Total Slices |
+--------------+-----------------------+------------------------+-----------------+--------------+
| No           | No                    | No                     |               4 |            2 |
| No           | No                    | Yes                    |               0 |            0 |
| No           | Yes                   | No                     |              32 |            9 |
| Yes          | No                    | No                     |               0 |            0 |
| Yes          | No                    | Yes                    |               0 |            0 |
| Yes          | Yes                   | No                     |               0 |            0 |
+--------------+-----------------------+------------------------+-----------------+--------------+


3. Detailed Control Set Information
-----------------------------------

+------------------+---------------+-------------------------+------------------+----------------+
|   Clock Signal   | Enable Signal |     Set/Reset Signal    | Slice Load Count | Bel Load Count |
+------------------+---------------+-------------------------+------------------+----------------+
|  JC1_reg_i_2_n_0 |               |                         |                1 |              1 |
|  clk_IBUF_BUFG   |               |                         |                1 |              3 |
|  clk_IBUF_BUFG   |               | counter_reg[31]_i_1_n_0 |                9 |             32 |
+------------------+---------------+-------------------------+------------------+----------------+


