
*** Running vivado
    with args -log gaincontrol.vds -m64 -mode batch -messageDb vivado.pb -notrace -source gaincontrol.tcl

WARNING: Default location for XILINX_VIVADO_HLS not found: 

****** Vivado v2015.1 (64-bit)
  **** SW Build 1215546 on Mon Apr 27 19:07:21 MDT 2015
  **** IP Build 1209967 on Tue Apr 21 11:39:20 MDT 2015
    ** Copyright 1986-2015 Xilinx, Inc. All Rights Reserved.

source gaincontrol.tcl -notrace
WARNING: [Board 49-26] cannot add Board Part digilentinc.com:arty-s7-50:part0:1.0 available at /opt/Xilinx/Vivado/2015.1/data/boards/board_files/arty-s7-50/B.0/board.xml as part xc7s50csga324-1 specified in board_part file is either invalid or not available
WARNING: [Board 49-26] cannot add Board Part digilentinc.com:genesys2:part0:1.1 available at /opt/Xilinx/Vivado/2015.1/data/boards/board_files/genesys2/H/board.xml as part xc7k325tffg900-2 specified in board_part file is either invalid or not available
Command: synth_design -top gaincontrol -part xc7a35tcpg236-1
Starting synth_design
Attempting to get a license for feature 'Synthesis' and/or device 'xc7a35t'
INFO: [Common 17-349] Got license for feature 'Synthesis' and/or device 'xc7a35t'
INFO: [Common 17-1223] The version limit for your license is '2018.07' and will expire in -287 days. A version limit expiration means that, although you may be able to continue to use the current version of tools or IP with this license, you will not be eligible for any updates or new releases.
---------------------------------------------------------------------------------
Starting RTL Elaboration : Time (s): cpu = 00:00:04 ; elapsed = 00:00:04 . Memory (MB): peak = 922.051 ; gain = 143.457 ; free physical = 1000 ; free virtual = 11596
---------------------------------------------------------------------------------
INFO: [Synth 8-638] synthesizing module 'gaincontrol' [/home/physics/Labs/week22/week23_20190507_gaincontrol/week23_20190507_gaincontrol.srcs/sources_1/new/gaincontrol.vhd:41]
INFO: [Synth 8-256] done synthesizing module 'gaincontrol' (1#1) [/home/physics/Labs/week22/week23_20190507_gaincontrol/week23_20190507_gaincontrol.srcs/sources_1/new/gaincontrol.vhd:41]
WARNING: [Synth 8-3917] design gaincontrol has port dataout[15] driven by constant 0
WARNING: [Synth 8-3917] design gaincontrol has port dataout[14] driven by constant 0
WARNING: [Synth 8-3917] design gaincontrol has port dataout[13] driven by constant 0
WARNING: [Synth 8-3917] design gaincontrol has port dataout[12] driven by constant 0
WARNING: [Synth 8-3331] design gaincontrol has unconnected port clk
---------------------------------------------------------------------------------
Finished RTL Elaboration : Time (s): cpu = 00:00:04 ; elapsed = 00:00:04 . Memory (MB): peak = 958.332 ; gain = 179.738 ; free physical = 963 ; free virtual = 11559
---------------------------------------------------------------------------------

Report Check Netlist: 
+------+------------------+-------+---------+-------+------------------+
|      |Item              |Errors |Warnings |Status |Description       |
+------+------------------+-------+---------+-------+------------------+
|1     |multi_driven_nets |      0|        0|Passed |Multi driven nets |
+------+------------------+-------+---------+-------+------------------+
---------------------------------------------------------------------------------
Finished RTL Optimization Phase 1 : Time (s): cpu = 00:00:04 ; elapsed = 00:00:04 . Memory (MB): peak = 958.332 ; gain = 179.738 ; free physical = 963 ; free virtual = 11559
---------------------------------------------------------------------------------
INFO: [Device 21-403] Loading part xc7a35tcpg236-1
INFO: [Project 1-570] Preparing netlist for logic optimization

Processing XDC Constraints
Initializing timing engine
Parsing XDC File [/home/physics/Labs/week22/week23_20190507_gaincontrol/week23_20190507_gaincontrol.srcs/constrs_1/imports/Labs/Basys3_Master.xdc]
WARNING: [Vivado 12-584] No ports matched 'JC2'. [/home/physics/Labs/week22/week23_20190507_gaincontrol/week23_20190507_gaincontrol.srcs/constrs_1/imports/Labs/Basys3_Master.xdc:188]
CRITICAL WARNING: [Common 17-55] 'set_property' expects at least one object. [/home/physics/Labs/week22/week23_20190507_gaincontrol/week23_20190507_gaincontrol.srcs/constrs_1/imports/Labs/Basys3_Master.xdc:188]
Resolution: If [get_<value>] was used to populate the object, check to make sure this command returns at least one valid object.
WARNING: [Vivado 12-584] No ports matched 'JC2'. [/home/physics/Labs/week22/week23_20190507_gaincontrol/week23_20190507_gaincontrol.srcs/constrs_1/imports/Labs/Basys3_Master.xdc:189]
CRITICAL WARNING: [Common 17-55] 'set_property' expects at least one object. [/home/physics/Labs/week22/week23_20190507_gaincontrol/week23_20190507_gaincontrol.srcs/constrs_1/imports/Labs/Basys3_Master.xdc:189]
Resolution: If [get_<value>] was used to populate the object, check to make sure this command returns at least one valid object.
WARNING: [Vivado 12-584] No ports matched 'JC5'. [/home/physics/Labs/week22/week23_20190507_gaincontrol/week23_20190507_gaincontrol.srcs/constrs_1/imports/Labs/Basys3_Master.xdc:197]
CRITICAL WARNING: [Common 17-55] 'set_property' expects at least one object. [/home/physics/Labs/week22/week23_20190507_gaincontrol/week23_20190507_gaincontrol.srcs/constrs_1/imports/Labs/Basys3_Master.xdc:197]
Resolution: If [get_<value>] was used to populate the object, check to make sure this command returns at least one valid object.
WARNING: [Vivado 12-584] No ports matched 'JC5'. [/home/physics/Labs/week22/week23_20190507_gaincontrol/week23_20190507_gaincontrol.srcs/constrs_1/imports/Labs/Basys3_Master.xdc:198]
CRITICAL WARNING: [Common 17-55] 'set_property' expects at least one object. [/home/physics/Labs/week22/week23_20190507_gaincontrol/week23_20190507_gaincontrol.srcs/constrs_1/imports/Labs/Basys3_Master.xdc:198]
Resolution: If [get_<value>] was used to populate the object, check to make sure this command returns at least one valid object.
WARNING: [Vivado 12-584] No ports matched 'JXADC1'. [/home/physics/Labs/week22/week23_20190507_gaincontrol/week23_20190507_gaincontrol.srcs/constrs_1/imports/Labs/Basys3_Master.xdc:212]
CRITICAL WARNING: [Common 17-55] 'set_property' expects at least one object. [/home/physics/Labs/week22/week23_20190507_gaincontrol/week23_20190507_gaincontrol.srcs/constrs_1/imports/Labs/Basys3_Master.xdc:212]
Resolution: If [get_<value>] was used to populate the object, check to make sure this command returns at least one valid object.
WARNING: [Vivado 12-584] No ports matched 'JXADC1'. [/home/physics/Labs/week22/week23_20190507_gaincontrol/week23_20190507_gaincontrol.srcs/constrs_1/imports/Labs/Basys3_Master.xdc:213]
CRITICAL WARNING: [Common 17-55] 'set_property' expects at least one object. [/home/physics/Labs/week22/week23_20190507_gaincontrol/week23_20190507_gaincontrol.srcs/constrs_1/imports/Labs/Basys3_Master.xdc:213]
Resolution: If [get_<value>] was used to populate the object, check to make sure this command returns at least one valid object.
WARNING: [Vivado 12-584] No ports matched 'JXADC5'. [/home/physics/Labs/week22/week23_20190507_gaincontrol/week23_20190507_gaincontrol.srcs/constrs_1/imports/Labs/Basys3_Master.xdc:224]
CRITICAL WARNING: [Common 17-55] 'set_property' expects at least one object. [/home/physics/Labs/week22/week23_20190507_gaincontrol/week23_20190507_gaincontrol.srcs/constrs_1/imports/Labs/Basys3_Master.xdc:224]
Resolution: If [get_<value>] was used to populate the object, check to make sure this command returns at least one valid object.
WARNING: [Vivado 12-584] No ports matched 'JXADC5'. [/home/physics/Labs/week22/week23_20190507_gaincontrol/week23_20190507_gaincontrol.srcs/constrs_1/imports/Labs/Basys3_Master.xdc:225]
CRITICAL WARNING: [Common 17-55] 'set_property' expects at least one object. [/home/physics/Labs/week22/week23_20190507_gaincontrol/week23_20190507_gaincontrol.srcs/constrs_1/imports/Labs/Basys3_Master.xdc:225]
Resolution: If [get_<value>] was used to populate the object, check to make sure this command returns at least one valid object.
Finished Parsing XDC File [/home/physics/Labs/week22/week23_20190507_gaincontrol/week23_20190507_gaincontrol.srcs/constrs_1/imports/Labs/Basys3_Master.xdc]
Completed Processing XDC Constraints

INFO: [Project 1-111] Unisim Transformation Summary:
No Unisim elements were transformed.

Constraint Validation Runtime : Time (s): cpu = 00:00:00 ; elapsed = 00:00:00 . Memory (MB): peak = 1172.465 ; gain = 0.000 ; free physical = 796 ; free virtual = 11392
---------------------------------------------------------------------------------
Finished Constraint Validation : Time (s): cpu = 00:00:09 ; elapsed = 00:00:09 . Memory (MB): peak = 1172.465 ; gain = 393.871 ; free physical = 796 ; free virtual = 11392
---------------------------------------------------------------------------------
---------------------------------------------------------------------------------
Start Loading Part and Timing Information
---------------------------------------------------------------------------------
Loading part: xc7a35tcpg236-1
---------------------------------------------------------------------------------
Finished Loading Part and Timing Information : Time (s): cpu = 00:00:09 ; elapsed = 00:00:09 . Memory (MB): peak = 1172.465 ; gain = 393.871 ; free physical = 796 ; free virtual = 11392
---------------------------------------------------------------------------------
---------------------------------------------------------------------------------
Start Applying 'set_property' XDC Constraints
---------------------------------------------------------------------------------
---------------------------------------------------------------------------------
Finished applying 'set_property' XDC Constraints : Time (s): cpu = 00:00:09 ; elapsed = 00:00:10 . Memory (MB): peak = 1172.465 ; gain = 393.871 ; free physical = 796 ; free virtual = 11392
---------------------------------------------------------------------------------
---------------------------------------------------------------------------------
Finished RTL Optimization Phase 2 : Time (s): cpu = 00:00:09 ; elapsed = 00:00:10 . Memory (MB): peak = 1172.465 ; gain = 393.871 ; free physical = 789 ; free virtual = 11385
---------------------------------------------------------------------------------

Report RTL Partitions: 
+-+--------------+------------+----------+
| |RTL Partition |Replication |Instances |
+-+--------------+------------+----------+
+-+--------------+------------+----------+
---------------------------------------------------------------------------------
Start RTL Component Statistics 
---------------------------------------------------------------------------------
Detailed RTL Component Info : 
---------------------------------------------------------------------------------
Finished RTL Component Statistics 
---------------------------------------------------------------------------------
---------------------------------------------------------------------------------
Start RTL Hierarchical Component Statistics 
---------------------------------------------------------------------------------
Hierarchical RTL Component report 
---------------------------------------------------------------------------------
Finished RTL Hierarchical Component Statistics
---------------------------------------------------------------------------------
---------------------------------------------------------------------------------
Start Part Resource Summary
---------------------------------------------------------------------------------
Part Resources:
DSPs: 120 (col length:60)
BRAMs: 150 (col length: RAMB18 60 RAMB36 30)
---------------------------------------------------------------------------------
Finished Part Resource Summary
---------------------------------------------------------------------------------
Start Parallel Synthesis Optimization  : Time (s): cpu = 00:00:09 ; elapsed = 00:00:10 . Memory (MB): peak = 1172.465 ; gain = 393.871 ; free physical = 789 ; free virtual = 11385
---------------------------------------------------------------------------------
Start Cross Boundary Optimization
---------------------------------------------------------------------------------
DSP Report: Generating DSP data_full, operation Mode is: A*B.
DSP Report: operator data_full is absorbed into DSP data_full.
WARNING: [Synth 8-3917] design gaincontrol has port dataout[15] driven by constant 0
WARNING: [Synth 8-3917] design gaincontrol has port dataout[14] driven by constant 0
WARNING: [Synth 8-3917] design gaincontrol has port dataout[13] driven by constant 0
WARNING: [Synth 8-3917] design gaincontrol has port dataout[12] driven by constant 0
WARNING: [Synth 8-3331] design gaincontrol has unconnected port clk
---------------------------------------------------------------------------------
Finished Cross Boundary Optimization : Time (s): cpu = 00:00:10 ; elapsed = 00:00:10 . Memory (MB): peak = 1172.465 ; gain = 393.871 ; free physical = 789 ; free virtual = 11385
---------------------------------------------------------------------------------
Finished Parallel Reinference  : Time (s): cpu = 00:00:10 ; elapsed = 00:00:10 . Memory (MB): peak = 1172.465 ; gain = 393.871 ; free physical = 789 ; free virtual = 11385

Report RTL Partitions: 
+-+--------------+------------+----------+
| |RTL Partition |Replication |Instances |
+-+--------------+------------+----------+
+-+--------------+------------+----------+
---------------------------------------------------------------------------------
Start ROM, RAM, DSP and Shift Register Reporting
---------------------------------------------------------------------------------

DSP:
+------------+-------------+--------------+--------+--------+--------+--------+--------+------+------+------+------+-------+------+------+
|Module Name | DSP Mapping | Neg Edge Clk | A Size | B Size | C Size | D Size | P Size | AREG | BREG | CREG | DREG | ADREG | MREG | PREG | 
+------------+-------------+--------------+--------+--------+--------+--------+--------+------+------+------+------+-------+------+------+
|gaincontrol | A*B         | No           | 16     | 16     | 48     | 25     | 32     | 0    | 0    | 1    | 1    | 1     | 0    | 0    | 
+------------+-------------+--------------+--------+--------+--------+--------+--------+------+------+------+------+-------+------+------+

Note: The table shows the DSPs inferred at the current stage of the synthesis flow. Some DSP may be reimplemented as non DSP primitives later in the synthesis flow. Multiple instantiated DSPs are reported only once.
---------------------------------------------------------------------------------
Finished ROM, RAM, DSP and Shift Register Reporting
---------------------------------------------------------------------------------
---------------------------------------------------------------------------------
Start Area Optimization
---------------------------------------------------------------------------------
---------------------------------------------------------------------------------
Finished Area Optimization : Time (s): cpu = 00:00:10 ; elapsed = 00:00:10 . Memory (MB): peak = 1172.465 ; gain = 393.871 ; free physical = 789 ; free virtual = 11385
---------------------------------------------------------------------------------
Finished Parallel Area Optimization  : Time (s): cpu = 00:00:10 ; elapsed = 00:00:10 . Memory (MB): peak = 1172.465 ; gain = 393.871 ; free physical = 789 ; free virtual = 11385

Report RTL Partitions: 
+-+--------------+------------+----------+
| |RTL Partition |Replication |Instances |
+-+--------------+------------+----------+
+-+--------------+------------+----------+
Finished Parallel Synthesis Optimization  : Time (s): cpu = 00:00:10 ; elapsed = 00:00:10 . Memory (MB): peak = 1172.465 ; gain = 393.871 ; free physical = 789 ; free virtual = 11385
---------------------------------------------------------------------------------
Start Timing Optimization
---------------------------------------------------------------------------------
---------------------------------------------------------------------------------
Start Applying XDC Timing Constraints
---------------------------------------------------------------------------------
---------------------------------------------------------------------------------
Finished Applying XDC Timing Constraints : Time (s): cpu = 00:00:18 ; elapsed = 00:00:18 . Memory (MB): peak = 1245.465 ; gain = 466.871 ; free physical = 707 ; free virtual = 11303
---------------------------------------------------------------------------------
---------------------------------------------------------------------------------
Finished Timing Optimization : Time (s): cpu = 00:00:18 ; elapsed = 00:00:18 . Memory (MB): peak = 1245.465 ; gain = 466.871 ; free physical = 707 ; free virtual = 11303
---------------------------------------------------------------------------------

Report RTL Partitions: 
+-+--------------+------------+----------+
| |RTL Partition |Replication |Instances |
+-+--------------+------------+----------+
+-+--------------+------------+----------+
---------------------------------------------------------------------------------
Start Technology Mapping
---------------------------------------------------------------------------------
---------------------------------------------------------------------------------
Finished Technology Mapping : Time (s): cpu = 00:00:18 ; elapsed = 00:00:18 . Memory (MB): peak = 1255.480 ; gain = 476.887 ; free physical = 698 ; free virtual = 11294
---------------------------------------------------------------------------------

Report RTL Partitions: 
+-+--------------+------------+----------+
| |RTL Partition |Replication |Instances |
+-+--------------+------------+----------+
+-+--------------+------------+----------+
---------------------------------------------------------------------------------
Start IO Insertion
---------------------------------------------------------------------------------
---------------------------------------------------------------------------------
Start Final Netlist Cleanup
---------------------------------------------------------------------------------
---------------------------------------------------------------------------------
Finished Final Netlist Cleanup
---------------------------------------------------------------------------------
---------------------------------------------------------------------------------
Finished IO Insertion : Time (s): cpu = 00:00:18 ; elapsed = 00:00:18 . Memory (MB): peak = 1255.480 ; gain = 476.887 ; free physical = 698 ; free virtual = 11294
---------------------------------------------------------------------------------

Report Check Netlist: 
+------+------------------+-------+---------+-------+------------------+
|      |Item              |Errors |Warnings |Status |Description       |
+------+------------------+-------+---------+-------+------------------+
|1     |multi_driven_nets |      0|        0|Passed |Multi driven nets |
+------+------------------+-------+---------+-------+------------------+
---------------------------------------------------------------------------------
Start Renaming Generated Instances
---------------------------------------------------------------------------------
---------------------------------------------------------------------------------
Finished Renaming Generated Instances : Time (s): cpu = 00:00:18 ; elapsed = 00:00:18 . Memory (MB): peak = 1255.480 ; gain = 476.887 ; free physical = 698 ; free virtual = 11294
---------------------------------------------------------------------------------

Report RTL Partitions: 
+-+--------------+------------+----------+
| |RTL Partition |Replication |Instances |
+-+--------------+------------+----------+
+-+--------------+------------+----------+
---------------------------------------------------------------------------------
Start Rebuilding User Hierarchy
---------------------------------------------------------------------------------
---------------------------------------------------------------------------------
Finished Rebuilding User Hierarchy : Time (s): cpu = 00:00:18 ; elapsed = 00:00:18 . Memory (MB): peak = 1255.480 ; gain = 476.887 ; free physical = 698 ; free virtual = 11294
---------------------------------------------------------------------------------
---------------------------------------------------------------------------------
Start Renaming Generated Ports : Time (s): cpu = 00:00:18 ; elapsed = 00:00:18 . Memory (MB): peak = 1255.480 ; gain = 476.887 ; free physical = 698 ; free virtual = 11294
---------------------------------------------------------------------------------
---------------------------------------------------------------------------------
Finished Renaming Generated Ports : Time (s): cpu = 00:00:18 ; elapsed = 00:00:18 . Memory (MB): peak = 1255.480 ; gain = 476.887 ; free physical = 698 ; free virtual = 11294
---------------------------------------------------------------------------------
---------------------------------------------------------------------------------
Start Writing Synthesis Report
---------------------------------------------------------------------------------

Report BlackBoxes: 
+-+--------------+----------+
| |BlackBox name |Instances |
+-+--------------+----------+
+-+--------------+----------+

Report Cell Usage: 
+------+--------+------+
|      |Cell    |Count |
+------+--------+------+
|1     |DSP48E1 |     1|
|2     |IBUF    |    32|
|3     |OBUF    |    16|
+------+--------+------+

Report Instance Areas: 
+------+---------+-------+------+
|      |Instance |Module |Cells |
+------+---------+-------+------+
|1     |top      |       |    49|
+------+---------+-------+------+
---------------------------------------------------------------------------------
Finished Writing Synthesis Report : Time (s): cpu = 00:00:18 ; elapsed = 00:00:18 . Memory (MB): peak = 1255.480 ; gain = 476.887 ; free physical = 698 ; free virtual = 11294
---------------------------------------------------------------------------------
Synthesis finished with 0 errors, 0 critical warnings and 5 warnings.
Synthesis Optimization Runtime : Time (s): cpu = 00:00:13 ; elapsed = 00:00:13 . Memory (MB): peak = 1255.480 ; gain = 154.297 ; free physical = 698 ; free virtual = 11294
Synthesis Optimization Complete : Time (s): cpu = 00:00:18 ; elapsed = 00:00:18 . Memory (MB): peak = 1255.480 ; gain = 476.887 ; free physical = 698 ; free virtual = 11294
INFO: [Project 1-571] Translating synthesized netlist
INFO: [Netlist 29-17] Analyzing 33 Unisim elements for replacement
INFO: [Netlist 29-28] Unisim Transformation completed in 0 CPU seconds
INFO: [Project 1-570] Preparing netlist for logic optimization
INFO: [Opt 31-138] Pushed 0 inverter(s) to 0 load pin(s).
INFO: [Project 1-111] Unisim Transformation Summary:
No Unisim elements were transformed.

INFO: [Common 17-83] Releasing license: Synthesis
14 Infos, 20 Warnings, 8 Critical Warnings and 0 Errors encountered.
synth_design completed successfully
synth_design: Time (s): cpu = 00:00:17 ; elapsed = 00:00:17 . Memory (MB): peak = 1255.480 ; gain = 368.430 ; free physical = 699 ; free virtual = 11295
report_utilization: Time (s): cpu = 00:00:00.67 ; elapsed = 00:00:00.70 . Memory (MB): peak = 1263.484 ; gain = 0.000 ; free physical = 697 ; free virtual = 11293
INFO: [Common 17-206] Exiting Vivado at Tue May 14 16:55:18 2019...
