Copyright 1986-2015 Xilinx, Inc. All Rights Reserved.
-----------------------------------------------------------------------------------------------------------------------------------------------------
| Tool Version : Vivado v.2015.1 (lin64) Build 1215546 Mon Apr 27 19:07:21 MDT 2015
| Date         : Tue Mar 19 14:44:14 2019
| Host         : physics-ThinkPad-13-2nd-Gen running 64-bit Ubuntu 16.04.5 LTS
| Command      : report_timing_summary -warn_on_violation -max_paths 10 -file potdiv_timing_summary_routed.rpt -rpx potdiv_timing_summary_routed.rpx
| Design       : potdiv
| Device       : 7a35t-cpg236
| Speed File   : -1  PRODUCTION 1.14 2014-09-11
-----------------------------------------------------------------------------------------------------------------------------------------------------

Timing Summary Report

------------------------------------------------------------------------------------------------
| Timer Settings
| --------------
------------------------------------------------------------------------------------------------

  Enable Multi Corner Analysis               :  Yes
  Enable Pessimism Removal                   :  Yes
  Pessimism Removal Resolution               :  Nearest Common Node
  Enable Input Delay Default Clock           :  No
  Enable Preset / Clear Arcs                 :  No
  Disable Flight Delays                      :  No

  Corner  Analyze    Analyze    
  Name    Max Paths  Min Paths  
  ------  ---------  ---------  
  Slow    Yes        Yes        
  Fast    Yes        Yes        



check_timing report

Table of Contents
-----------------
1. checking no_clock
2. checking constant_clock
3. checking pulse_width_clock
4. checking unconstrained_internal_endpoints
5. checking no_input_delay
6. checking no_output_delay
7. checking multiple_clock
8. checking generated_clocks
9. checking loops
10. checking partial_input_delay
11. checking partial_output_delay
12. checking latch_loops

1. checking no_clock
--------------------
 There are 0 register/latch pins with no clock.


2. checking constant_clock
--------------------------
 There are 0 register/latch pins with constant_clock.


3. checking pulse_width_clock
-----------------------------
 There are 0 register/latch pins which need pulse_width check


4. checking unconstrained_internal_endpoints
--------------------------------------------
 There are 0 pins that are not constrained for maximum delay.

 There are 0 pins that are not constrained for maximum delay due to constant clock.


5. checking no_input_delay
--------------------------
 There are 0 input ports with no input delay specified.

 There are 0 input ports with no input delay but user has a false path constraint.


6. checking no_output_delay
---------------------------
 There are 18 ports with no output delay specified. (HIGH)

 There are 0 ports with no output delay but user has a false path constraint

 There are 0 ports with no output delay but with a timing clock defined on it or propagating through it


7. checking multiple_clock
--------------------------
 There are 0 register/latch pins with multiple clocks.


8. checking generated_clocks
----------------------------
 There are 0 generated clocks that are not connected to a clock source.


9. checking loops
-----------------
 There are 0 combinational loops in the design.


10. checking partial_input_delay
--------------------------------
 There are 0 input ports with partial input delay specified.


11. checking partial_output_delay
---------------------------------
 There are 0 ports with partial output delay specified.


12. checking latch_loops
------------------------
 There are 0 combinational latch loops in the design through latch input



------------------------------------------------------------------------------------------------
| Design Timing Summary
| ---------------------
------------------------------------------------------------------------------------------------

    WNS(ns)      TNS(ns)  TNS Failing Endpoints  TNS Total Endpoints      WHS(ns)      THS(ns)  THS Failing Endpoints  THS Total Endpoints     WPWS(ns)     TPWS(ns)  TPWS Failing Endpoints  TPWS Total Endpoints  
    -------      -------  ---------------------  -------------------      -------      -------  ---------------------  -------------------     --------     --------  ----------------------  --------------------  
      7.424        0.000                      0                   32        0.221        0.000                      0                   32        4.500        0.000                       0                    18  


All user specified timing constraints are met.


------------------------------------------------------------------------------------------------
| Clock Summary
| -------------
------------------------------------------------------------------------------------------------

Clock        Waveform(ns)       Period(ns)      Frequency(MHz)
-----        ------------       ----------      --------------
sys_clk_pin  {0.000 5.000}      10.000          100.000         


------------------------------------------------------------------------------------------------
| Intra Clock Table
| -----------------
------------------------------------------------------------------------------------------------

Clock             WNS(ns)      TNS(ns)  TNS Failing Endpoints  TNS Total Endpoints      WHS(ns)      THS(ns)  THS Failing Endpoints  THS Total Endpoints     WPWS(ns)     TPWS(ns)  TPWS Failing Endpoints  TPWS Total Endpoints  
-----             -------      -------  ---------------------  -------------------      -------      -------  ---------------------  -------------------     --------     --------  ----------------------  --------------------  
sys_clk_pin         7.424        0.000                      0                   32        0.221        0.000                      0                   32        4.500        0.000                       0                    18  


------------------------------------------------------------------------------------------------
| Inter Clock Table
| -----------------
------------------------------------------------------------------------------------------------

From Clock    To Clock          WNS(ns)      TNS(ns)  TNS Failing Endpoints  TNS Total Endpoints      WHS(ns)      THS(ns)  THS Failing Endpoints  THS Total Endpoints  
----------    --------          -------      -------  ---------------------  -------------------      -------      -------  ---------------------  -------------------  


------------------------------------------------------------------------------------------------
| Other Path Groups Table
| -----------------------
------------------------------------------------------------------------------------------------

Path Group    From Clock    To Clock          WNS(ns)      TNS(ns)  TNS Failing Endpoints  TNS Total Endpoints      WHS(ns)      THS(ns)  THS Failing Endpoints  THS Total Endpoints  
----------    ----------    --------          -------      -------  ---------------------  -------------------      -------      -------  ---------------------  -------------------  


------------------------------------------------------------------------------------------------
| Timing Details
| --------------
------------------------------------------------------------------------------------------------


---------------------------------------------------------------------------------------------------
From Clock:  sys_clk_pin
  To Clock:  sys_clk_pin

Setup :            0  Failing Endpoints,  Worst Slack        7.424ns,  Total Violation        0.000ns
Hold  :            0  Failing Endpoints,  Worst Slack        0.221ns,  Total Violation        0.000ns
PW    :            0  Failing Endpoints,  Worst Slack        4.500ns,  Total Violation        0.000ns
---------------------------------------------------------------------------------------------------


Max Delay Paths
--------------------------------------------------------------------------------------
Slack (MET) :             7.424ns  (required time - arrival time)
  Source:                 myadc/U0/DCLK
                            (rising edge-triggered cell XADC clocked by sys_clk_pin  {rise@0.000ns fall@5.000ns period=10.000ns})
  Destination:            output_reg_reg[10]/CE
                            (rising edge-triggered cell FDRE clocked by sys_clk_pin  {rise@0.000ns fall@5.000ns period=10.000ns})
  Path Group:             sys_clk_pin
  Path Type:              Setup (Max at Slow Process Corner)
  Requirement:            10.000ns  (sys_clk_pin rise@10.000ns - sys_clk_pin rise@0.000ns)
  Data Path Delay:        2.262ns  (logic 1.204ns (53.226%)  route 1.058ns (46.773%))
  Logic Levels:           0  
  Clock Path Skew:        -0.109ns (DCD - SCD + CPR)
    Destination Clock Delay (DCD):    4.759ns = ( 14.759 - 10.000 ) 
    Source Clock Delay      (SCD):    5.055ns
    Clock Pessimism Removal (CPR):    0.187ns
  Clock Uncertainty:      0.035ns  ((TSJ^2 + TIJ^2)^1/2 + DJ) / 2 + PE
    Total System Jitter     (TSJ):    0.071ns
    Total Input Jitter      (TIJ):    0.000ns
    Discrete Jitter          (DJ):    0.000ns
    Phase Error              (PE):    0.000ns

    Location             Delay type                Incr(ns)  Path(ns)    Netlist Resource(s)
  -------------------------------------------------------------------    -------------------
                         (clock sys_clk_pin rise edge)
                                                      0.000     0.000 r  
    W5                                                0.000     0.000 r  clk (IN)
                         net (fo=0)                   0.000     0.000    clk
    W5                   IBUF (Prop_ibuf_I_O)         1.458     1.458 r  clk_IBUF_inst/O
                         net (fo=1, routed)           1.967     3.425    clk_IBUF
    BUFGCTRL_X0Y0        BUFG (Prop_bufg_I_O)         0.096     3.521 r  clk_IBUF_BUFG_inst/O
                         net (fo=17, routed)          1.534     5.055    myadc/dclk_in
    XADC_X0Y0            XADC                                         r  myadc/U0/DCLK
  -------------------------------------------------------------------    -------------------
    XADC_X0Y0            XADC (Prop_xadc_DCLK_DRDY)
                                                      1.204     6.259 r  myadc/U0/DRDY
                         net (fo=17, routed)          1.058     7.317    JC3_OBUF
    SLICE_X38Y74         FDRE                                         r  output_reg_reg[10]/CE
  -------------------------------------------------------------------    -------------------

                         (clock sys_clk_pin rise edge)
                                                     10.000    10.000 r  
    W5                                                0.000    10.000 r  clk (IN)
                         net (fo=0)                   0.000    10.000    clk
    W5                   IBUF (Prop_ibuf_I_O)         1.388    11.388 r  clk_IBUF_inst/O
                         net (fo=1, routed)           1.862    13.250    clk_IBUF
    BUFGCTRL_X0Y0        BUFG (Prop_bufg_I_O)         0.091    13.341 r  clk_IBUF_BUFG_inst/O
                         net (fo=17, routed)          1.418    14.759    clk_IBUF_BUFG
    SLICE_X38Y74         FDRE                                         r  output_reg_reg[10]/C
                         clock pessimism              0.187    14.946    
                         clock uncertainty           -0.035    14.910    
    SLICE_X38Y74         FDRE (Setup_fdre_C_CE)      -0.169    14.741    output_reg_reg[10]
  -------------------------------------------------------------------
                         required time                         14.741    
                         arrival time                          -7.317    
  -------------------------------------------------------------------
                         slack                                  7.424    

Slack (MET) :             7.424ns  (required time - arrival time)
  Source:                 myadc/U0/DCLK
                            (rising edge-triggered cell XADC clocked by sys_clk_pin  {rise@0.000ns fall@5.000ns period=10.000ns})
  Destination:            output_reg_reg[11]/CE
                            (rising edge-triggered cell FDRE clocked by sys_clk_pin  {rise@0.000ns fall@5.000ns period=10.000ns})
  Path Group:             sys_clk_pin
  Path Type:              Setup (Max at Slow Process Corner)
  Requirement:            10.000ns  (sys_clk_pin rise@10.000ns - sys_clk_pin rise@0.000ns)
  Data Path Delay:        2.262ns  (logic 1.204ns (53.226%)  route 1.058ns (46.773%))
  Logic Levels:           0  
  Clock Path Skew:        -0.109ns (DCD - SCD + CPR)
    Destination Clock Delay (DCD):    4.759ns = ( 14.759 - 10.000 ) 
    Source Clock Delay      (SCD):    5.055ns
    Clock Pessimism Removal (CPR):    0.187ns
  Clock Uncertainty:      0.035ns  ((TSJ^2 + TIJ^2)^1/2 + DJ) / 2 + PE
    Total System Jitter     (TSJ):    0.071ns
    Total Input Jitter      (TIJ):    0.000ns
    Discrete Jitter          (DJ):    0.000ns
    Phase Error              (PE):    0.000ns

    Location             Delay type                Incr(ns)  Path(ns)    Netlist Resource(s)
  -------------------------------------------------------------------    -------------------
                         (clock sys_clk_pin rise edge)
                                                      0.000     0.000 r  
    W5                                                0.000     0.000 r  clk (IN)
                         net (fo=0)                   0.000     0.000    clk
    W5                   IBUF (Prop_ibuf_I_O)         1.458     1.458 r  clk_IBUF_inst/O
                         net (fo=1, routed)           1.967     3.425    clk_IBUF
    BUFGCTRL_X0Y0        BUFG (Prop_bufg_I_O)         0.096     3.521 r  clk_IBUF_BUFG_inst/O
                         net (fo=17, routed)          1.534     5.055    myadc/dclk_in
    XADC_X0Y0            XADC                                         r  myadc/U0/DCLK
  -------------------------------------------------------------------    -------------------
    XADC_X0Y0            XADC (Prop_xadc_DCLK_DRDY)
                                                      1.204     6.259 r  myadc/U0/DRDY
                         net (fo=17, routed)          1.058     7.317    JC3_OBUF
    SLICE_X38Y74         FDRE                                         r  output_reg_reg[11]/CE
  -------------------------------------------------------------------    -------------------

                         (clock sys_clk_pin rise edge)
                                                     10.000    10.000 r  
    W5                                                0.000    10.000 r  clk (IN)
                         net (fo=0)                   0.000    10.000    clk
    W5                   IBUF (Prop_ibuf_I_O)         1.388    11.388 r  clk_IBUF_inst/O
                         net (fo=1, routed)           1.862    13.250    clk_IBUF
    BUFGCTRL_X0Y0        BUFG (Prop_bufg_I_O)         0.091    13.341 r  clk_IBUF_BUFG_inst/O
                         net (fo=17, routed)          1.418    14.759    clk_IBUF_BUFG
    SLICE_X38Y74         FDRE                                         r  output_reg_reg[11]/C
                         clock pessimism              0.187    14.946    
                         clock uncertainty           -0.035    14.910    
    SLICE_X38Y74         FDRE (Setup_fdre_C_CE)      -0.169    14.741    output_reg_reg[11]
  -------------------------------------------------------------------
                         required time                         14.741    
                         arrival time                          -7.317    
  -------------------------------------------------------------------
                         slack                                  7.424    

Slack (MET) :             7.424ns  (required time - arrival time)
  Source:                 myadc/U0/DCLK
                            (rising edge-triggered cell XADC clocked by sys_clk_pin  {rise@0.000ns fall@5.000ns period=10.000ns})
  Destination:            output_reg_reg[14]/CE
                            (rising edge-triggered cell FDRE clocked by sys_clk_pin  {rise@0.000ns fall@5.000ns period=10.000ns})
  Path Group:             sys_clk_pin
  Path Type:              Setup (Max at Slow Process Corner)
  Requirement:            10.000ns  (sys_clk_pin rise@10.000ns - sys_clk_pin rise@0.000ns)
  Data Path Delay:        2.262ns  (logic 1.204ns (53.226%)  route 1.058ns (46.773%))
  Logic Levels:           0  
  Clock Path Skew:        -0.109ns (DCD - SCD + CPR)
    Destination Clock Delay (DCD):    4.759ns = ( 14.759 - 10.000 ) 
    Source Clock Delay      (SCD):    5.055ns
    Clock Pessimism Removal (CPR):    0.187ns
  Clock Uncertainty:      0.035ns  ((TSJ^2 + TIJ^2)^1/2 + DJ) / 2 + PE
    Total System Jitter     (TSJ):    0.071ns
    Total Input Jitter      (TIJ):    0.000ns
    Discrete Jitter          (DJ):    0.000ns
    Phase Error              (PE):    0.000ns

    Location             Delay type                Incr(ns)  Path(ns)    Netlist Resource(s)
  -------------------------------------------------------------------    -------------------
                         (clock sys_clk_pin rise edge)
                                                      0.000     0.000 r  
    W5                                                0.000     0.000 r  clk (IN)
                         net (fo=0)                   0.000     0.000    clk
    W5                   IBUF (Prop_ibuf_I_O)         1.458     1.458 r  clk_IBUF_inst/O
                         net (fo=1, routed)           1.967     3.425    clk_IBUF
    BUFGCTRL_X0Y0        BUFG (Prop_bufg_I_O)         0.096     3.521 r  clk_IBUF_BUFG_inst/O
                         net (fo=17, routed)          1.534     5.055    myadc/dclk_in
    XADC_X0Y0            XADC                                         r  myadc/U0/DCLK
  -------------------------------------------------------------------    -------------------
    XADC_X0Y0            XADC (Prop_xadc_DCLK_DRDY)
                                                      1.204     6.259 r  myadc/U0/DRDY
                         net (fo=17, routed)          1.058     7.317    JC3_OBUF
    SLICE_X38Y74         FDRE                                         r  output_reg_reg[14]/CE
  -------------------------------------------------------------------    -------------------

                         (clock sys_clk_pin rise edge)
                                                     10.000    10.000 r  
    W5                                                0.000    10.000 r  clk (IN)
                         net (fo=0)                   0.000    10.000    clk
    W5                   IBUF (Prop_ibuf_I_O)         1.388    11.388 r  clk_IBUF_inst/O
                         net (fo=1, routed)           1.862    13.250    clk_IBUF
    BUFGCTRL_X0Y0        BUFG (Prop_bufg_I_O)         0.091    13.341 r  clk_IBUF_BUFG_inst/O
                         net (fo=17, routed)          1.418    14.759    clk_IBUF_BUFG
    SLICE_X38Y74         FDRE                                         r  output_reg_reg[14]/C
                         clock pessimism              0.187    14.946    
                         clock uncertainty           -0.035    14.910    
    SLICE_X38Y74         FDRE (Setup_fdre_C_CE)      -0.169    14.741    output_reg_reg[14]
  -------------------------------------------------------------------
                         required time                         14.741    
                         arrival time                          -7.317    
  -------------------------------------------------------------------
                         slack                                  7.424    

Slack (MET) :             7.424ns  (required time - arrival time)
  Source:                 myadc/U0/DCLK
                            (rising edge-triggered cell XADC clocked by sys_clk_pin  {rise@0.000ns fall@5.000ns period=10.000ns})
  Destination:            output_reg_reg[9]/CE
                            (rising edge-triggered cell FDRE clocked by sys_clk_pin  {rise@0.000ns fall@5.000ns period=10.000ns})
  Path Group:             sys_clk_pin
  Path Type:              Setup (Max at Slow Process Corner)
  Requirement:            10.000ns  (sys_clk_pin rise@10.000ns - sys_clk_pin rise@0.000ns)
  Data Path Delay:        2.262ns  (logic 1.204ns (53.226%)  route 1.058ns (46.773%))
  Logic Levels:           0  
  Clock Path Skew:        -0.109ns (DCD - SCD + CPR)
    Destination Clock Delay (DCD):    4.759ns = ( 14.759 - 10.000 ) 
    Source Clock Delay      (SCD):    5.055ns
    Clock Pessimism Removal (CPR):    0.187ns
  Clock Uncertainty:      0.035ns  ((TSJ^2 + TIJ^2)^1/2 + DJ) / 2 + PE
    Total System Jitter     (TSJ):    0.071ns
    Total Input Jitter      (TIJ):    0.000ns
    Discrete Jitter          (DJ):    0.000ns
    Phase Error              (PE):    0.000ns

    Location             Delay type                Incr(ns)  Path(ns)    Netlist Resource(s)
  -------------------------------------------------------------------    -------------------
                         (clock sys_clk_pin rise edge)
                                                      0.000     0.000 r  
    W5                                                0.000     0.000 r  clk (IN)
                         net (fo=0)                   0.000     0.000    clk
    W5                   IBUF (Prop_ibuf_I_O)         1.458     1.458 r  clk_IBUF_inst/O
                         net (fo=1, routed)           1.967     3.425    clk_IBUF
    BUFGCTRL_X0Y0        BUFG (Prop_bufg_I_O)         0.096     3.521 r  clk_IBUF_BUFG_inst/O
                         net (fo=17, routed)          1.534     5.055    myadc/dclk_in
    XADC_X0Y0            XADC                                         r  myadc/U0/DCLK
  -------------------------------------------------------------------    -------------------
    XADC_X0Y0            XADC (Prop_xadc_DCLK_DRDY)
                                                      1.204     6.259 r  myadc/U0/DRDY
                         net (fo=17, routed)          1.058     7.317    JC3_OBUF
    SLICE_X38Y74         FDRE                                         r  output_reg_reg[9]/CE
  -------------------------------------------------------------------    -------------------

                         (clock sys_clk_pin rise edge)
                                                     10.000    10.000 r  
    W5                                                0.000    10.000 r  clk (IN)
                         net (fo=0)                   0.000    10.000    clk
    W5                   IBUF (Prop_ibuf_I_O)         1.388    11.388 r  clk_IBUF_inst/O
                         net (fo=1, routed)           1.862    13.250    clk_IBUF
    BUFGCTRL_X0Y0        BUFG (Prop_bufg_I_O)         0.091    13.341 r  clk_IBUF_BUFG_inst/O
                         net (fo=17, routed)          1.418    14.759    clk_IBUF_BUFG
    SLICE_X38Y74         FDRE                                         r  output_reg_reg[9]/C
                         clock pessimism              0.187    14.946    
                         clock uncertainty           -0.035    14.910    
    SLICE_X38Y74         FDRE (Setup_fdre_C_CE)      -0.169    14.741    output_reg_reg[9]
  -------------------------------------------------------------------
                         required time                         14.741    
                         arrival time                          -7.317    
  -------------------------------------------------------------------
                         slack                                  7.424    

Slack (MET) :             7.466ns  (required time - arrival time)
  Source:                 myadc/U0/DCLK
                            (rising edge-triggered cell XADC clocked by sys_clk_pin  {rise@0.000ns fall@5.000ns period=10.000ns})
  Destination:            output_reg_reg[1]/CE
                            (rising edge-triggered cell FDRE clocked by sys_clk_pin  {rise@0.000ns fall@5.000ns period=10.000ns})
  Path Group:             sys_clk_pin
  Path Type:              Setup (Max at Slow Process Corner)
  Requirement:            10.000ns  (sys_clk_pin rise@10.000ns - sys_clk_pin rise@0.000ns)
  Data Path Delay:        2.260ns  (logic 1.204ns (53.286%)  route 1.056ns (46.714%))
  Logic Levels:           0  
  Clock Path Skew:        -0.034ns (DCD - SCD + CPR)
    Destination Clock Delay (DCD):    4.763ns = ( 14.763 - 10.000 ) 
    Source Clock Delay      (SCD):    5.055ns
    Clock Pessimism Removal (CPR):    0.258ns
  Clock Uncertainty:      0.035ns  ((TSJ^2 + TIJ^2)^1/2 + DJ) / 2 + PE
    Total System Jitter     (TSJ):    0.071ns
    Total Input Jitter      (TIJ):    0.000ns
    Discrete Jitter          (DJ):    0.000ns
    Phase Error              (PE):    0.000ns

    Location             Delay type                Incr(ns)  Path(ns)    Netlist Resource(s)
  -------------------------------------------------------------------    -------------------
                         (clock sys_clk_pin rise edge)
                                                      0.000     0.000 r  
    W5                                                0.000     0.000 r  clk (IN)
                         net (fo=0)                   0.000     0.000    clk
    W5                   IBUF (Prop_ibuf_I_O)         1.458     1.458 r  clk_IBUF_inst/O
                         net (fo=1, routed)           1.967     3.425    clk_IBUF
    BUFGCTRL_X0Y0        BUFG (Prop_bufg_I_O)         0.096     3.521 r  clk_IBUF_BUFG_inst/O
                         net (fo=17, routed)          1.534     5.055    myadc/dclk_in
    XADC_X0Y0            XADC                                         r  myadc/U0/DCLK
  -------------------------------------------------------------------    -------------------
    XADC_X0Y0            XADC (Prop_xadc_DCLK_DRDY)
                                                      1.204     6.259 r  myadc/U0/DRDY
                         net (fo=17, routed)          1.056     7.314    JC3_OBUF
    SLICE_X29Y73         FDRE                                         r  output_reg_reg[1]/CE
  -------------------------------------------------------------------    -------------------

                         (clock sys_clk_pin rise edge)
                                                     10.000    10.000 r  
    W5                                                0.000    10.000 r  clk (IN)
                         net (fo=0)                   0.000    10.000    clk
    W5                   IBUF (Prop_ibuf_I_O)         1.388    11.388 r  clk_IBUF_inst/O
                         net (fo=1, routed)           1.862    13.250    clk_IBUF
    BUFGCTRL_X0Y0        BUFG (Prop_bufg_I_O)         0.091    13.341 r  clk_IBUF_BUFG_inst/O
                         net (fo=17, routed)          1.422    14.763    clk_IBUF_BUFG
    SLICE_X29Y73         FDRE                                         r  output_reg_reg[1]/C
                         clock pessimism              0.258    15.021    
                         clock uncertainty           -0.035    14.986    
    SLICE_X29Y73         FDRE (Setup_fdre_C_CE)      -0.205    14.781    output_reg_reg[1]
  -------------------------------------------------------------------
                         required time                         14.781    
                         arrival time                          -7.314    
  -------------------------------------------------------------------
                         slack                                  7.466    

Slack (MET) :             7.592ns  (required time - arrival time)
  Source:                 myadc/U0/DCLK
                            (rising edge-triggered cell XADC clocked by sys_clk_pin  {rise@0.000ns fall@5.000ns period=10.000ns})
  Destination:            output_reg_reg[12]/CE
                            (rising edge-triggered cell FDRE clocked by sys_clk_pin  {rise@0.000ns fall@5.000ns period=10.000ns})
  Path Group:             sys_clk_pin
  Path Type:              Setup (Max at Slow Process Corner)
  Requirement:            10.000ns  (sys_clk_pin rise@10.000ns - sys_clk_pin rise@0.000ns)
  Data Path Delay:        2.095ns  (logic 1.204ns (57.476%)  route 0.891ns (42.524%))
  Logic Levels:           0  
  Clock Path Skew:        -0.109ns (DCD - SCD + CPR)
    Destination Clock Delay (DCD):    4.759ns = ( 14.759 - 10.000 ) 
    Source Clock Delay      (SCD):    5.055ns
    Clock Pessimism Removal (CPR):    0.187ns
  Clock Uncertainty:      0.035ns  ((TSJ^2 + TIJ^2)^1/2 + DJ) / 2 + PE
    Total System Jitter     (TSJ):    0.071ns
    Total Input Jitter      (TIJ):    0.000ns
    Discrete Jitter          (DJ):    0.000ns
    Phase Error              (PE):    0.000ns

    Location             Delay type                Incr(ns)  Path(ns)    Netlist Resource(s)
  -------------------------------------------------------------------    -------------------
                         (clock sys_clk_pin rise edge)
                                                      0.000     0.000 r  
    W5                                                0.000     0.000 r  clk (IN)
                         net (fo=0)                   0.000     0.000    clk
    W5                   IBUF (Prop_ibuf_I_O)         1.458     1.458 r  clk_IBUF_inst/O
                         net (fo=1, routed)           1.967     3.425    clk_IBUF
    BUFGCTRL_X0Y0        BUFG (Prop_bufg_I_O)         0.096     3.521 r  clk_IBUF_BUFG_inst/O
                         net (fo=17, routed)          1.534     5.055    myadc/dclk_in
    XADC_X0Y0            XADC                                         r  myadc/U0/DCLK
  -------------------------------------------------------------------    -------------------
    XADC_X0Y0            XADC (Prop_xadc_DCLK_DRDY)
                                                      1.204     6.259 r  myadc/U0/DRDY
                         net (fo=17, routed)          0.891     7.150    JC3_OBUF
    SLICE_X38Y75         FDRE                                         r  output_reg_reg[12]/CE
  -------------------------------------------------------------------    -------------------

                         (clock sys_clk_pin rise edge)
                                                     10.000    10.000 r  
    W5                                                0.000    10.000 r  clk (IN)
                         net (fo=0)                   0.000    10.000    clk
    W5                   IBUF (Prop_ibuf_I_O)         1.388    11.388 r  clk_IBUF_inst/O
                         net (fo=1, routed)           1.862    13.250    clk_IBUF
    BUFGCTRL_X0Y0        BUFG (Prop_bufg_I_O)         0.091    13.341 r  clk_IBUF_BUFG_inst/O
                         net (fo=17, routed)          1.418    14.759    clk_IBUF_BUFG
    SLICE_X38Y75         FDRE                                         r  output_reg_reg[12]/C
                         clock pessimism              0.187    14.946    
                         clock uncertainty           -0.035    14.910    
    SLICE_X38Y75         FDRE (Setup_fdre_C_CE)      -0.169    14.741    output_reg_reg[12]
  -------------------------------------------------------------------
                         required time                         14.741    
                         arrival time                          -7.150    
  -------------------------------------------------------------------
                         slack                                  7.592    

Slack (MET) :             7.592ns  (required time - arrival time)
  Source:                 myadc/U0/DCLK
                            (rising edge-triggered cell XADC clocked by sys_clk_pin  {rise@0.000ns fall@5.000ns period=10.000ns})
  Destination:            output_reg_reg[13]/CE
                            (rising edge-triggered cell FDRE clocked by sys_clk_pin  {rise@0.000ns fall@5.000ns period=10.000ns})
  Path Group:             sys_clk_pin
  Path Type:              Setup (Max at Slow Process Corner)
  Requirement:            10.000ns  (sys_clk_pin rise@10.000ns - sys_clk_pin rise@0.000ns)
  Data Path Delay:        2.095ns  (logic 1.204ns (57.476%)  route 0.891ns (42.524%))
  Logic Levels:           0  
  Clock Path Skew:        -0.109ns (DCD - SCD + CPR)
    Destination Clock Delay (DCD):    4.759ns = ( 14.759 - 10.000 ) 
    Source Clock Delay      (SCD):    5.055ns
    Clock Pessimism Removal (CPR):    0.187ns
  Clock Uncertainty:      0.035ns  ((TSJ^2 + TIJ^2)^1/2 + DJ) / 2 + PE
    Total System Jitter     (TSJ):    0.071ns
    Total Input Jitter      (TIJ):    0.000ns
    Discrete Jitter          (DJ):    0.000ns
    Phase Error              (PE):    0.000ns

    Location             Delay type                Incr(ns)  Path(ns)    Netlist Resource(s)
  -------------------------------------------------------------------    -------------------
                         (clock sys_clk_pin rise edge)
                                                      0.000     0.000 r  
    W5                                                0.000     0.000 r  clk (IN)
                         net (fo=0)                   0.000     0.000    clk
    W5                   IBUF (Prop_ibuf_I_O)         1.458     1.458 r  clk_IBUF_inst/O
                         net (fo=1, routed)           1.967     3.425    clk_IBUF
    BUFGCTRL_X0Y0        BUFG (Prop_bufg_I_O)         0.096     3.521 r  clk_IBUF_BUFG_inst/O
                         net (fo=17, routed)          1.534     5.055    myadc/dclk_in
    XADC_X0Y0            XADC                                         r  myadc/U0/DCLK
  -------------------------------------------------------------------    -------------------
    XADC_X0Y0            XADC (Prop_xadc_DCLK_DRDY)
                                                      1.204     6.259 r  myadc/U0/DRDY
                         net (fo=17, routed)          0.891     7.150    JC3_OBUF
    SLICE_X38Y75         FDRE                                         r  output_reg_reg[13]/CE
  -------------------------------------------------------------------    -------------------

                         (clock sys_clk_pin rise edge)
                                                     10.000    10.000 r  
    W5                                                0.000    10.000 r  clk (IN)
                         net (fo=0)                   0.000    10.000    clk
    W5                   IBUF (Prop_ibuf_I_O)         1.388    11.388 r  clk_IBUF_inst/O
                         net (fo=1, routed)           1.862    13.250    clk_IBUF
    BUFGCTRL_X0Y0        BUFG (Prop_bufg_I_O)         0.091    13.341 r  clk_IBUF_BUFG_inst/O
                         net (fo=17, routed)          1.418    14.759    clk_IBUF_BUFG
    SLICE_X38Y75         FDRE                                         r  output_reg_reg[13]/C
                         clock pessimism              0.187    14.946    
                         clock uncertainty           -0.035    14.910    
    SLICE_X38Y75         FDRE (Setup_fdre_C_CE)      -0.169    14.741    output_reg_reg[13]
  -------------------------------------------------------------------
                         required time                         14.741    
                         arrival time                          -7.150    
  -------------------------------------------------------------------
                         slack                                  7.592    

Slack (MET) :             7.592ns  (required time - arrival time)
  Source:                 myadc/U0/DCLK
                            (rising edge-triggered cell XADC clocked by sys_clk_pin  {rise@0.000ns fall@5.000ns period=10.000ns})
  Destination:            output_reg_reg[15]/CE
                            (rising edge-triggered cell FDRE clocked by sys_clk_pin  {rise@0.000ns fall@5.000ns period=10.000ns})
  Path Group:             sys_clk_pin
  Path Type:              Setup (Max at Slow Process Corner)
  Requirement:            10.000ns  (sys_clk_pin rise@10.000ns - sys_clk_pin rise@0.000ns)
  Data Path Delay:        2.095ns  (logic 1.204ns (57.476%)  route 0.891ns (42.524%))
  Logic Levels:           0  
  Clock Path Skew:        -0.109ns (DCD - SCD + CPR)
    Destination Clock Delay (DCD):    4.759ns = ( 14.759 - 10.000 ) 
    Source Clock Delay      (SCD):    5.055ns
    Clock Pessimism Removal (CPR):    0.187ns
  Clock Uncertainty:      0.035ns  ((TSJ^2 + TIJ^2)^1/2 + DJ) / 2 + PE
    Total System Jitter     (TSJ):    0.071ns
    Total Input Jitter      (TIJ):    0.000ns
    Discrete Jitter          (DJ):    0.000ns
    Phase Error              (PE):    0.000ns

    Location             Delay type                Incr(ns)  Path(ns)    Netlist Resource(s)
  -------------------------------------------------------------------    -------------------
                         (clock sys_clk_pin rise edge)
                                                      0.000     0.000 r  
    W5                                                0.000     0.000 r  clk (IN)
                         net (fo=0)                   0.000     0.000    clk
    W5                   IBUF (Prop_ibuf_I_O)         1.458     1.458 r  clk_IBUF_inst/O
                         net (fo=1, routed)           1.967     3.425    clk_IBUF
    BUFGCTRL_X0Y0        BUFG (Prop_bufg_I_O)         0.096     3.521 r  clk_IBUF_BUFG_inst/O
                         net (fo=17, routed)          1.534     5.055    myadc/dclk_in
    XADC_X0Y0            XADC                                         r  myadc/U0/DCLK
  -------------------------------------------------------------------    -------------------
    XADC_X0Y0            XADC (Prop_xadc_DCLK_DRDY)
                                                      1.204     6.259 r  myadc/U0/DRDY
                         net (fo=17, routed)          0.891     7.150    JC3_OBUF
    SLICE_X38Y75         FDRE                                         r  output_reg_reg[15]/CE
  -------------------------------------------------------------------    -------------------

                         (clock sys_clk_pin rise edge)
                                                     10.000    10.000 r  
    W5                                                0.000    10.000 r  clk (IN)
                         net (fo=0)                   0.000    10.000    clk
    W5                   IBUF (Prop_ibuf_I_O)         1.388    11.388 r  clk_IBUF_inst/O
                         net (fo=1, routed)           1.862    13.250    clk_IBUF
    BUFGCTRL_X0Y0        BUFG (Prop_bufg_I_O)         0.091    13.341 r  clk_IBUF_BUFG_inst/O
                         net (fo=17, routed)          1.418    14.759    clk_IBUF_BUFG
    SLICE_X38Y75         FDRE                                         r  output_reg_reg[15]/C
                         clock pessimism              0.187    14.946    
                         clock uncertainty           -0.035    14.910    
    SLICE_X38Y75         FDRE (Setup_fdre_C_CE)      -0.169    14.741    output_reg_reg[15]
  -------------------------------------------------------------------
                         required time                         14.741    
                         arrival time                          -7.150    
  -------------------------------------------------------------------
                         slack                                  7.592    

Slack (MET) :             7.608ns  (required time - arrival time)
  Source:                 myadc/U0/DCLK
                            (rising edge-triggered cell XADC clocked by sys_clk_pin  {rise@0.000ns fall@5.000ns period=10.000ns})
  Destination:            output_reg_reg[14]/D
                            (rising edge-triggered cell FDRE clocked by sys_clk_pin  {rise@0.000ns fall@5.000ns period=10.000ns})
  Path Group:             sys_clk_pin
  Path Type:              Setup (Max at Slow Process Corner)
  Requirement:            10.000ns  (sys_clk_pin rise@10.000ns - sys_clk_pin rise@0.000ns)
  Data Path Delay:        2.219ns  (logic 1.214ns (54.710%)  route 1.005ns (45.290%))
  Logic Levels:           0  
  Clock Path Skew:        -0.109ns (DCD - SCD + CPR)
    Destination Clock Delay (DCD):    4.759ns = ( 14.759 - 10.000 ) 
    Source Clock Delay      (SCD):    5.055ns
    Clock Pessimism Removal (CPR):    0.187ns
  Clock Uncertainty:      0.035ns  ((TSJ^2 + TIJ^2)^1/2 + DJ) / 2 + PE
    Total System Jitter     (TSJ):    0.071ns
    Total Input Jitter      (TIJ):    0.000ns
    Discrete Jitter          (DJ):    0.000ns
    Phase Error              (PE):    0.000ns

    Location             Delay type                Incr(ns)  Path(ns)    Netlist Resource(s)
  -------------------------------------------------------------------    -------------------
                         (clock sys_clk_pin rise edge)
                                                      0.000     0.000 r  
    W5                                                0.000     0.000 r  clk (IN)
                         net (fo=0)                   0.000     0.000    clk
    W5                   IBUF (Prop_ibuf_I_O)         1.458     1.458 r  clk_IBUF_inst/O
                         net (fo=1, routed)           1.967     3.425    clk_IBUF
    BUFGCTRL_X0Y0        BUFG (Prop_bufg_I_O)         0.096     3.521 r  clk_IBUF_BUFG_inst/O
                         net (fo=17, routed)          1.534     5.055    myadc/dclk_in
    XADC_X0Y0            XADC                                         r  myadc/U0/DCLK
  -------------------------------------------------------------------    -------------------
    XADC_X0Y0            XADC (Prop_xadc_DCLK_DO[14])
                                                      1.214     6.269 r  myadc/U0/DO[14]
                         net (fo=1, routed)           1.005     7.274    dataread[14]
    SLICE_X38Y74         FDRE                                         r  output_reg_reg[14]/D
  -------------------------------------------------------------------    -------------------

                         (clock sys_clk_pin rise edge)
                                                     10.000    10.000 r  
    W5                                                0.000    10.000 r  clk (IN)
                         net (fo=0)                   0.000    10.000    clk
    W5                   IBUF (Prop_ibuf_I_O)         1.388    11.388 r  clk_IBUF_inst/O
                         net (fo=1, routed)           1.862    13.250    clk_IBUF
    BUFGCTRL_X0Y0        BUFG (Prop_bufg_I_O)         0.091    13.341 r  clk_IBUF_BUFG_inst/O
                         net (fo=17, routed)          1.418    14.759    clk_IBUF_BUFG
    SLICE_X38Y74         FDRE                                         r  output_reg_reg[14]/C
                         clock pessimism              0.187    14.946    
                         clock uncertainty           -0.035    14.910    
    SLICE_X38Y74         FDRE (Setup_fdre_C_D)       -0.028    14.882    output_reg_reg[14]
  -------------------------------------------------------------------
                         required time                         14.882    
                         arrival time                          -7.274    
  -------------------------------------------------------------------
                         slack                                  7.608    

Slack (MET) :             7.617ns  (required time - arrival time)
  Source:                 myadc/U0/DCLK
                            (rising edge-triggered cell XADC clocked by sys_clk_pin  {rise@0.000ns fall@5.000ns period=10.000ns})
  Destination:            output_reg_reg[13]/D
                            (rising edge-triggered cell FDRE clocked by sys_clk_pin  {rise@0.000ns fall@5.000ns period=10.000ns})
  Path Group:             sys_clk_pin
  Path Type:              Setup (Max at Slow Process Corner)
  Requirement:            10.000ns  (sys_clk_pin rise@10.000ns - sys_clk_pin rise@0.000ns)
  Data Path Delay:        2.193ns  (logic 1.214ns (55.354%)  route 0.979ns (44.646%))
  Logic Levels:           0  
  Clock Path Skew:        -0.109ns (DCD - SCD + CPR)
    Destination Clock Delay (DCD):    4.759ns = ( 14.759 - 10.000 ) 
    Source Clock Delay      (SCD):    5.055ns
    Clock Pessimism Removal (CPR):    0.187ns
  Clock Uncertainty:      0.035ns  ((TSJ^2 + TIJ^2)^1/2 + DJ) / 2 + PE
    Total System Jitter     (TSJ):    0.071ns
    Total Input Jitter      (TIJ):    0.000ns
    Discrete Jitter          (DJ):    0.000ns
    Phase Error              (PE):    0.000ns

    Location             Delay type                Incr(ns)  Path(ns)    Netlist Resource(s)
  -------------------------------------------------------------------    -------------------
                         (clock sys_clk_pin rise edge)
                                                      0.000     0.000 r  
    W5                                                0.000     0.000 r  clk (IN)
                         net (fo=0)                   0.000     0.000    clk
    W5                   IBUF (Prop_ibuf_I_O)         1.458     1.458 r  clk_IBUF_inst/O
                         net (fo=1, routed)           1.967     3.425    clk_IBUF
    BUFGCTRL_X0Y0        BUFG (Prop_bufg_I_O)         0.096     3.521 r  clk_IBUF_BUFG_inst/O
                         net (fo=17, routed)          1.534     5.055    myadc/dclk_in
    XADC_X0Y0            XADC                                         r  myadc/U0/DCLK
  -------------------------------------------------------------------    -------------------
    XADC_X0Y0            XADC (Prop_xadc_DCLK_DO[13])
                                                      1.214     6.269 r  myadc/U0/DO[13]
                         net (fo=1, routed)           0.979     7.248    dataread[13]
    SLICE_X38Y75         FDRE                                         r  output_reg_reg[13]/D
  -------------------------------------------------------------------    -------------------

                         (clock sys_clk_pin rise edge)
                                                     10.000    10.000 r  
    W5                                                0.000    10.000 r  clk (IN)
                         net (fo=0)                   0.000    10.000    clk
    W5                   IBUF (Prop_ibuf_I_O)         1.388    11.388 r  clk_IBUF_inst/O
                         net (fo=1, routed)           1.862    13.250    clk_IBUF
    BUFGCTRL_X0Y0        BUFG (Prop_bufg_I_O)         0.091    13.341 r  clk_IBUF_BUFG_inst/O
                         net (fo=17, routed)          1.418    14.759    clk_IBUF_BUFG
    SLICE_X38Y75         FDRE                                         r  output_reg_reg[13]/C
                         clock pessimism              0.187    14.946    
                         clock uncertainty           -0.035    14.910    
    SLICE_X38Y75         FDRE (Setup_fdre_C_D)       -0.045    14.865    output_reg_reg[13]
  -------------------------------------------------------------------
                         required time                         14.865    
                         arrival time                          -7.248    
  -------------------------------------------------------------------
                         slack                                  7.617    





Min Delay Paths
--------------------------------------------------------------------------------------
Slack (MET) :             0.221ns  (arrival time - required time)
  Source:                 myadc/U0/DCLK
                            (rising edge-triggered cell XADC clocked by sys_clk_pin  {rise@0.000ns fall@5.000ns period=10.000ns})
  Destination:            output_reg_reg[15]/D
                            (rising edge-triggered cell FDRE clocked by sys_clk_pin  {rise@0.000ns fall@5.000ns period=10.000ns})
  Path Group:             sys_clk_pin
  Path Type:              Hold (Min at Fast Process Corner)
  Requirement:            0.000ns  (sys_clk_pin rise@0.000ns - sys_clk_pin rise@0.000ns)
  Data Path Delay:        0.545ns  (logic 0.256ns (46.964%)  route 0.289ns (53.036%))
  Logic Levels:           0  
  Clock Path Skew:        0.261ns (DCD - SCD - CPR)
    Destination Clock Delay (DCD):    1.941ns
    Source Clock Delay      (SCD):    1.431ns
    Clock Pessimism Removal (CPR):    0.249ns

    Location             Delay type                Incr(ns)  Path(ns)    Netlist Resource(s)
  -------------------------------------------------------------------    -------------------
                         (clock sys_clk_pin rise edge)
                                                      0.000     0.000 r  
    W5                                                0.000     0.000 r  clk (IN)
                         net (fo=0)                   0.000     0.000    clk
    W5                   IBUF (Prop_ibuf_I_O)         0.226     0.226 r  clk_IBUF_inst/O
                         net (fo=1, routed)           0.631     0.858    clk_IBUF
    BUFGCTRL_X0Y0        BUFG (Prop_bufg_I_O)         0.026     0.884 r  clk_IBUF_BUFG_inst/O
                         net (fo=17, routed)          0.548     1.431    myadc/dclk_in
    XADC_X0Y0            XADC                                         r  myadc/U0/DCLK
  -------------------------------------------------------------------    -------------------
    XADC_X0Y0            XADC (Prop_xadc_DCLK_DO[15])
                                                      0.256     1.687 r  myadc/U0/DO[15]
                         net (fo=1, routed)           0.289     1.976    dataread[15]
    SLICE_X38Y75         FDRE                                         r  output_reg_reg[15]/D
  -------------------------------------------------------------------    -------------------

                         (clock sys_clk_pin rise edge)
                                                      0.000     0.000 r  
    W5                                                0.000     0.000 r  clk (IN)
                         net (fo=0)                   0.000     0.000    clk
    W5                   IBUF (Prop_ibuf_I_O)         0.414     0.414 r  clk_IBUF_inst/O
                         net (fo=1, routed)           0.685     1.099    clk_IBUF
    BUFGCTRL_X0Y0        BUFG (Prop_bufg_I_O)         0.029     1.128 r  clk_IBUF_BUFG_inst/O
                         net (fo=17, routed)          0.813     1.941    clk_IBUF_BUFG
    SLICE_X38Y75         FDRE                                         r  output_reg_reg[15]/C
                         clock pessimism             -0.249     1.692    
    SLICE_X38Y75         FDRE (Hold_fdre_C_D)         0.063     1.755    output_reg_reg[15]
  -------------------------------------------------------------------
                         required time                         -1.755    
                         arrival time                           1.976    
  -------------------------------------------------------------------
                         slack                                  0.221    

Slack (MET) :             0.226ns  (arrival time - required time)
  Source:                 myadc/U0/DCLK
                            (rising edge-triggered cell XADC clocked by sys_clk_pin  {rise@0.000ns fall@5.000ns period=10.000ns})
  Destination:            output_reg_reg[12]/D
                            (rising edge-triggered cell FDRE clocked by sys_clk_pin  {rise@0.000ns fall@5.000ns period=10.000ns})
  Path Group:             sys_clk_pin
  Path Type:              Hold (Min at Fast Process Corner)
  Requirement:            0.000ns  (sys_clk_pin rise@0.000ns - sys_clk_pin rise@0.000ns)
  Data Path Delay:        0.546ns  (logic 0.256ns (46.878%)  route 0.290ns (53.122%))
  Logic Levels:           0  
  Clock Path Skew:        0.261ns (DCD - SCD - CPR)
    Destination Clock Delay (DCD):    1.941ns
    Source Clock Delay      (SCD):    1.431ns
    Clock Pessimism Removal (CPR):    0.249ns

    Location             Delay type                Incr(ns)  Path(ns)    Netlist Resource(s)
  -------------------------------------------------------------------    -------------------
                         (clock sys_clk_pin rise edge)
                                                      0.000     0.000 r  
    W5                                                0.000     0.000 r  clk (IN)
                         net (fo=0)                   0.000     0.000    clk
    W5                   IBUF (Prop_ibuf_I_O)         0.226     0.226 r  clk_IBUF_inst/O
                         net (fo=1, routed)           0.631     0.858    clk_IBUF
    BUFGCTRL_X0Y0        BUFG (Prop_bufg_I_O)         0.026     0.884 r  clk_IBUF_BUFG_inst/O
                         net (fo=17, routed)          0.548     1.431    myadc/dclk_in
    XADC_X0Y0            XADC                                         r  myadc/U0/DCLK
  -------------------------------------------------------------------    -------------------
    XADC_X0Y0            XADC (Prop_xadc_DCLK_DO[12])
                                                      0.256     1.687 r  myadc/U0/DO[12]
                         net (fo=1, routed)           0.290     1.977    dataread[12]
    SLICE_X38Y75         FDRE                                         r  output_reg_reg[12]/D
  -------------------------------------------------------------------    -------------------

                         (clock sys_clk_pin rise edge)
                                                      0.000     0.000 r  
    W5                                                0.000     0.000 r  clk (IN)
                         net (fo=0)                   0.000     0.000    clk
    W5                   IBUF (Prop_ibuf_I_O)         0.414     0.414 r  clk_IBUF_inst/O
                         net (fo=1, routed)           0.685     1.099    clk_IBUF
    BUFGCTRL_X0Y0        BUFG (Prop_bufg_I_O)         0.029     1.128 r  clk_IBUF_BUFG_inst/O
                         net (fo=17, routed)          0.813     1.941    clk_IBUF_BUFG
    SLICE_X38Y75         FDRE                                         r  output_reg_reg[12]/C
                         clock pessimism             -0.249     1.692    
    SLICE_X38Y75         FDRE (Hold_fdre_C_D)         0.059     1.751    output_reg_reg[12]
  -------------------------------------------------------------------
                         required time                         -1.751    
                         arrival time                           1.977    
  -------------------------------------------------------------------
                         slack                                  0.226    

Slack (MET) :             0.251ns  (arrival time - required time)
  Source:                 myadc/U0/DCLK
                            (rising edge-triggered cell XADC clocked by sys_clk_pin  {rise@0.000ns fall@5.000ns period=10.000ns})
  Destination:            output_reg_reg[9]/D
                            (rising edge-triggered cell FDRE clocked by sys_clk_pin  {rise@0.000ns fall@5.000ns period=10.000ns})
  Path Group:             sys_clk_pin
  Path Type:              Hold (Min at Fast Process Corner)
  Requirement:            0.000ns  (sys_clk_pin rise@0.000ns - sys_clk_pin rise@0.000ns)
  Data Path Delay:        0.575ns  (logic 0.256ns (44.522%)  route 0.319ns (55.478%))
  Logic Levels:           0  
  Clock Path Skew:        0.261ns (DCD - SCD - CPR)
    Destination Clock Delay (DCD):    1.941ns
    Source Clock Delay      (SCD):    1.431ns
    Clock Pessimism Removal (CPR):    0.249ns

    Location             Delay type                Incr(ns)  Path(ns)    Netlist Resource(s)
  -------------------------------------------------------------------    -------------------
                         (clock sys_clk_pin rise edge)
                                                      0.000     0.000 r  
    W5                                                0.000     0.000 r  clk (IN)
                         net (fo=0)                   0.000     0.000    clk
    W5                   IBUF (Prop_ibuf_I_O)         0.226     0.226 r  clk_IBUF_inst/O
                         net (fo=1, routed)           0.631     0.858    clk_IBUF
    BUFGCTRL_X0Y0        BUFG (Prop_bufg_I_O)         0.026     0.884 r  clk_IBUF_BUFG_inst/O
                         net (fo=17, routed)          0.548     1.431    myadc/dclk_in
    XADC_X0Y0            XADC                                         r  myadc/U0/DCLK
  -------------------------------------------------------------------    -------------------
    XADC_X0Y0            XADC (Prop_xadc_DCLK_DO[9])
                                                      0.256     1.687 r  myadc/U0/DO[9]
                         net (fo=1, routed)           0.319     2.006    dataread[9]
    SLICE_X38Y74         FDRE                                         r  output_reg_reg[9]/D
  -------------------------------------------------------------------    -------------------

                         (clock sys_clk_pin rise edge)
                                                      0.000     0.000 r  
    W5                                                0.000     0.000 r  clk (IN)
                         net (fo=0)                   0.000     0.000    clk
    W5                   IBUF (Prop_ibuf_I_O)         0.414     0.414 r  clk_IBUF_inst/O
                         net (fo=1, routed)           0.685     1.099    clk_IBUF
    BUFGCTRL_X0Y0        BUFG (Prop_bufg_I_O)         0.029     1.128 r  clk_IBUF_BUFG_inst/O
                         net (fo=17, routed)          0.813     1.941    clk_IBUF_BUFG
    SLICE_X38Y74         FDRE                                         r  output_reg_reg[9]/C
                         clock pessimism             -0.249     1.692    
    SLICE_X38Y74         FDRE (Hold_fdre_C_D)         0.063     1.755    output_reg_reg[9]
  -------------------------------------------------------------------
                         required time                         -1.755    
                         arrival time                           2.006    
  -------------------------------------------------------------------
                         slack                                  0.251    

Slack (MET) :             0.252ns  (arrival time - required time)
  Source:                 myadc/U0/DCLK
                            (rising edge-triggered cell XADC clocked by sys_clk_pin  {rise@0.000ns fall@5.000ns period=10.000ns})
  Destination:            output_reg_reg[10]/D
                            (rising edge-triggered cell FDRE clocked by sys_clk_pin  {rise@0.000ns fall@5.000ns period=10.000ns})
  Path Group:             sys_clk_pin
  Path Type:              Hold (Min at Fast Process Corner)
  Requirement:            0.000ns  (sys_clk_pin rise@0.000ns - sys_clk_pin rise@0.000ns)
  Data Path Delay:        0.572ns  (logic 0.256ns (44.752%)  route 0.316ns (55.248%))
  Logic Levels:           0  
  Clock Path Skew:        0.261ns (DCD - SCD - CPR)
    Destination Clock Delay (DCD):    1.941ns
    Source Clock Delay      (SCD):    1.431ns
    Clock Pessimism Removal (CPR):    0.249ns

    Location             Delay type                Incr(ns)  Path(ns)    Netlist Resource(s)
  -------------------------------------------------------------------    -------------------
                         (clock sys_clk_pin rise edge)
                                                      0.000     0.000 r  
    W5                                                0.000     0.000 r  clk (IN)
                         net (fo=0)                   0.000     0.000    clk
    W5                   IBUF (Prop_ibuf_I_O)         0.226     0.226 r  clk_IBUF_inst/O
                         net (fo=1, routed)           0.631     0.858    clk_IBUF
    BUFGCTRL_X0Y0        BUFG (Prop_bufg_I_O)         0.026     0.884 r  clk_IBUF_BUFG_inst/O
                         net (fo=17, routed)          0.548     1.431    myadc/dclk_in
    XADC_X0Y0            XADC                                         r  myadc/U0/DCLK
  -------------------------------------------------------------------    -------------------
    XADC_X0Y0            XADC (Prop_xadc_DCLK_DO[10])
                                                      0.256     1.687 r  myadc/U0/DO[10]
                         net (fo=1, routed)           0.316     2.003    dataread[10]
    SLICE_X38Y74         FDRE                                         r  output_reg_reg[10]/D
  -------------------------------------------------------------------    -------------------

                         (clock sys_clk_pin rise edge)
                                                      0.000     0.000 r  
    W5                                                0.000     0.000 r  clk (IN)
                         net (fo=0)                   0.000     0.000    clk
    W5                   IBUF (Prop_ibuf_I_O)         0.414     0.414 r  clk_IBUF_inst/O
                         net (fo=1, routed)           0.685     1.099    clk_IBUF
    BUFGCTRL_X0Y0        BUFG (Prop_bufg_I_O)         0.029     1.128 r  clk_IBUF_BUFG_inst/O
                         net (fo=17, routed)          0.813     1.941    clk_IBUF_BUFG
    SLICE_X38Y74         FDRE                                         r  output_reg_reg[10]/C
                         clock pessimism             -0.249     1.692    
    SLICE_X38Y74         FDRE (Hold_fdre_C_D)         0.059     1.751    output_reg_reg[10]
  -------------------------------------------------------------------
                         required time                         -1.751    
                         arrival time                           2.003    
  -------------------------------------------------------------------
                         slack                                  0.252    

Slack (MET) :             0.259ns  (arrival time - required time)
  Source:                 myadc/U0/DCLK
                            (rising edge-triggered cell XADC clocked by sys_clk_pin  {rise@0.000ns fall@5.000ns period=10.000ns})
  Destination:            output_reg_reg[11]/D
                            (rising edge-triggered cell FDRE clocked by sys_clk_pin  {rise@0.000ns fall@5.000ns period=10.000ns})
  Path Group:             sys_clk_pin
  Path Type:              Hold (Min at Fast Process Corner)
  Requirement:            0.000ns  (sys_clk_pin rise@0.000ns - sys_clk_pin rise@0.000ns)
  Data Path Delay:        0.572ns  (logic 0.256ns (44.755%)  route 0.316ns (55.245%))
  Logic Levels:           0  
  Clock Path Skew:        0.261ns (DCD - SCD - CPR)
    Destination Clock Delay (DCD):    1.941ns
    Source Clock Delay      (SCD):    1.431ns
    Clock Pessimism Removal (CPR):    0.249ns

    Location             Delay type                Incr(ns)  Path(ns)    Netlist Resource(s)
  -------------------------------------------------------------------    -------------------
                         (clock sys_clk_pin rise edge)
                                                      0.000     0.000 r  
    W5                                                0.000     0.000 r  clk (IN)
                         net (fo=0)                   0.000     0.000    clk
    W5                   IBUF (Prop_ibuf_I_O)         0.226     0.226 r  clk_IBUF_inst/O
                         net (fo=1, routed)           0.631     0.858    clk_IBUF
    BUFGCTRL_X0Y0        BUFG (Prop_bufg_I_O)         0.026     0.884 r  clk_IBUF_BUFG_inst/O
                         net (fo=17, routed)          0.548     1.431    myadc/dclk_in
    XADC_X0Y0            XADC                                         r  myadc/U0/DCLK
  -------------------------------------------------------------------    -------------------
    XADC_X0Y0            XADC (Prop_xadc_DCLK_DO[11])
                                                      0.256     1.687 r  myadc/U0/DO[11]
                         net (fo=1, routed)           0.316     2.003    dataread[11]
    SLICE_X38Y74         FDRE                                         r  output_reg_reg[11]/D
  -------------------------------------------------------------------    -------------------

                         (clock sys_clk_pin rise edge)
                                                      0.000     0.000 r  
    W5                                                0.000     0.000 r  clk (IN)
                         net (fo=0)                   0.000     0.000    clk
    W5                   IBUF (Prop_ibuf_I_O)         0.414     0.414 r  clk_IBUF_inst/O
                         net (fo=1, routed)           0.685     1.099    clk_IBUF
    BUFGCTRL_X0Y0        BUFG (Prop_bufg_I_O)         0.029     1.128 r  clk_IBUF_BUFG_inst/O
                         net (fo=17, routed)          0.813     1.941    clk_IBUF_BUFG
    SLICE_X38Y74         FDRE                                         r  output_reg_reg[11]/C
                         clock pessimism             -0.249     1.692    
    SLICE_X38Y74         FDRE (Hold_fdre_C_D)         0.052     1.744    output_reg_reg[11]
  -------------------------------------------------------------------
                         required time                         -1.744    
                         arrival time                           2.003    
  -------------------------------------------------------------------
                         slack                                  0.259    

Slack (MET) :             0.270ns  (arrival time - required time)
  Source:                 myadc/U0/DCLK
                            (rising edge-triggered cell XADC clocked by sys_clk_pin  {rise@0.000ns fall@5.000ns period=10.000ns})
  Destination:            output_reg_reg[13]/D
                            (rising edge-triggered cell FDRE clocked by sys_clk_pin  {rise@0.000ns fall@5.000ns period=10.000ns})
  Path Group:             sys_clk_pin
  Path Type:              Hold (Min at Fast Process Corner)
  Requirement:            0.000ns  (sys_clk_pin rise@0.000ns - sys_clk_pin rise@0.000ns)
  Data Path Delay:        0.583ns  (logic 0.256ns (43.900%)  route 0.327ns (56.100%))
  Logic Levels:           0  
  Clock Path Skew:        0.261ns (DCD - SCD - CPR)
    Destination Clock Delay (DCD):    1.941ns
    Source Clock Delay      (SCD):    1.431ns
    Clock Pessimism Removal (CPR):    0.249ns

    Location             Delay type                Incr(ns)  Path(ns)    Netlist Resource(s)
  -------------------------------------------------------------------    -------------------
                         (clock sys_clk_pin rise edge)
                                                      0.000     0.000 r  
    W5                                                0.000     0.000 r  clk (IN)
                         net (fo=0)                   0.000     0.000    clk
    W5                   IBUF (Prop_ibuf_I_O)         0.226     0.226 r  clk_IBUF_inst/O
                         net (fo=1, routed)           0.631     0.858    clk_IBUF
    BUFGCTRL_X0Y0        BUFG (Prop_bufg_I_O)         0.026     0.884 r  clk_IBUF_BUFG_inst/O
                         net (fo=17, routed)          0.548     1.431    myadc/dclk_in
    XADC_X0Y0            XADC                                         r  myadc/U0/DCLK
  -------------------------------------------------------------------    -------------------
    XADC_X0Y0            XADC (Prop_xadc_DCLK_DO[13])
                                                      0.256     1.687 r  myadc/U0/DO[13]
                         net (fo=1, routed)           0.327     2.014    dataread[13]
    SLICE_X38Y75         FDRE                                         r  output_reg_reg[13]/D
  -------------------------------------------------------------------    -------------------

                         (clock sys_clk_pin rise edge)
                                                      0.000     0.000 r  
    W5                                                0.000     0.000 r  clk (IN)
                         net (fo=0)                   0.000     0.000    clk
    W5                   IBUF (Prop_ibuf_I_O)         0.414     0.414 r  clk_IBUF_inst/O
                         net (fo=1, routed)           0.685     1.099    clk_IBUF
    BUFGCTRL_X0Y0        BUFG (Prop_bufg_I_O)         0.029     1.128 r  clk_IBUF_BUFG_inst/O
                         net (fo=17, routed)          0.813     1.941    clk_IBUF_BUFG
    SLICE_X38Y75         FDRE                                         r  output_reg_reg[13]/C
                         clock pessimism             -0.249     1.692    
    SLICE_X38Y75         FDRE (Hold_fdre_C_D)         0.052     1.744    output_reg_reg[13]
  -------------------------------------------------------------------
                         required time                         -1.744    
                         arrival time                           2.014    
  -------------------------------------------------------------------
                         slack                                  0.270    

Slack (MET) :             0.287ns  (arrival time - required time)
  Source:                 myadc/U0/DCLK
                            (rising edge-triggered cell XADC clocked by sys_clk_pin  {rise@0.000ns fall@5.000ns period=10.000ns})
  Destination:            output_reg_reg[14]/D
                            (rising edge-triggered cell FDRE clocked by sys_clk_pin  {rise@0.000ns fall@5.000ns period=10.000ns})
  Path Group:             sys_clk_pin
  Path Type:              Hold (Min at Fast Process Corner)
  Requirement:            0.000ns  (sys_clk_pin rise@0.000ns - sys_clk_pin rise@0.000ns)
  Data Path Delay:        0.611ns  (logic 0.256ns (41.902%)  route 0.355ns (58.098%))
  Logic Levels:           0  
  Clock Path Skew:        0.261ns (DCD - SCD - CPR)
    Destination Clock Delay (DCD):    1.941ns
    Source Clock Delay      (SCD):    1.431ns
    Clock Pessimism Removal (CPR):    0.249ns

    Location             Delay type                Incr(ns)  Path(ns)    Netlist Resource(s)
  -------------------------------------------------------------------    -------------------
                         (clock sys_clk_pin rise edge)
                                                      0.000     0.000 r  
    W5                                                0.000     0.000 r  clk (IN)
                         net (fo=0)                   0.000     0.000    clk
    W5                   IBUF (Prop_ibuf_I_O)         0.226     0.226 r  clk_IBUF_inst/O
                         net (fo=1, routed)           0.631     0.858    clk_IBUF
    BUFGCTRL_X0Y0        BUFG (Prop_bufg_I_O)         0.026     0.884 r  clk_IBUF_BUFG_inst/O
                         net (fo=17, routed)          0.548     1.431    myadc/dclk_in
    XADC_X0Y0            XADC                                         r  myadc/U0/DCLK
  -------------------------------------------------------------------    -------------------
    XADC_X0Y0            XADC (Prop_xadc_DCLK_DO[14])
                                                      0.256     1.687 r  myadc/U0/DO[14]
                         net (fo=1, routed)           0.355     2.042    dataread[14]
    SLICE_X38Y74         FDRE                                         r  output_reg_reg[14]/D
  -------------------------------------------------------------------    -------------------

                         (clock sys_clk_pin rise edge)
                                                      0.000     0.000 r  
    W5                                                0.000     0.000 r  clk (IN)
                         net (fo=0)                   0.000     0.000    clk
    W5                   IBUF (Prop_ibuf_I_O)         0.414     0.414 r  clk_IBUF_inst/O
                         net (fo=1, routed)           0.685     1.099    clk_IBUF
    BUFGCTRL_X0Y0        BUFG (Prop_bufg_I_O)         0.029     1.128 r  clk_IBUF_BUFG_inst/O
                         net (fo=17, routed)          0.813     1.941    clk_IBUF_BUFG
    SLICE_X38Y74         FDRE                                         r  output_reg_reg[14]/C
                         clock pessimism             -0.249     1.692    
    SLICE_X38Y74         FDRE (Hold_fdre_C_D)         0.063     1.755    output_reg_reg[14]
  -------------------------------------------------------------------
                         required time                         -1.755    
                         arrival time                           2.042    
  -------------------------------------------------------------------
                         slack                                  0.287    

Slack (MET) :             0.332ns  (arrival time - required time)
  Source:                 myadc/U0/DCLK
                            (rising edge-triggered cell XADC clocked by sys_clk_pin  {rise@0.000ns fall@5.000ns period=10.000ns})
  Destination:            output_reg_reg[8]/D
                            (rising edge-triggered cell FDRE clocked by sys_clk_pin  {rise@0.000ns fall@5.000ns period=10.000ns})
  Path Group:             sys_clk_pin
  Path Type:              Hold (Min at Fast Process Corner)
  Requirement:            0.000ns  (sys_clk_pin rise@0.000ns - sys_clk_pin rise@0.000ns)
  Data Path Delay:        0.417ns  (logic 0.256ns (61.379%)  route 0.161ns (38.621%))
  Logic Levels:           0  
  Clock Path Skew:        0.013ns (DCD - SCD - CPR)
    Destination Clock Delay (DCD):    1.942ns
    Source Clock Delay      (SCD):    1.431ns
    Clock Pessimism Removal (CPR):    0.498ns

    Location             Delay type                Incr(ns)  Path(ns)    Netlist Resource(s)
  -------------------------------------------------------------------    -------------------
                         (clock sys_clk_pin rise edge)
                                                      0.000     0.000 r  
    W5                                                0.000     0.000 r  clk (IN)
                         net (fo=0)                   0.000     0.000    clk
    W5                   IBUF (Prop_ibuf_I_O)         0.226     0.226 r  clk_IBUF_inst/O
                         net (fo=1, routed)           0.631     0.858    clk_IBUF
    BUFGCTRL_X0Y0        BUFG (Prop_bufg_I_O)         0.026     0.884 r  clk_IBUF_BUFG_inst/O
                         net (fo=17, routed)          0.548     1.431    myadc/dclk_in
    XADC_X0Y0            XADC                                         r  myadc/U0/DCLK
  -------------------------------------------------------------------    -------------------
    XADC_X0Y0            XADC (Prop_xadc_DCLK_DO[8])
                                                      0.256     1.687 r  myadc/U0/DO[8]
                         net (fo=1, routed)           0.161     1.848    dataread[8]
    SLICE_X28Y75         FDRE                                         r  output_reg_reg[8]/D
  -------------------------------------------------------------------    -------------------

                         (clock sys_clk_pin rise edge)
                                                      0.000     0.000 r  
    W5                                                0.000     0.000 r  clk (IN)
                         net (fo=0)                   0.000     0.000    clk
    W5                   IBUF (Prop_ibuf_I_O)         0.414     0.414 r  clk_IBUF_inst/O
                         net (fo=1, routed)           0.685     1.099    clk_IBUF
    BUFGCTRL_X0Y0        BUFG (Prop_bufg_I_O)         0.029     1.128 r  clk_IBUF_BUFG_inst/O
                         net (fo=17, routed)          0.815     1.942    clk_IBUF_BUFG
    SLICE_X28Y75         FDRE                                         r  output_reg_reg[8]/C
                         clock pessimism             -0.498     1.444    
    SLICE_X28Y75         FDRE (Hold_fdre_C_D)         0.072     1.516    output_reg_reg[8]
  -------------------------------------------------------------------
                         required time                         -1.516    
                         arrival time                           1.848    
  -------------------------------------------------------------------
                         slack                                  0.332    

Slack (MET) :             0.334ns  (arrival time - required time)
  Source:                 myadc/U0/DCLK
                            (rising edge-triggered cell XADC clocked by sys_clk_pin  {rise@0.000ns fall@5.000ns period=10.000ns})
  Destination:            output_reg_reg[6]/D
                            (rising edge-triggered cell FDRE clocked by sys_clk_pin  {rise@0.000ns fall@5.000ns period=10.000ns})
  Path Group:             sys_clk_pin
  Path Type:              Hold (Min at Fast Process Corner)
  Requirement:            0.000ns  (sys_clk_pin rise@0.000ns - sys_clk_pin rise@0.000ns)
  Data Path Delay:        0.413ns  (logic 0.256ns (61.965%)  route 0.157ns (38.035%))
  Logic Levels:           0  
  Clock Path Skew:        0.013ns (DCD - SCD - CPR)
    Destination Clock Delay (DCD):    1.942ns
    Source Clock Delay      (SCD):    1.431ns
    Clock Pessimism Removal (CPR):    0.498ns

    Location             Delay type                Incr(ns)  Path(ns)    Netlist Resource(s)
  -------------------------------------------------------------------    -------------------
                         (clock sys_clk_pin rise edge)
                                                      0.000     0.000 r  
    W5                                                0.000     0.000 r  clk (IN)
                         net (fo=0)                   0.000     0.000    clk
    W5                   IBUF (Prop_ibuf_I_O)         0.226     0.226 r  clk_IBUF_inst/O
                         net (fo=1, routed)           0.631     0.858    clk_IBUF
    BUFGCTRL_X0Y0        BUFG (Prop_bufg_I_O)         0.026     0.884 r  clk_IBUF_BUFG_inst/O
                         net (fo=17, routed)          0.548     1.431    myadc/dclk_in
    XADC_X0Y0            XADC                                         r  myadc/U0/DCLK
  -------------------------------------------------------------------    -------------------
    XADC_X0Y0            XADC (Prop_xadc_DCLK_DO[6])
                                                      0.256     1.687 r  myadc/U0/DO[6]
                         net (fo=1, routed)           0.157     1.844    dataread[6]
    SLICE_X28Y75         FDRE                                         r  output_reg_reg[6]/D
  -------------------------------------------------------------------    -------------------

                         (clock sys_clk_pin rise edge)
                                                      0.000     0.000 r  
    W5                                                0.000     0.000 r  clk (IN)
                         net (fo=0)                   0.000     0.000    clk
    W5                   IBUF (Prop_ibuf_I_O)         0.414     0.414 r  clk_IBUF_inst/O
                         net (fo=1, routed)           0.685     1.099    clk_IBUF
    BUFGCTRL_X0Y0        BUFG (Prop_bufg_I_O)         0.029     1.128 r  clk_IBUF_BUFG_inst/O
                         net (fo=17, routed)          0.815     1.942    clk_IBUF_BUFG
    SLICE_X28Y75         FDRE                                         r  output_reg_reg[6]/C
                         clock pessimism             -0.498     1.444    
    SLICE_X28Y75         FDRE (Hold_fdre_C_D)         0.066     1.510    output_reg_reg[6]
  -------------------------------------------------------------------
                         required time                         -1.510    
                         arrival time                           1.844    
  -------------------------------------------------------------------
                         slack                                  0.334    

Slack (MET) :             0.343ns  (arrival time - required time)
  Source:                 myadc/U0/DCLK
                            (rising edge-triggered cell XADC clocked by sys_clk_pin  {rise@0.000ns fall@5.000ns period=10.000ns})
  Destination:            output_reg_reg[12]/CE
                            (rising edge-triggered cell FDRE clocked by sys_clk_pin  {rise@0.000ns fall@5.000ns period=10.000ns})
  Path Group:             sys_clk_pin
  Path Type:              Hold (Min at Fast Process Corner)
  Requirement:            0.000ns  (sys_clk_pin rise@0.000ns - sys_clk_pin rise@0.000ns)
  Data Path Delay:        0.588ns  (logic 0.256ns (43.553%)  route 0.332ns (56.447%))
  Logic Levels:           0  
  Clock Path Skew:        0.261ns (DCD - SCD - CPR)
    Destination Clock Delay (DCD):    1.941ns
    Source Clock Delay      (SCD):    1.431ns
    Clock Pessimism Removal (CPR):    0.249ns

    Location             Delay type                Incr(ns)  Path(ns)    Netlist Resource(s)
  -------------------------------------------------------------------    -------------------
                         (clock sys_clk_pin rise edge)
                                                      0.000     0.000 r  
    W5                                                0.000     0.000 r  clk (IN)
                         net (fo=0)                   0.000     0.000    clk
    W5                   IBUF (Prop_ibuf_I_O)         0.226     0.226 r  clk_IBUF_inst/O
                         net (fo=1, routed)           0.631     0.858    clk_IBUF
    BUFGCTRL_X0Y0        BUFG (Prop_bufg_I_O)         0.026     0.884 r  clk_IBUF_BUFG_inst/O
                         net (fo=17, routed)          0.548     1.431    myadc/dclk_in
    XADC_X0Y0            XADC                                         r  myadc/U0/DCLK
  -------------------------------------------------------------------    -------------------
    XADC_X0Y0            XADC (Prop_xadc_DCLK_DRDY)
                                                      0.256     1.687 r  myadc/U0/DRDY
                         net (fo=17, routed)          0.332     2.019    JC3_OBUF
    SLICE_X38Y75         FDRE                                         r  output_reg_reg[12]/CE
  -------------------------------------------------------------------    -------------------

                         (clock sys_clk_pin rise edge)
                                                      0.000     0.000 r  
    W5                                                0.000     0.000 r  clk (IN)
                         net (fo=0)                   0.000     0.000    clk
    W5                   IBUF (Prop_ibuf_I_O)         0.414     0.414 r  clk_IBUF_inst/O
                         net (fo=1, routed)           0.685     1.099    clk_IBUF
    BUFGCTRL_X0Y0        BUFG (Prop_bufg_I_O)         0.029     1.128 r  clk_IBUF_BUFG_inst/O
                         net (fo=17, routed)          0.813     1.941    clk_IBUF_BUFG
    SLICE_X38Y75         FDRE                                         r  output_reg_reg[12]/C
                         clock pessimism             -0.249     1.692    
    SLICE_X38Y75         FDRE (Hold_fdre_C_CE)       -0.016     1.676    output_reg_reg[12]
  -------------------------------------------------------------------
                         required time                         -1.676    
                         arrival time                           2.019    
  -------------------------------------------------------------------
                         slack                                  0.343    





Pulse Width Checks
--------------------------------------------------------------------------------------
Clock Name:         sys_clk_pin
Waveform(ns):       { 0.000 5.000 }
Period(ns):         10.000
Sources:            { clk }

Check Type        Corner  Lib Pin    Reference Pin  Required(ns)  Actual(ns)  Slack(ns)  Location       Pin
Min Period        n/a     XADC/DCLK  n/a            4.000         10.000      6.000      XADC_X0Y0      myadc/U0/DCLK
Min Period        n/a     BUFG/I     n/a            2.155         10.000      7.845      BUFGCTRL_X0Y0  clk_IBUF_BUFG_inst/I
Min Period        n/a     FDRE/C     n/a            1.000         10.000      9.000      SLICE_X28Y75   output_reg_reg[0]/C
Min Period        n/a     FDRE/C     n/a            1.000         10.000      9.000      SLICE_X38Y74   output_reg_reg[10]/C
Min Period        n/a     FDRE/C     n/a            1.000         10.000      9.000      SLICE_X38Y74   output_reg_reg[11]/C
Min Period        n/a     FDRE/C     n/a            1.000         10.000      9.000      SLICE_X38Y75   output_reg_reg[12]/C
Min Period        n/a     FDRE/C     n/a            1.000         10.000      9.000      SLICE_X38Y75   output_reg_reg[13]/C
Min Period        n/a     FDRE/C     n/a            1.000         10.000      9.000      SLICE_X38Y74   output_reg_reg[14]/C
Min Period        n/a     FDRE/C     n/a            1.000         10.000      9.000      SLICE_X38Y75   output_reg_reg[15]/C
Min Period        n/a     FDRE/C     n/a            1.000         10.000      9.000      SLICE_X29Y73   output_reg_reg[1]/C
Low Pulse Width   Fast    FDRE/C     n/a            0.500         5.000       4.500      SLICE_X28Y75   output_reg_reg[0]/C
Low Pulse Width   Fast    FDRE/C     n/a            0.500         5.000       4.500      SLICE_X29Y73   output_reg_reg[1]/C
Low Pulse Width   Fast    FDRE/C     n/a            0.500         5.000       4.500      SLICE_X28Y73   output_reg_reg[2]/C
Low Pulse Width   Fast    FDRE/C     n/a            0.500         5.000       4.500      SLICE_X28Y73   output_reg_reg[3]/C
Low Pulse Width   Fast    FDRE/C     n/a            0.500         5.000       4.500      SLICE_X28Y73   output_reg_reg[4]/C
Low Pulse Width   Fast    FDRE/C     n/a            0.500         5.000       4.500      SLICE_X28Y73   output_reg_reg[5]/C
Low Pulse Width   Fast    FDRE/C     n/a            0.500         5.000       4.500      SLICE_X28Y75   output_reg_reg[6]/C
Low Pulse Width   Fast    FDRE/C     n/a            0.500         5.000       4.500      SLICE_X28Y75   output_reg_reg[7]/C
Low Pulse Width   Fast    FDRE/C     n/a            0.500         5.000       4.500      SLICE_X28Y75   output_reg_reg[8]/C
Low Pulse Width   Fast    FDRE/C     n/a            0.500         5.000       4.500      SLICE_X38Y74   output_reg_reg[10]/C
High Pulse Width  Slow    FDRE/C     n/a            0.500         5.000       4.500      SLICE_X29Y73   output_reg_reg[1]/C
High Pulse Width  Slow    FDRE/C     n/a            0.500         5.000       4.500      SLICE_X28Y73   output_reg_reg[2]/C
High Pulse Width  Slow    FDRE/C     n/a            0.500         5.000       4.500      SLICE_X28Y73   output_reg_reg[3]/C
High Pulse Width  Slow    FDRE/C     n/a            0.500         5.000       4.500      SLICE_X28Y73   output_reg_reg[4]/C
High Pulse Width  Slow    FDRE/C     n/a            0.500         5.000       4.500      SLICE_X28Y73   output_reg_reg[5]/C
High Pulse Width  Slow    FDRE/C     n/a            0.500         5.000       4.500      SLICE_X28Y75   output_reg_reg[0]/C
High Pulse Width  Slow    FDRE/C     n/a            0.500         5.000       4.500      SLICE_X38Y74   output_reg_reg[10]/C
High Pulse Width  Fast    FDRE/C     n/a            0.500         5.000       4.500      SLICE_X38Y74   output_reg_reg[10]/C
High Pulse Width  Slow    FDRE/C     n/a            0.500         5.000       4.500      SLICE_X38Y74   output_reg_reg[11]/C
High Pulse Width  Fast    FDRE/C     n/a            0.500         5.000       4.500      SLICE_X38Y74   output_reg_reg[11]/C



