
*** Running vivado
    with args -log eightleds.vds -m64 -mode batch -messageDb vivado.pb -notrace -source eightleds.tcl

WARNING: Default location for XILINX_VIVADO_HLS not found: 

****** Vivado v2015.1 (64-bit)
  **** SW Build 1215546 on Mon Apr 27 19:07:21 MDT 2015
  **** IP Build 1209967 on Tue Apr 21 11:39:20 MDT 2015
    ** Copyright 1986-2015 Xilinx, Inc. All Rights Reserved.

source eightleds.tcl -notrace
WARNING: [Board 49-26] cannot add Board Part digilentinc.com:arty-s7-50:part0:1.0 available at /opt/Xilinx/Vivado/2015.1/data/boards/board_files/arty-s7-50/B.0/board.xml as part xc7s50csga324-1 specified in board_part file is either invalid or not available
WARNING: [Board 49-26] cannot add Board Part digilentinc.com:genesys2:part0:1.1 available at /opt/Xilinx/Vivado/2015.1/data/boards/board_files/genesys2/H/board.xml as part xc7k325tffg900-2 specified in board_part file is either invalid or not available
Command: synth_design -top eightleds -part xc7a35tcpg236-1
Starting synth_design
Attempting to get a license for feature 'Synthesis' and/or device 'xc7a35t'
INFO: [Common 17-349] Got license for feature 'Synthesis' and/or device 'xc7a35t'
INFO: [Common 17-1223] The version limit for your license is '2018.07' and will expire in -70 days. A version limit expiration means that, although you may be able to continue to use the current version of tools or IP with this license, you will not be eligible for any updates or new releases.
---------------------------------------------------------------------------------
Starting RTL Elaboration : Time (s): cpu = 00:00:03 ; elapsed = 00:00:04 . Memory (MB): peak = 922.055 ; gain = 143.457 ; free physical = 4015 ; free virtual = 13813
---------------------------------------------------------------------------------
INFO: [Synth 8-638] synthesizing module 'eightleds' [/home/physics/week3_20181009_project1_8LEDs/week3_20181009_project1_8LEDs.srcs/sources_1/new/eightleds.vhd:39]
ERROR: [Synth 8-421] mismatched array sizes in rhs and lhs of assignment [/home/physics/week3_20181009_project1_8LEDs/week3_20181009_project1_8LEDs.srcs/sources_1/new/eightleds.vhd:43]
ERROR: [Synth 8-285] failed synthesizing module 'eightleds' [/home/physics/week3_20181009_project1_8LEDs/week3_20181009_project1_8LEDs.srcs/sources_1/new/eightleds.vhd:39]
---------------------------------------------------------------------------------
Finished RTL Elaboration : Time (s): cpu = 00:00:04 ; elapsed = 00:00:04 . Memory (MB): peak = 958.336 ; gain = 179.738 ; free physical = 3979 ; free virtual = 13777
---------------------------------------------------------------------------------
RTL Elaboration failed
INFO: [Common 17-83] Releasing license: Synthesis
4 Infos, 2 Warnings, 0 Critical Warnings and 3 Errors encountered.
synth_design failed
ERROR: [Common 17-69] Command failed: Synthesis failed - please see the console or run log file for details
INFO: [Common 17-206] Exiting Vivado at Tue Oct  9 16:49:40 2018...
