
*** Running vivado
    with args -log crystnotes.vds -m64 -mode batch -messageDb vivado.pb -notrace -source crystnotes.tcl

WARNING: Default location for XILINX_VIVADO_HLS not found: 

****** Vivado v2015.1 (64-bit)
  **** SW Build 1215546 on Mon Apr 27 19:07:21 MDT 2015
  **** IP Build 1209967 on Tue Apr 21 11:39:20 MDT 2015
    ** Copyright 1986-2015 Xilinx, Inc. All Rights Reserved.

source crystnotes.tcl -notrace
WARNING: [Board 49-26] cannot add Board Part digilentinc.com:arty-s7-50:part0:1.0 available at /opt/Xilinx/Vivado/2015.1/data/boards/board_files/arty-s7-50/B.0/board.xml as part xc7s50csga324-1 specified in board_part file is either invalid or not available
WARNING: [Board 49-26] cannot add Board Part digilentinc.com:genesys2:part0:1.1 available at /opt/Xilinx/Vivado/2015.1/data/boards/board_files/genesys2/H/board.xml as part xc7k325tffg900-2 specified in board_part file is either invalid or not available
Command: synth_design -top crystnotes -part xc7a35tcpg236-1
Starting synth_design
Attempting to get a license for feature 'Synthesis' and/or device 'xc7a35t'
INFO: [Common 17-349] Got license for feature 'Synthesis' and/or device 'xc7a35t'
INFO: [Common 17-1223] The version limit for your license is '2018.07' and will expire in -133 days. A version limit expiration means that, although you may be able to continue to use the current version of tools or IP with this license, you will not be eligible for any updates or new releases.
---------------------------------------------------------------------------------
Starting RTL Elaboration : Time (s): cpu = 00:00:03 ; elapsed = 00:00:04 . Memory (MB): peak = 922.055 ; gain = 143.457 ; free physical = 1849 ; free virtual = 13153
---------------------------------------------------------------------------------
WARNING: [Synth 8-2551] possible infinite loop; process does not have a wait statement [/home/physics/Labs/week11/week11_20181211_project1_crystnotes/week11_20181211_project1_crystnotes.srcs/sources_1/new/crystnotes.vhd:58]
INFO: [Synth 8-638] synthesizing module 'crystnotes' [/home/physics/Labs/week11/week11_20181211_project1_crystnotes/week11_20181211_project1_crystnotes.srcs/sources_1/new/crystnotes.vhd:41]
WARNING: [Synth 8-3848] Net led in module/entity crystnotes does not have driver. [/home/physics/Labs/week11/week11_20181211_project1_crystnotes/week11_20181211_project1_crystnotes.srcs/sources_1/new/crystnotes.vhd:37]
INFO: [Synth 8-256] done synthesizing module 'crystnotes' (1#1) [/home/physics/Labs/week11/week11_20181211_project1_crystnotes/week11_20181211_project1_crystnotes.srcs/sources_1/new/crystnotes.vhd:41]
WARNING: [Synth 8-3331] design crystnotes has unconnected port led[15]
WARNING: [Synth 8-3331] design crystnotes has unconnected port led[14]
WARNING: [Synth 8-3331] design crystnotes has unconnected port led[13]
WARNING: [Synth 8-3331] design crystnotes has unconnected port led[12]
WARNING: [Synth 8-3331] design crystnotes has unconnected port led[11]
WARNING: [Synth 8-3331] design crystnotes has unconnected port led[10]
WARNING: [Synth 8-3331] design crystnotes has unconnected port led[9]
WARNING: [Synth 8-3331] design crystnotes has unconnected port led[8]
WARNING: [Synth 8-3331] design crystnotes has unconnected port led[7]
WARNING: [Synth 8-3331] design crystnotes has unconnected port led[6]
WARNING: [Synth 8-3331] design crystnotes has unconnected port led[5]
WARNING: [Synth 8-3331] design crystnotes has unconnected port led[4]
WARNING: [Synth 8-3331] design crystnotes has unconnected port led[3]
WARNING: [Synth 8-3331] design crystnotes has unconnected port led[2]
WARNING: [Synth 8-3331] design crystnotes has unconnected port led[1]
WARNING: [Synth 8-3331] design crystnotes has unconnected port led[0]
WARNING: [Synth 8-3331] design crystnotes has unconnected port sw[13]
WARNING: [Synth 8-3331] design crystnotes has unconnected port sw[12]
WARNING: [Synth 8-3331] design crystnotes has unconnected port sw[11]
WARNING: [Synth 8-3331] design crystnotes has unconnected port sw[10]
WARNING: [Synth 8-3331] design crystnotes has unconnected port sw[9]
WARNING: [Synth 8-3331] design crystnotes has unconnected port sw[8]
WARNING: [Synth 8-3331] design crystnotes has unconnected port sw[7]
WARNING: [Synth 8-3331] design crystnotes has unconnected port sw[6]
WARNING: [Synth 8-3331] design crystnotes has unconnected port sw[5]
WARNING: [Synth 8-3331] design crystnotes has unconnected port sw[4]
WARNING: [Synth 8-3331] design crystnotes has unconnected port sw[3]
WARNING: [Synth 8-3331] design crystnotes has unconnected port sw[2]
WARNING: [Synth 8-3331] design crystnotes has unconnected port sw[1]
WARNING: [Synth 8-3331] design crystnotes has unconnected port sw[0]
---------------------------------------------------------------------------------
Finished RTL Elaboration : Time (s): cpu = 00:00:04 ; elapsed = 00:00:04 . Memory (MB): peak = 957.336 ; gain = 178.738 ; free physical = 1812 ; free virtual = 13116
---------------------------------------------------------------------------------

Report Check Netlist: 
+------+------------------+-------+---------+-------+------------------+
|      |Item              |Errors |Warnings |Status |Description       |
+------+------------------+-------+---------+-------+------------------+
|1     |multi_driven_nets |      0|        0|Passed |Multi driven nets |
+------+------------------+-------+---------+-------+------------------+
---------------------------------------------------------------------------------
Finished RTL Optimization Phase 1 : Time (s): cpu = 00:00:04 ; elapsed = 00:00:04 . Memory (MB): peak = 957.336 ; gain = 178.738 ; free physical = 1812 ; free virtual = 13117
---------------------------------------------------------------------------------
INFO: [Device 21-403] Loading part xc7a35tcpg236-1
INFO: [Project 1-570] Preparing netlist for logic optimization

Processing XDC Constraints
Initializing timing engine
Parsing XDC File [/home/physics/Labs/week11/week11_20181211_project1_crystnotes/week11_20181211_project1_crystnotes.srcs/constrs_1/imports/Labs/Basys3_Master.xdc]
Finished Parsing XDC File [/home/physics/Labs/week11/week11_20181211_project1_crystnotes/week11_20181211_project1_crystnotes.srcs/constrs_1/imports/Labs/Basys3_Master.xdc]
Completed Processing XDC Constraints

INFO: [Project 1-111] Unisim Transformation Summary:
No Unisim elements were transformed.

Constraint Validation Runtime : Time (s): cpu = 00:00:00.01 ; elapsed = 00:00:00 . Memory (MB): peak = 1254.367 ; gain = 0.000 ; free physical = 1646 ; free virtual = 12950
---------------------------------------------------------------------------------
Finished Constraint Validation : Time (s): cpu = 00:00:09 ; elapsed = 00:00:09 . Memory (MB): peak = 1254.367 ; gain = 475.770 ; free physical = 1645 ; free virtual = 12950
---------------------------------------------------------------------------------
---------------------------------------------------------------------------------
Start Loading Part and Timing Information
---------------------------------------------------------------------------------
Loading part: xc7a35tcpg236-1
---------------------------------------------------------------------------------
Finished Loading Part and Timing Information : Time (s): cpu = 00:00:09 ; elapsed = 00:00:09 . Memory (MB): peak = 1254.367 ; gain = 475.770 ; free physical = 1645 ; free virtual = 12950
---------------------------------------------------------------------------------
---------------------------------------------------------------------------------
Start Applying 'set_property' XDC Constraints
---------------------------------------------------------------------------------
---------------------------------------------------------------------------------
Finished applying 'set_property' XDC Constraints : Time (s): cpu = 00:00:09 ; elapsed = 00:00:09 . Memory (MB): peak = 1254.367 ; gain = 475.770 ; free physical = 1645 ; free virtual = 12950
---------------------------------------------------------------------------------
WARNING: [Synth 8-327] inferring latch for variable 'JC1_reg' [/home/physics/Labs/week11/week11_20181211_project1_crystnotes/week11_20181211_project1_crystnotes.srcs/sources_1/new/crystnotes.vhd:63]
WARNING: [Synth 8-327] inferring latch for variable 'note_next_reg' [/home/physics/Labs/week11/week11_20181211_project1_crystnotes/week11_20181211_project1_crystnotes.srcs/sources_1/new/crystnotes.vhd:54]
---------------------------------------------------------------------------------
Finished RTL Optimization Phase 2 : Time (s): cpu = 00:00:09 ; elapsed = 00:00:10 . Memory (MB): peak = 1254.367 ; gain = 475.770 ; free physical = 1630 ; free virtual = 12934
---------------------------------------------------------------------------------

Report RTL Partitions: 
+-+--------------+------------+----------+
| |RTL Partition |Replication |Instances |
+-+--------------+------------+----------+
+-+--------------+------------+----------+
---------------------------------------------------------------------------------
Start RTL Component Statistics 
---------------------------------------------------------------------------------
Detailed RTL Component Info : 
+---Adders : 
	   2 Input     32 Bit       Adders := 1     
+---Registers : 
	               32 Bit    Registers := 1     
	                3 Bit    Registers := 1     
+---Muxes : 
	   2 Input     32 Bit        Muxes := 8     
	   4 Input      3 Bit        Muxes := 1     
	   2 Input      1 Bit        Muxes := 7     
---------------------------------------------------------------------------------
Finished RTL Component Statistics 
---------------------------------------------------------------------------------
---------------------------------------------------------------------------------
Start RTL Hierarchical Component Statistics 
---------------------------------------------------------------------------------
Hierarchical RTL Component report 
Module crystnotes 
Detailed RTL Component Info : 
+---Adders : 
	   2 Input     32 Bit       Adders := 1     
+---Registers : 
	               32 Bit    Registers := 1     
	                3 Bit    Registers := 1     
+---Muxes : 
	   2 Input     32 Bit        Muxes := 8     
	   4 Input      3 Bit        Muxes := 1     
	   2 Input      1 Bit        Muxes := 7     
---------------------------------------------------------------------------------
Finished RTL Hierarchical Component Statistics
---------------------------------------------------------------------------------
---------------------------------------------------------------------------------
Start Part Resource Summary
---------------------------------------------------------------------------------
Part Resources:
DSPs: 120 (col length:60)
BRAMs: 150 (col length: RAMB18 60 RAMB36 30)
---------------------------------------------------------------------------------
Finished Part Resource Summary
---------------------------------------------------------------------------------
Start Parallel Synthesis Optimization  : Time (s): cpu = 00:00:09 ; elapsed = 00:00:10 . Memory (MB): peak = 1254.367 ; gain = 475.770 ; free physical = 1630 ; free virtual = 12934
---------------------------------------------------------------------------------
Start Cross Boundary Optimization
---------------------------------------------------------------------------------
WARNING: [Synth 8-3331] design crystnotes has unconnected port led[15]
WARNING: [Synth 8-3331] design crystnotes has unconnected port led[14]
WARNING: [Synth 8-3331] design crystnotes has unconnected port led[13]
WARNING: [Synth 8-3331] design crystnotes has unconnected port led[12]
WARNING: [Synth 8-3331] design crystnotes has unconnected port led[11]
WARNING: [Synth 8-3331] design crystnotes has unconnected port led[10]
WARNING: [Synth 8-3331] design crystnotes has unconnected port led[9]
WARNING: [Synth 8-3331] design crystnotes has unconnected port led[8]
WARNING: [Synth 8-3331] design crystnotes has unconnected port led[7]
WARNING: [Synth 8-3331] design crystnotes has unconnected port led[6]
WARNING: [Synth 8-3331] design crystnotes has unconnected port led[5]
WARNING: [Synth 8-3331] design crystnotes has unconnected port led[4]
WARNING: [Synth 8-3331] design crystnotes has unconnected port led[3]
WARNING: [Synth 8-3331] design crystnotes has unconnected port led[2]
WARNING: [Synth 8-3331] design crystnotes has unconnected port led[1]
WARNING: [Synth 8-3331] design crystnotes has unconnected port led[0]
WARNING: [Synth 8-3331] design crystnotes has unconnected port sw[13]
WARNING: [Synth 8-3331] design crystnotes has unconnected port sw[12]
WARNING: [Synth 8-3331] design crystnotes has unconnected port sw[11]
WARNING: [Synth 8-3331] design crystnotes has unconnected port sw[10]
WARNING: [Synth 8-3331] design crystnotes has unconnected port sw[9]
WARNING: [Synth 8-3331] design crystnotes has unconnected port sw[8]
WARNING: [Synth 8-3331] design crystnotes has unconnected port sw[7]
WARNING: [Synth 8-3331] design crystnotes has unconnected port sw[6]
WARNING: [Synth 8-3331] design crystnotes has unconnected port sw[5]
WARNING: [Synth 8-3331] design crystnotes has unconnected port sw[4]
WARNING: [Synth 8-3331] design crystnotes has unconnected port sw[3]
WARNING: [Synth 8-3331] design crystnotes has unconnected port sw[2]
WARNING: [Synth 8-3331] design crystnotes has unconnected port sw[1]
WARNING: [Synth 8-3331] design crystnotes has unconnected port sw[0]
---------------------------------------------------------------------------------
Finished Cross Boundary Optimization : Time (s): cpu = 00:00:09 ; elapsed = 00:00:10 . Memory (MB): peak = 1254.367 ; gain = 475.770 ; free physical = 1630 ; free virtual = 12934
---------------------------------------------------------------------------------
Finished Parallel Reinference  : Time (s): cpu = 00:00:09 ; elapsed = 00:00:10 . Memory (MB): peak = 1254.367 ; gain = 475.770 ; free physical = 1630 ; free virtual = 12934

Report RTL Partitions: 
+-+--------------+------------+----------+
| |RTL Partition |Replication |Instances |
+-+--------------+------------+----------+
+-+--------------+------------+----------+
---------------------------------------------------------------------------------
Start Area Optimization
---------------------------------------------------------------------------------
---------------------------------------------------------------------------------
Finished Area Optimization : Time (s): cpu = 00:00:10 ; elapsed = 00:00:10 . Memory (MB): peak = 1254.367 ; gain = 475.770 ; free physical = 1614 ; free virtual = 12918
---------------------------------------------------------------------------------
Finished Parallel Area Optimization  : Time (s): cpu = 00:00:10 ; elapsed = 00:00:10 . Memory (MB): peak = 1254.367 ; gain = 475.770 ; free physical = 1614 ; free virtual = 12918

Report RTL Partitions: 
+-+--------------+------------+----------+
| |RTL Partition |Replication |Instances |
+-+--------------+------------+----------+
+-+--------------+------------+----------+
Finished Parallel Synthesis Optimization  : Time (s): cpu = 00:00:10 ; elapsed = 00:00:10 . Memory (MB): peak = 1254.367 ; gain = 475.770 ; free physical = 1614 ; free virtual = 12918
---------------------------------------------------------------------------------
Start Timing Optimization
---------------------------------------------------------------------------------
---------------------------------------------------------------------------------
Start Applying XDC Timing Constraints
---------------------------------------------------------------------------------
---------------------------------------------------------------------------------
Finished Applying XDC Timing Constraints : Time (s): cpu = 00:00:16 ; elapsed = 00:00:16 . Memory (MB): peak = 1254.367 ; gain = 475.770 ; free physical = 1576 ; free virtual = 12880
---------------------------------------------------------------------------------
---------------------------------------------------------------------------------
Finished Timing Optimization : Time (s): cpu = 00:00:16 ; elapsed = 00:00:16 . Memory (MB): peak = 1254.367 ; gain = 475.770 ; free physical = 1576 ; free virtual = 12880
---------------------------------------------------------------------------------

Report RTL Partitions: 
+-+--------------+------------+----------+
| |RTL Partition |Replication |Instances |
+-+--------------+------------+----------+
+-+--------------+------------+----------+
---------------------------------------------------------------------------------
Start Technology Mapping
---------------------------------------------------------------------------------
WARNING: [Synth 8-3332] Sequential element (\note_next_reg[2] ) is unused and will be removed from module crystnotes.
WARNING: [Synth 8-3332] Sequential element (\note_next_reg[1] ) is unused and will be removed from module crystnotes.
WARNING: [Synth 8-3332] Sequential element (\note_next_reg[0] ) is unused and will be removed from module crystnotes.
---------------------------------------------------------------------------------
Finished Technology Mapping : Time (s): cpu = 00:00:16 ; elapsed = 00:00:16 . Memory (MB): peak = 1254.367 ; gain = 475.770 ; free physical = 1558 ; free virtual = 12862
---------------------------------------------------------------------------------

Report RTL Partitions: 
+-+--------------+------------+----------+
| |RTL Partition |Replication |Instances |
+-+--------------+------------+----------+
+-+--------------+------------+----------+
---------------------------------------------------------------------------------
Start IO Insertion
---------------------------------------------------------------------------------
---------------------------------------------------------------------------------
Start Final Netlist Cleanup
---------------------------------------------------------------------------------
---------------------------------------------------------------------------------
Finished Final Netlist Cleanup
---------------------------------------------------------------------------------
---------------------------------------------------------------------------------
Finished IO Insertion : Time (s): cpu = 00:00:16 ; elapsed = 00:00:16 . Memory (MB): peak = 1254.367 ; gain = 475.770 ; free physical = 1558 ; free virtual = 12862
---------------------------------------------------------------------------------

Report Check Netlist: 
+------+------------------+-------+---------+-------+------------------+
|      |Item              |Errors |Warnings |Status |Description       |
+------+------------------+-------+---------+-------+------------------+
|1     |multi_driven_nets |      0|        0|Passed |Multi driven nets |
+------+------------------+-------+---------+-------+------------------+
---------------------------------------------------------------------------------
Start Renaming Generated Instances
---------------------------------------------------------------------------------
---------------------------------------------------------------------------------
Finished Renaming Generated Instances : Time (s): cpu = 00:00:16 ; elapsed = 00:00:16 . Memory (MB): peak = 1254.367 ; gain = 475.770 ; free physical = 1558 ; free virtual = 12862
---------------------------------------------------------------------------------

Report RTL Partitions: 
+-+--------------+------------+----------+
| |RTL Partition |Replication |Instances |
+-+--------------+------------+----------+
+-+--------------+------------+----------+
---------------------------------------------------------------------------------
Start Rebuilding User Hierarchy
---------------------------------------------------------------------------------
---------------------------------------------------------------------------------
Finished Rebuilding User Hierarchy : Time (s): cpu = 00:00:16 ; elapsed = 00:00:16 . Memory (MB): peak = 1254.367 ; gain = 475.770 ; free physical = 1558 ; free virtual = 12862
---------------------------------------------------------------------------------
---------------------------------------------------------------------------------
Start Renaming Generated Ports : Time (s): cpu = 00:00:16 ; elapsed = 00:00:16 . Memory (MB): peak = 1254.367 ; gain = 475.770 ; free physical = 1558 ; free virtual = 12862
---------------------------------------------------------------------------------
---------------------------------------------------------------------------------
Finished Renaming Generated Ports : Time (s): cpu = 00:00:16 ; elapsed = 00:00:16 . Memory (MB): peak = 1254.367 ; gain = 475.770 ; free physical = 1558 ; free virtual = 12862
---------------------------------------------------------------------------------
---------------------------------------------------------------------------------
Start Writing Synthesis Report
---------------------------------------------------------------------------------

Report BlackBoxes: 
+-+--------------+----------+
| |BlackBox name |Instances |
+-+--------------+----------+
+-+--------------+----------+

Report Cell Usage: 
+------+-------+------+
|      |Cell   |Count |
+------+-------+------+
|1     |BUFG   |     1|
|2     |CARRY4 |     8|
|3     |LUT1   |    32|
|4     |LUT2   |     6|
|5     |LUT3   |     4|
|6     |LUT4   |     1|
|7     |LUT5   |    10|
|8     |LUT6   |    17|
|9     |MUXF7  |     1|
|10    |FDRE   |    35|
|11    |LD     |     1|
|12    |IBUF   |     3|
|13    |OBUF   |     1|
|14    |OBUFT  |    16|
+------+-------+------+

Report Instance Areas: 
+------+---------+-------+------+
|      |Instance |Module |Cells |
+------+---------+-------+------+
|1     |top      |       |   136|
+------+---------+-------+------+
---------------------------------------------------------------------------------
Finished Writing Synthesis Report : Time (s): cpu = 00:00:16 ; elapsed = 00:00:16 . Memory (MB): peak = 1254.367 ; gain = 475.770 ; free physical = 1558 ; free virtual = 12862
---------------------------------------------------------------------------------
Synthesis finished with 0 errors, 0 critical warnings and 35 warnings.
Synthesis Optimization Runtime : Time (s): cpu = 00:00:11 ; elapsed = 00:00:11 . Memory (MB): peak = 1254.367 ; gain = 70.281 ; free physical = 1550 ; free virtual = 12854
Synthesis Optimization Complete : Time (s): cpu = 00:00:16 ; elapsed = 00:00:16 . Memory (MB): peak = 1254.367 ; gain = 475.770 ; free physical = 1550 ; free virtual = 12854
INFO: [Project 1-571] Translating synthesized netlist
INFO: [Netlist 29-17] Analyzing 12 Unisim elements for replacement
INFO: [Netlist 29-28] Unisim Transformation completed in 0 CPU seconds
INFO: [Project 1-570] Preparing netlist for logic optimization
INFO: [Opt 31-138] Pushed 0 inverter(s) to 0 load pin(s).
INFO: [Project 1-111] Unisim Transformation Summary:
  A total of 1 instances were transformed.
  LD => LDCE: 1 instances

INFO: [Common 17-83] Releasing license: Synthesis
14 Infos, 69 Warnings, 0 Critical Warnings and 0 Errors encountered.
synth_design completed successfully
synth_design: Time (s): cpu = 00:00:15 ; elapsed = 00:00:15 . Memory (MB): peak = 1254.367 ; gain = 367.312 ; free physical = 1549 ; free virtual = 12854
report_utilization: Time (s): cpu = 00:00:00.65 ; elapsed = 00:00:00.66 . Memory (MB): peak = 1286.383 ; gain = 0.000 ; free physical = 1549 ; free virtual = 12853
INFO: [Common 17-206] Exiting Vivado at Tue Dec 11 16:37:53 2018...
