15:10:03 INFO  : Processing command line option -hwspec /home/physics/Labs/week14/week14_20190212_project1_sharedmem/week14_20190212_project1_sharedmem.sdk/design_1_wrapper.hdf.
15:10:05 INFO  : Launching XSDB server: xsdb -n -s /opt/Xilinx/SDK/2015.1/scripts/xsdb/xsdb/xsdb-server.tcl 2450
15:10:06 INFO  : XSDB server has started successfully.
16:41:17 INFO  : Launching XSDB server: xsdb -n -s /opt/Xilinx/SDK/2015.1/scripts/xsdb/xsdb/xsdb-server.tcl 2450
16:41:18 INFO  : Processing command line option -hwspec /home/physics/Labs/week14/week14_20190212_project1_sharedmem/week14_20190212_project1_sharedmem.sdk/design_1_wrapper.hdf.
16:41:18 INFO  : XSDB server has started successfully.
16:41:19 INFO  : Checking for hwspec changes in the project design_1_wrapper_hw_platform_0.
16:41:19 INFO  : SDK has detected change in the last modified timestamps for source hardware specification file Source:1549989556000,  Project:1549984080000
16:41:19 INFO  : The hardware specification for project 'design_1_wrapper_hw_platform_0' is different from /home/physics/Labs/week14/week14_20190212_project1_sharedmem/week14_20190212_project1_sharedmem.sdk/design_1_wrapper.hdf.
16:41:19 INFO  : Copied contents of /home/physics/Labs/week14/week14_20190212_project1_sharedmem/week14_20190212_project1_sharedmem.sdk/design_1_wrapper.hdf into /design_1_wrapper_hw_platform_0/system.hdf.
16:41:19 INFO  : Synchronizing projects in the workspace with the hardware platform specification changes.
16:41:20 INFO  : 
16:41:21 INFO  : Updating hardware inferred compiler options for SharedMemory.
16:41:21 INFO  : Clearing existing target manager status.
16:48:20 INFO  : Connected to target on host '127.0.0.1' and port '3121'.
16:48:20 INFO  : 'targets -set -filter {jtag_cable_name =~ "Digilent Basys3 210183A27BC4A" && level==0} -index 0' command is executed.
16:48:28 INFO  : FPGA configured successfully with bitstream "/home/physics/Labs/week14/week14_20190212_project1_sharedmem/week14_20190212_project1_sharedmem.sdk/design_1_wrapper_hw_platform_0/design_1_wrapper.bit"
16:48:35 INFO  : Connected to target on host '127.0.0.1' and port '3121'.
16:48:35 INFO  : 'targets -set -filter {jtag_cable_name =~ "Digilent Basys3 210183A27BC4A" && level==0} -index 0' command is executed.
16:48:35 INFO  : 'fpga -state' command is executed.
16:48:35 INFO  : Connected to target on host '127.0.0.1' and port '3121'.
16:48:35 INFO  : Context for processor 'microblaze_0' is selected.
16:48:35 INFO  : Processor reset is completed for 'microblaze_0'.
16:48:35 INFO  : Context for processor 'microblaze_0' is selected.
16:48:36 INFO  : The application '/home/physics/Labs/week14/week14_20190212_project1_sharedmem/week14_20190212_project1_sharedmem.sdk/SharedMemory/Debug/SharedMemory.elf' is downloaded to processor 'microblaze_0'.
16:48:36 INFO  : ----------------XSDB Script----------------
connect -url tcp:127.0.0.1:3121
targets -set -nocase -filter {name =~ "microblaze*#0" && jtag_cable_name =~ "Digilent Basys3 210183A27BC4A"} -index 0
rst -processor
targets -set -nocase -filter {name =~ "microblaze*#0" && jtag_cable_name =~ "Digilent Basys3 210183A27BC4A"} -index 0
dow /home/physics/Labs/week14/week14_20190212_project1_sharedmem/week14_20190212_project1_sharedmem.sdk/SharedMemory/Debug/SharedMemory.elf
----------------End of Script----------------

16:48:36 INFO  : Context for processor 'microblaze_0' is selected.
16:48:36 INFO  : 'con' command is executed.
16:48:36 INFO  : ----------------XSDB Script (After Launch)----------------
targets -set -nocase -filter {name =~ "microblaze*#0" && jtag_cable_name =~ "Digilent Basys3 210183A27BC4A"} -index 0
con
----------------End of Script----------------

16:48:58 INFO  : Disconnected from the channel tcfchan#1.
16:48:59 ERROR : Unexpected error while parsing XMD response ￿: com.google.gson.JsonSyntaxException: com.google.gson.stream.MalformedJsonException: invalid number or unquoted string near 
14:41:11 INFO  : Processing command line option -hwspec /home/physics/Labs/week14/week14_20190212_project1_sharedmem/week14_20190212_project1_sharedmem.sdk/design_1_wrapper.hdf.
14:41:11 INFO  : Launching XSDB server: xsdb -n -s /opt/Xilinx/SDK/2015.1/scripts/xsdb/xsdb/xsdb-server.tcl 2450
14:41:12 INFO  : XSDB server has started successfully.
14:41:13 INFO  : Checking for hwspec changes in the project design_1_wrapper_hw_platform_0.
14:47:39 INFO  : Processing command line option -hwspec /home/physics/Labs/week14/week14_20190212_project1_sharedmem/week14_20190212_project1_sharedmem.sdk/design_1_wrapper.hdf.
14:47:40 INFO  : Launching XSDB server: xsdb -n -s /opt/Xilinx/SDK/2015.1/scripts/xsdb/xsdb/xsdb-server.tcl 2450
14:47:41 INFO  : XSDB server has started successfully.
14:47:41 INFO  : Checking for hwspec changes in the project design_1_wrapper_hw_platform_0.
14:48:17 INFO  : Connected to target on host '127.0.0.1' and port '3121'.
14:48:17 INFO  : 'targets -set -filter {jtag_cable_name =~ "Digilent Basys3 210183A27BC4A" && level==0} -index 0' command is executed.
14:48:19 INFO  : FPGA configured successfully with bitstream "/home/physics/Labs/week14/week14_20190212_project1_sharedmem/week14_20190212_project1_sharedmem.sdk/design_1_wrapper_hw_platform_0/design_1_wrapper.bit"
14:48:51 INFO  : Connected to target on host '127.0.0.1' and port '3121'.
14:48:51 INFO  : 'targets -set -filter {jtag_cable_name =~ "Digilent Basys3 210183A27BC4A" && level==0} -index 0' command is executed.
14:48:51 INFO  : 'fpga -state' command is executed.
14:48:51 INFO  : Connected to target on host '127.0.0.1' and port '3121'.
14:48:51 INFO  : Context for processor 'microblaze_0' is selected.
14:48:52 INFO  : Processor reset is completed for 'microblaze_0'.
14:48:52 INFO  : Context for processor 'microblaze_0' is selected.
14:48:52 INFO  : The application '/home/physics/Labs/week14/week14_20190212_project1_sharedmem/week14_20190212_project1_sharedmem.sdk/SharedMemory/Debug/SharedMemory.elf' is downloaded to processor 'microblaze_0'.
14:48:52 INFO  : ----------------XSDB Script----------------
connect -url tcp:127.0.0.1:3121
targets -set -nocase -filter {name =~ "microblaze*#0" && jtag_cable_name =~ "Digilent Basys3 210183A27BC4A"} -index 0
rst -processor
targets -set -nocase -filter {name =~ "microblaze*#0" && jtag_cable_name =~ "Digilent Basys3 210183A27BC4A"} -index 0
dow /home/physics/Labs/week14/week14_20190212_project1_sharedmem/week14_20190212_project1_sharedmem.sdk/SharedMemory/Debug/SharedMemory.elf
----------------End of Script----------------

14:48:52 INFO  : Context for processor 'microblaze_0' is selected.
14:48:52 INFO  : 'con' command is executed.
14:48:52 INFO  : ----------------XSDB Script (After Launch)----------------
targets -set -nocase -filter {name =~ "microblaze*#0" && jtag_cable_name =~ "Digilent Basys3 210183A27BC4A"} -index 0
con
----------------End of Script----------------

14:55:20 INFO  : Disconnected from the channel tcfchan#1.
14:55:21 ERROR : Unexpected error while parsing XMD response ￿: com.google.gson.JsonSyntaxException: com.google.gson.stream.MalformedJsonException: invalid number or unquoted string near 
