#-----------------------------------------------------------
# Webtalk v2015.1 (64-bit)
# SW Build 1215546 on Mon Apr 27 19:19:00 MDT 2015
# 
# Start of session at: Tue Feb  5 14:44:36 2019
# Process ID: 7982
# Log file: /home/physics/Labs/week13/20190205_week13_project1a_microblazeat2/20190205_week13_project1a_microblazeat2.sdk/webtalk/webtalk.log
# Journal file: /home/physics/Labs/week13/20190205_week13_project1a_microblazeat2/20190205_week13_project1a_microblazeat2.sdk/webtalk/webtalk.jou
#-----------------------------------------------------------
source sdk_webtalk.tcl
# webtalk_init -webtalk_dir /home/physics/Labs/week13/20190205_week13_project1a_microblazeat2/20190205_week13_project1a_microblazeat2.sdk/webtalk
# webtalk_register_client -client project
# webtalk_add_data -client project -key date_generated -value "Tue Feb 5 14:44:35 2019" -context "software_version_and_target_device"
# webtalk_add_data -client project -key product_version -value "SDK v2015.1" -context "software_version_and_target_device"
# webtalk_add_data -client project -key build_version -value "2015.1" -context "software_version_and_target_device"
# webtalk_add_data -client project -key os_platform -value "amd64" -context "software_version_and_target_device"
# webtalk_add_data -client project -key registration_id -value "200191577_1777487703_0_020" -context "software_version_and_target_device"
# webtalk_add_data -client project -key tool_flow -value "SDK" -context "software_version_and_target_device"
# webtalk_add_data -client project -key beta -value "false" -context "software_version_and_target_device"
# webtalk_add_data -client project -key route_design -value "NA" -context "software_version_and_target_device"
# webtalk_add_data -client project -key target_family -value "NA" -context "software_version_and_target_device"
# webtalk_add_data -client project -key target_device -value "NA" -context "software_version_and_target_device"
# webtalk_add_data -client project -key target_package -value "NA" -context "software_version_and_target_device"
# webtalk_add_data -client project -key target_speed -value "NA" -context "software_version_and_target_device"
# webtalk_add_data -client project -key random_id -value "b8kd30dgbogquilsn9rcmfc7fd" -context "software_version_and_target_device"
# webtalk_add_data -client project -key project_id -value "2015.1_1" -context "software_version_and_target_device"
# webtalk_add_data -client project -key project_iteration -value "1" -context "software_version_and_target_device"
# webtalk_add_data -client project -key os_name -value "Ubuntu" -context "user_environment"
# webtalk_add_data -client project -key os_release -value "Ubuntu 16.04.5 LTS" -context "user_environment"
# webtalk_add_data -client project -key cpu_name -value "Intel(R) Core(TM) i7-7500U CPU @ 2.70GHz" -context "user_environment"
# webtalk_add_data -client project -key cpu_speed -value "3500.604 MHz" -context "user_environment"
# webtalk_add_data -client project -key total_processors -value "1" -context "user_environment"
# webtalk_add_data -client project -key system_ram -value "8.000 GB" -context "user_environment"
# webtalk_register_client -client sdk
# webtalk_add_data -client sdk -key uid -value "1549377165000" -context "sdk\\\\hardware/1549377165000"
# webtalk_add_data -client sdk -key isZynq -value "false" -context "sdk\\\\hardware/1549377165000"
# webtalk_add_data -client sdk -key Processors -value "1" -context "sdk\\\\hardware/1549377165000"
# webtalk_add_data -client sdk -key VivadoVersion -value "2015.1" -context "sdk\\\\hardware/1549377165000"
# webtalk_add_data -client sdk -key Arch -value "artix7" -context "sdk\\\\hardware/1549377165000"
# webtalk_add_data -client sdk -key Device -value "7a35t" -context "sdk\\\\hardware/1549377165000"
# webtalk_add_data -client sdk -key IsHandoff -value "true" -context "sdk\\\\hardware/1549377165000"
# webtalk_transmit -clientid 3762181295 -regid "200191577_1777487703_0_020" -xml /home/physics/Labs/week13/20190205_week13_project1a_microblazeat2/20190205_week13_project1a_microblazeat2.sdk/webtalk/usage_statistics_ext_sdk.xml -html /home/physics/Labs/week13/20190205_week13_project1a_microblazeat2/20190205_week13_project1a_microblazeat2.sdk/webtalk/usage_statistics_ext_sdk.html -wdm /home/physics/Labs/week13/20190205_week13_project1a_microblazeat2/20190205_week13_project1a_microblazeat2.sdk/webtalk/sdk_webtalk.wdm -intro "<H3>SDK Usage Report</H3><BR>"

    while executing
"webtalk_transmit -clientid 3762181295 -regid "200191577_1777487703_0_020" -xml /home/physics/Labs/week13/20190205_week13_project1a_microblazeat2/20190..."
    (file "sdk_webtalk.tcl" line 32)
INFO: [Common 17-206] Exiting Webtalk at Tue Feb  5 14:44:36 2019...
