Copyright 1986-2015 Xilinx, Inc. All Rights Reserved.
-----------------------------------------------------------------------------------------------------------------------------------------------------------
| Tool Version : Vivado v.2015.1 (lin64) Build 1215546 Mon Apr 27 19:07:21 MDT 2015
| Date         : Tue Oct 16 14:55:14 2018
| Host         : physics-ThinkPad-13-2nd-Gen running 64-bit Ubuntu 16.04.5 LTS
| Command      : report_timing_summary -warn_on_violation -max_paths 10 -file Sevbittwo_timing_summary_routed.rpt -rpx Sevbittwo_timing_summary_routed.rpx
| Design       : Sevbittwo
| Device       : 7a35t-cpg236
| Speed File   : -1  PRODUCTION 1.14 2014-09-11
-----------------------------------------------------------------------------------------------------------------------------------------------------------

Timing Summary Report

------------------------------------------------------------------------------------------------
| Timer Settings
| --------------
------------------------------------------------------------------------------------------------

  Enable Multi Corner Analysis               :  Yes
  Enable Pessimism Removal                   :  Yes
  Pessimism Removal Resolution               :  Nearest Common Node
  Enable Input Delay Default Clock           :  No
  Enable Preset / Clear Arcs                 :  No
  Disable Flight Delays                      :  No

  Corner  Analyze    Analyze    
  Name    Max Paths  Min Paths  
  ------  ---------  ---------  
  Slow    Yes        Yes        
  Fast    Yes        Yes        



check_timing report

Table of Contents
-----------------
1. checking no_clock
2. checking constant_clock
3. checking pulse_width_clock
4. checking unconstrained_internal_endpoints
5. checking no_input_delay
6. checking no_output_delay
7. checking multiple_clock
8. checking generated_clocks
9. checking loops
10. checking partial_input_delay
11. checking partial_output_delay
12. checking latch_loops

1. checking no_clock
--------------------
 There are 3 register/latch pins with no clock driven by root clock pin: count_reg_reg[17]/C (HIGH)

 There are 3 register/latch pins with no clock driven by root clock pin: count_reg_reg[18]/C (HIGH)


2. checking constant_clock
--------------------------
 There are 0 register/latch pins with constant_clock.


3. checking pulse_width_clock
-----------------------------
 There are 0 register/latch pins which need pulse_width check


4. checking unconstrained_internal_endpoints
--------------------------------------------
 There are 0 pins that are not constrained for maximum delay.

 There are 0 pins that are not constrained for maximum delay due to constant clock.


5. checking no_input_delay
--------------------------
 There are 0 input ports with no input delay specified.

 There are 0 input ports with no input delay but user has a false path constraint.


6. checking no_output_delay
---------------------------
 There are 15 ports with no output delay specified. (HIGH)

 There are 0 ports with no output delay but user has a false path constraint

 There are 0 ports with no output delay but with a timing clock defined on it or propagating through it


7. checking multiple_clock
--------------------------
 There are 0 register/latch pins with multiple clocks.


8. checking generated_clocks
----------------------------
 There are 0 generated clocks that are not connected to a clock source.


9. checking loops
-----------------
 There are 0 combinational loops in the design.


10. checking partial_input_delay
--------------------------------
 There are 0 input ports with partial input delay specified.


11. checking partial_output_delay
---------------------------------
 There are 0 ports with partial output delay specified.


12. checking latch_loops
------------------------
 There are 0 combinational latch loops in the design through latch input



------------------------------------------------------------------------------------------------
| Design Timing Summary
| ---------------------
------------------------------------------------------------------------------------------------

    WNS(ns)      TNS(ns)  TNS Failing Endpoints  TNS Total Endpoints      WHS(ns)      THS(ns)  THS Failing Endpoints  THS Total Endpoints     WPWS(ns)     TPWS(ns)  TPWS Failing Endpoints  TPWS Total Endpoints  
    -------      -------  ---------------------  -------------------      -------      -------  ---------------------  -------------------     --------     --------  ----------------------  --------------------  
      7.719        0.000                      0                   19        0.252        0.000                      0                   19        4.500        0.000                       0                    20  


All user specified timing constraints are met.


------------------------------------------------------------------------------------------------
| Clock Summary
| -------------
------------------------------------------------------------------------------------------------

Clock        Waveform(ns)       Period(ns)      Frequency(MHz)
-----        ------------       ----------      --------------
sys_clk_pin  {0.000 5.000}      10.000          100.000         


------------------------------------------------------------------------------------------------
| Intra Clock Table
| -----------------
------------------------------------------------------------------------------------------------

Clock             WNS(ns)      TNS(ns)  TNS Failing Endpoints  TNS Total Endpoints      WHS(ns)      THS(ns)  THS Failing Endpoints  THS Total Endpoints     WPWS(ns)     TPWS(ns)  TPWS Failing Endpoints  TPWS Total Endpoints  
-----             -------      -------  ---------------------  -------------------      -------      -------  ---------------------  -------------------     --------     --------  ----------------------  --------------------  
sys_clk_pin         7.719        0.000                      0                   19        0.252        0.000                      0                   19        4.500        0.000                       0                    20  


------------------------------------------------------------------------------------------------
| Inter Clock Table
| -----------------
------------------------------------------------------------------------------------------------

From Clock    To Clock          WNS(ns)      TNS(ns)  TNS Failing Endpoints  TNS Total Endpoints      WHS(ns)      THS(ns)  THS Failing Endpoints  THS Total Endpoints  
----------    --------          -------      -------  ---------------------  -------------------      -------      -------  ---------------------  -------------------  


------------------------------------------------------------------------------------------------
| Other Path Groups Table
| -----------------------
------------------------------------------------------------------------------------------------

Path Group    From Clock    To Clock          WNS(ns)      TNS(ns)  TNS Failing Endpoints  TNS Total Endpoints      WHS(ns)      THS(ns)  THS Failing Endpoints  THS Total Endpoints  
----------    ----------    --------          -------      -------  ---------------------  -------------------      -------      -------  ---------------------  -------------------  


------------------------------------------------------------------------------------------------
| Timing Details
| --------------
------------------------------------------------------------------------------------------------


---------------------------------------------------------------------------------------------------
From Clock:  sys_clk_pin
  To Clock:  sys_clk_pin

Setup :            0  Failing Endpoints,  Worst Slack        7.719ns,  Total Violation        0.000ns
Hold  :            0  Failing Endpoints,  Worst Slack        0.252ns,  Total Violation        0.000ns
PW    :            0  Failing Endpoints,  Worst Slack        4.500ns,  Total Violation        0.000ns
---------------------------------------------------------------------------------------------------


Max Delay Paths
--------------------------------------------------------------------------------------
Slack (MET) :             7.719ns  (required time - arrival time)
  Source:                 count_reg_reg[1]/C
                            (rising edge-triggered cell FDRE clocked by sys_clk_pin  {rise@0.000ns fall@5.000ns period=10.000ns})
  Destination:            count_reg_reg[17]/D
                            (rising edge-triggered cell FDRE clocked by sys_clk_pin  {rise@0.000ns fall@5.000ns period=10.000ns})
  Path Group:             sys_clk_pin
  Path Type:              Setup (Max at Slow Process Corner)
  Requirement:            10.000ns  (sys_clk_pin rise@10.000ns - sys_clk_pin rise@0.000ns)
  Data Path Delay:        2.286ns  (logic 1.806ns (78.986%)  route 0.480ns (21.014%))
  Logic Levels:           5  (CARRY4=5)
  Clock Path Skew:        -0.021ns (DCD - SCD + CPR)
    Destination Clock Delay (DCD):    4.856ns = ( 14.856 - 10.000 ) 
    Source Clock Delay      (SCD):    5.151ns
    Clock Pessimism Removal (CPR):    0.274ns
  Clock Uncertainty:      0.035ns  ((TSJ^2 + TIJ^2)^1/2 + DJ) / 2 + PE
    Total System Jitter     (TSJ):    0.071ns
    Total Input Jitter      (TIJ):    0.000ns
    Discrete Jitter          (DJ):    0.000ns
    Phase Error              (PE):    0.000ns

    Location             Delay type                Incr(ns)  Path(ns)    Netlist Resource(s)
  -------------------------------------------------------------------    -------------------
                         (clock sys_clk_pin rise edge)
                                                      0.000     0.000 r  
    W5                                                0.000     0.000 r  clk (IN)
                         net (fo=0)                   0.000     0.000    clk
    W5                   IBUF (Prop_ibuf_I_O)         1.458     1.458 r  clk_IBUF_inst/O
                         net (fo=1, routed)           1.967     3.425    clk_IBUF
    BUFGCTRL_X0Y0        BUFG (Prop_bufg_I_O)         0.096     3.521 r  clk_IBUF_BUFG_inst/O
                         net (fo=19, routed)          1.630     5.151    clk_IBUF_BUFG
    SLICE_X65Y33         FDRE                                         r  count_reg_reg[1]/C
  -------------------------------------------------------------------    -------------------
    SLICE_X65Y33         FDRE (Prop_fdre_C_Q)         0.456     5.607 r  count_reg_reg[1]/Q
                         net (fo=1, routed)           0.480     6.088    count_reg_reg_n_0_[1]
    SLICE_X65Y33         CARRY4 (Prop_carry4_S[1]_CO[3])
                                                      0.674     6.762 r  count_reg_reg[0]_i_1/CO[3]
                         net (fo=1, routed)           0.000     6.762    count_reg_reg[0]_i_1_n_0
    SLICE_X65Y34         CARRY4 (Prop_carry4_CI_CO[3])
                                                      0.114     6.876 r  count_reg_reg[4]_i_1/CO[3]
                         net (fo=1, routed)           0.000     6.876    count_reg_reg[4]_i_1_n_0
    SLICE_X65Y35         CARRY4 (Prop_carry4_CI_CO[3])
                                                      0.114     6.990 r  count_reg_reg[8]_i_1/CO[3]
                         net (fo=1, routed)           0.000     6.990    count_reg_reg[8]_i_1_n_0
    SLICE_X65Y36         CARRY4 (Prop_carry4_CI_CO[3])
                                                      0.114     7.104 r  count_reg_reg[12]_i_1/CO[3]
                         net (fo=1, routed)           0.000     7.104    count_reg_reg[12]_i_1_n_0
    SLICE_X65Y37         CARRY4 (Prop_carry4_CI_O[1])
                                                      0.334     7.438 r  count_reg_reg[16]_i_1/O[1]
                         net (fo=1, routed)           0.000     7.438    count_reg_reg[16]_i_1_n_6
    SLICE_X65Y37         FDRE                                         r  count_reg_reg[17]/D
  -------------------------------------------------------------------    -------------------

                         (clock sys_clk_pin rise edge)
                                                     10.000    10.000 r  
    W5                                                0.000    10.000 r  clk (IN)
                         net (fo=0)                   0.000    10.000    clk
    W5                   IBUF (Prop_ibuf_I_O)         1.388    11.388 r  clk_IBUF_inst/O
                         net (fo=1, routed)           1.862    13.250    clk_IBUF
    BUFGCTRL_X0Y0        BUFG (Prop_bufg_I_O)         0.091    13.341 r  clk_IBUF_BUFG_inst/O
                         net (fo=19, routed)          1.515    14.856    clk_IBUF_BUFG
    SLICE_X65Y37         FDRE                                         r  count_reg_reg[17]/C
                         clock pessimism              0.274    15.130    
                         clock uncertainty           -0.035    15.095    
    SLICE_X65Y37         FDRE (Setup_fdre_C_D)        0.062    15.157    count_reg_reg[17]
  -------------------------------------------------------------------
                         required time                         15.157    
                         arrival time                          -7.438    
  -------------------------------------------------------------------
                         slack                                  7.719    

Slack (MET) :             7.814ns  (required time - arrival time)
  Source:                 count_reg_reg[1]/C
                            (rising edge-triggered cell FDRE clocked by sys_clk_pin  {rise@0.000ns fall@5.000ns period=10.000ns})
  Destination:            count_reg_reg[18]/D
                            (rising edge-triggered cell FDRE clocked by sys_clk_pin  {rise@0.000ns fall@5.000ns period=10.000ns})
  Path Group:             sys_clk_pin
  Path Type:              Setup (Max at Slow Process Corner)
  Requirement:            10.000ns  (sys_clk_pin rise@10.000ns - sys_clk_pin rise@0.000ns)
  Data Path Delay:        2.191ns  (logic 1.711ns (78.075%)  route 0.480ns (21.925%))
  Logic Levels:           5  (CARRY4=5)
  Clock Path Skew:        -0.021ns (DCD - SCD + CPR)
    Destination Clock Delay (DCD):    4.856ns = ( 14.856 - 10.000 ) 
    Source Clock Delay      (SCD):    5.151ns
    Clock Pessimism Removal (CPR):    0.274ns
  Clock Uncertainty:      0.035ns  ((TSJ^2 + TIJ^2)^1/2 + DJ) / 2 + PE
    Total System Jitter     (TSJ):    0.071ns
    Total Input Jitter      (TIJ):    0.000ns
    Discrete Jitter          (DJ):    0.000ns
    Phase Error              (PE):    0.000ns

    Location             Delay type                Incr(ns)  Path(ns)    Netlist Resource(s)
  -------------------------------------------------------------------    -------------------
                         (clock sys_clk_pin rise edge)
                                                      0.000     0.000 r  
    W5                                                0.000     0.000 r  clk (IN)
                         net (fo=0)                   0.000     0.000    clk
    W5                   IBUF (Prop_ibuf_I_O)         1.458     1.458 r  clk_IBUF_inst/O
                         net (fo=1, routed)           1.967     3.425    clk_IBUF
    BUFGCTRL_X0Y0        BUFG (Prop_bufg_I_O)         0.096     3.521 r  clk_IBUF_BUFG_inst/O
                         net (fo=19, routed)          1.630     5.151    clk_IBUF_BUFG
    SLICE_X65Y33         FDRE                                         r  count_reg_reg[1]/C
  -------------------------------------------------------------------    -------------------
    SLICE_X65Y33         FDRE (Prop_fdre_C_Q)         0.456     5.607 r  count_reg_reg[1]/Q
                         net (fo=1, routed)           0.480     6.088    count_reg_reg_n_0_[1]
    SLICE_X65Y33         CARRY4 (Prop_carry4_S[1]_CO[3])
                                                      0.674     6.762 r  count_reg_reg[0]_i_1/CO[3]
                         net (fo=1, routed)           0.000     6.762    count_reg_reg[0]_i_1_n_0
    SLICE_X65Y34         CARRY4 (Prop_carry4_CI_CO[3])
                                                      0.114     6.876 r  count_reg_reg[4]_i_1/CO[3]
                         net (fo=1, routed)           0.000     6.876    count_reg_reg[4]_i_1_n_0
    SLICE_X65Y35         CARRY4 (Prop_carry4_CI_CO[3])
                                                      0.114     6.990 r  count_reg_reg[8]_i_1/CO[3]
                         net (fo=1, routed)           0.000     6.990    count_reg_reg[8]_i_1_n_0
    SLICE_X65Y36         CARRY4 (Prop_carry4_CI_CO[3])
                                                      0.114     7.104 r  count_reg_reg[12]_i_1/CO[3]
                         net (fo=1, routed)           0.000     7.104    count_reg_reg[12]_i_1_n_0
    SLICE_X65Y37         CARRY4 (Prop_carry4_CI_O[2])
                                                      0.239     7.343 r  count_reg_reg[16]_i_1/O[2]
                         net (fo=1, routed)           0.000     7.343    count_reg_reg[16]_i_1_n_5
    SLICE_X65Y37         FDRE                                         r  count_reg_reg[18]/D
  -------------------------------------------------------------------    -------------------

                         (clock sys_clk_pin rise edge)
                                                     10.000    10.000 r  
    W5                                                0.000    10.000 r  clk (IN)
                         net (fo=0)                   0.000    10.000    clk
    W5                   IBUF (Prop_ibuf_I_O)         1.388    11.388 r  clk_IBUF_inst/O
                         net (fo=1, routed)           1.862    13.250    clk_IBUF
    BUFGCTRL_X0Y0        BUFG (Prop_bufg_I_O)         0.091    13.341 r  clk_IBUF_BUFG_inst/O
                         net (fo=19, routed)          1.515    14.856    clk_IBUF_BUFG
    SLICE_X65Y37         FDRE                                         r  count_reg_reg[18]/C
                         clock pessimism              0.274    15.130    
                         clock uncertainty           -0.035    15.095    
    SLICE_X65Y37         FDRE (Setup_fdre_C_D)        0.062    15.157    count_reg_reg[18]
  -------------------------------------------------------------------
                         required time                         15.157    
                         arrival time                          -7.343    
  -------------------------------------------------------------------
                         slack                                  7.814    

Slack (MET) :             7.830ns  (required time - arrival time)
  Source:                 count_reg_reg[1]/C
                            (rising edge-triggered cell FDRE clocked by sys_clk_pin  {rise@0.000ns fall@5.000ns period=10.000ns})
  Destination:            count_reg_reg[16]/D
                            (rising edge-triggered cell FDRE clocked by sys_clk_pin  {rise@0.000ns fall@5.000ns period=10.000ns})
  Path Group:             sys_clk_pin
  Path Type:              Setup (Max at Slow Process Corner)
  Requirement:            10.000ns  (sys_clk_pin rise@10.000ns - sys_clk_pin rise@0.000ns)
  Data Path Delay:        2.175ns  (logic 1.695ns (77.914%)  route 0.480ns (22.086%))
  Logic Levels:           5  (CARRY4=5)
  Clock Path Skew:        -0.021ns (DCD - SCD + CPR)
    Destination Clock Delay (DCD):    4.856ns = ( 14.856 - 10.000 ) 
    Source Clock Delay      (SCD):    5.151ns
    Clock Pessimism Removal (CPR):    0.274ns
  Clock Uncertainty:      0.035ns  ((TSJ^2 + TIJ^2)^1/2 + DJ) / 2 + PE
    Total System Jitter     (TSJ):    0.071ns
    Total Input Jitter      (TIJ):    0.000ns
    Discrete Jitter          (DJ):    0.000ns
    Phase Error              (PE):    0.000ns

    Location             Delay type                Incr(ns)  Path(ns)    Netlist Resource(s)
  -------------------------------------------------------------------    -------------------
                         (clock sys_clk_pin rise edge)
                                                      0.000     0.000 r  
    W5                                                0.000     0.000 r  clk (IN)
                         net (fo=0)                   0.000     0.000    clk
    W5                   IBUF (Prop_ibuf_I_O)         1.458     1.458 r  clk_IBUF_inst/O
                         net (fo=1, routed)           1.967     3.425    clk_IBUF
    BUFGCTRL_X0Y0        BUFG (Prop_bufg_I_O)         0.096     3.521 r  clk_IBUF_BUFG_inst/O
                         net (fo=19, routed)          1.630     5.151    clk_IBUF_BUFG
    SLICE_X65Y33         FDRE                                         r  count_reg_reg[1]/C
  -------------------------------------------------------------------    -------------------
    SLICE_X65Y33         FDRE (Prop_fdre_C_Q)         0.456     5.607 r  count_reg_reg[1]/Q
                         net (fo=1, routed)           0.480     6.088    count_reg_reg_n_0_[1]
    SLICE_X65Y33         CARRY4 (Prop_carry4_S[1]_CO[3])
                                                      0.674     6.762 r  count_reg_reg[0]_i_1/CO[3]
                         net (fo=1, routed)           0.000     6.762    count_reg_reg[0]_i_1_n_0
    SLICE_X65Y34         CARRY4 (Prop_carry4_CI_CO[3])
                                                      0.114     6.876 r  count_reg_reg[4]_i_1/CO[3]
                         net (fo=1, routed)           0.000     6.876    count_reg_reg[4]_i_1_n_0
    SLICE_X65Y35         CARRY4 (Prop_carry4_CI_CO[3])
                                                      0.114     6.990 r  count_reg_reg[8]_i_1/CO[3]
                         net (fo=1, routed)           0.000     6.990    count_reg_reg[8]_i_1_n_0
    SLICE_X65Y36         CARRY4 (Prop_carry4_CI_CO[3])
                                                      0.114     7.104 r  count_reg_reg[12]_i_1/CO[3]
                         net (fo=1, routed)           0.000     7.104    count_reg_reg[12]_i_1_n_0
    SLICE_X65Y37         CARRY4 (Prop_carry4_CI_O[0])
                                                      0.223     7.327 r  count_reg_reg[16]_i_1/O[0]
                         net (fo=1, routed)           0.000     7.327    count_reg_reg[16]_i_1_n_7
    SLICE_X65Y37         FDRE                                         r  count_reg_reg[16]/D
  -------------------------------------------------------------------    -------------------

                         (clock sys_clk_pin rise edge)
                                                     10.000    10.000 r  
    W5                                                0.000    10.000 r  clk (IN)
                         net (fo=0)                   0.000    10.000    clk
    W5                   IBUF (Prop_ibuf_I_O)         1.388    11.388 r  clk_IBUF_inst/O
                         net (fo=1, routed)           1.862    13.250    clk_IBUF
    BUFGCTRL_X0Y0        BUFG (Prop_bufg_I_O)         0.091    13.341 r  clk_IBUF_BUFG_inst/O
                         net (fo=19, routed)          1.515    14.856    clk_IBUF_BUFG
    SLICE_X65Y37         FDRE                                         r  count_reg_reg[16]/C
                         clock pessimism              0.274    15.130    
                         clock uncertainty           -0.035    15.095    
    SLICE_X65Y37         FDRE (Setup_fdre_C_D)        0.062    15.157    count_reg_reg[16]
  -------------------------------------------------------------------
                         required time                         15.157    
                         arrival time                          -7.327    
  -------------------------------------------------------------------
                         slack                                  7.830    

Slack (MET) :             7.832ns  (required time - arrival time)
  Source:                 count_reg_reg[1]/C
                            (rising edge-triggered cell FDRE clocked by sys_clk_pin  {rise@0.000ns fall@5.000ns period=10.000ns})
  Destination:            count_reg_reg[13]/D
                            (rising edge-triggered cell FDRE clocked by sys_clk_pin  {rise@0.000ns fall@5.000ns period=10.000ns})
  Path Group:             sys_clk_pin
  Path Type:              Setup (Max at Slow Process Corner)
  Requirement:            10.000ns  (sys_clk_pin rise@10.000ns - sys_clk_pin rise@0.000ns)
  Data Path Delay:        2.172ns  (logic 1.692ns (77.883%)  route 0.480ns (22.117%))
  Logic Levels:           4  (CARRY4=4)
  Clock Path Skew:        -0.022ns (DCD - SCD + CPR)
    Destination Clock Delay (DCD):    4.855ns = ( 14.855 - 10.000 ) 
    Source Clock Delay      (SCD):    5.151ns
    Clock Pessimism Removal (CPR):    0.274ns
  Clock Uncertainty:      0.035ns  ((TSJ^2 + TIJ^2)^1/2 + DJ) / 2 + PE
    Total System Jitter     (TSJ):    0.071ns
    Total Input Jitter      (TIJ):    0.000ns
    Discrete Jitter          (DJ):    0.000ns
    Phase Error              (PE):    0.000ns

    Location             Delay type                Incr(ns)  Path(ns)    Netlist Resource(s)
  -------------------------------------------------------------------    -------------------
                         (clock sys_clk_pin rise edge)
                                                      0.000     0.000 r  
    W5                                                0.000     0.000 r  clk (IN)
                         net (fo=0)                   0.000     0.000    clk
    W5                   IBUF (Prop_ibuf_I_O)         1.458     1.458 r  clk_IBUF_inst/O
                         net (fo=1, routed)           1.967     3.425    clk_IBUF
    BUFGCTRL_X0Y0        BUFG (Prop_bufg_I_O)         0.096     3.521 r  clk_IBUF_BUFG_inst/O
                         net (fo=19, routed)          1.630     5.151    clk_IBUF_BUFG
    SLICE_X65Y33         FDRE                                         r  count_reg_reg[1]/C
  -------------------------------------------------------------------    -------------------
    SLICE_X65Y33         FDRE (Prop_fdre_C_Q)         0.456     5.607 r  count_reg_reg[1]/Q
                         net (fo=1, routed)           0.480     6.088    count_reg_reg_n_0_[1]
    SLICE_X65Y33         CARRY4 (Prop_carry4_S[1]_CO[3])
                                                      0.674     6.762 r  count_reg_reg[0]_i_1/CO[3]
                         net (fo=1, routed)           0.000     6.762    count_reg_reg[0]_i_1_n_0
    SLICE_X65Y34         CARRY4 (Prop_carry4_CI_CO[3])
                                                      0.114     6.876 r  count_reg_reg[4]_i_1/CO[3]
                         net (fo=1, routed)           0.000     6.876    count_reg_reg[4]_i_1_n_0
    SLICE_X65Y35         CARRY4 (Prop_carry4_CI_CO[3])
                                                      0.114     6.990 r  count_reg_reg[8]_i_1/CO[3]
                         net (fo=1, routed)           0.000     6.990    count_reg_reg[8]_i_1_n_0
    SLICE_X65Y36         CARRY4 (Prop_carry4_CI_O[1])
                                                      0.334     7.324 r  count_reg_reg[12]_i_1/O[1]
                         net (fo=1, routed)           0.000     7.324    count_reg_reg[12]_i_1_n_6
    SLICE_X65Y36         FDRE                                         r  count_reg_reg[13]/D
  -------------------------------------------------------------------    -------------------

                         (clock sys_clk_pin rise edge)
                                                     10.000    10.000 r  
    W5                                                0.000    10.000 r  clk (IN)
                         net (fo=0)                   0.000    10.000    clk
    W5                   IBUF (Prop_ibuf_I_O)         1.388    11.388 r  clk_IBUF_inst/O
                         net (fo=1, routed)           1.862    13.250    clk_IBUF
    BUFGCTRL_X0Y0        BUFG (Prop_bufg_I_O)         0.091    13.341 r  clk_IBUF_BUFG_inst/O
                         net (fo=19, routed)          1.514    14.855    clk_IBUF_BUFG
    SLICE_X65Y36         FDRE                                         r  count_reg_reg[13]/C
                         clock pessimism              0.274    15.129    
                         clock uncertainty           -0.035    15.094    
    SLICE_X65Y36         FDRE (Setup_fdre_C_D)        0.062    15.156    count_reg_reg[13]
  -------------------------------------------------------------------
                         required time                         15.156    
                         arrival time                          -7.324    
  -------------------------------------------------------------------
                         slack                                  7.832    

Slack (MET) :             7.853ns  (required time - arrival time)
  Source:                 count_reg_reg[1]/C
                            (rising edge-triggered cell FDRE clocked by sys_clk_pin  {rise@0.000ns fall@5.000ns period=10.000ns})
  Destination:            count_reg_reg[15]/D
                            (rising edge-triggered cell FDRE clocked by sys_clk_pin  {rise@0.000ns fall@5.000ns period=10.000ns})
  Path Group:             sys_clk_pin
  Path Type:              Setup (Max at Slow Process Corner)
  Requirement:            10.000ns  (sys_clk_pin rise@10.000ns - sys_clk_pin rise@0.000ns)
  Data Path Delay:        2.151ns  (logic 1.671ns (77.667%)  route 0.480ns (22.333%))
  Logic Levels:           4  (CARRY4=4)
  Clock Path Skew:        -0.022ns (DCD - SCD + CPR)
    Destination Clock Delay (DCD):    4.855ns = ( 14.855 - 10.000 ) 
    Source Clock Delay      (SCD):    5.151ns
    Clock Pessimism Removal (CPR):    0.274ns
  Clock Uncertainty:      0.035ns  ((TSJ^2 + TIJ^2)^1/2 + DJ) / 2 + PE
    Total System Jitter     (TSJ):    0.071ns
    Total Input Jitter      (TIJ):    0.000ns
    Discrete Jitter          (DJ):    0.000ns
    Phase Error              (PE):    0.000ns

    Location             Delay type                Incr(ns)  Path(ns)    Netlist Resource(s)
  -------------------------------------------------------------------    -------------------
                         (clock sys_clk_pin rise edge)
                                                      0.000     0.000 r  
    W5                                                0.000     0.000 r  clk (IN)
                         net (fo=0)                   0.000     0.000    clk
    W5                   IBUF (Prop_ibuf_I_O)         1.458     1.458 r  clk_IBUF_inst/O
                         net (fo=1, routed)           1.967     3.425    clk_IBUF
    BUFGCTRL_X0Y0        BUFG (Prop_bufg_I_O)         0.096     3.521 r  clk_IBUF_BUFG_inst/O
                         net (fo=19, routed)          1.630     5.151    clk_IBUF_BUFG
    SLICE_X65Y33         FDRE                                         r  count_reg_reg[1]/C
  -------------------------------------------------------------------    -------------------
    SLICE_X65Y33         FDRE (Prop_fdre_C_Q)         0.456     5.607 r  count_reg_reg[1]/Q
                         net (fo=1, routed)           0.480     6.088    count_reg_reg_n_0_[1]
    SLICE_X65Y33         CARRY4 (Prop_carry4_S[1]_CO[3])
                                                      0.674     6.762 r  count_reg_reg[0]_i_1/CO[3]
                         net (fo=1, routed)           0.000     6.762    count_reg_reg[0]_i_1_n_0
    SLICE_X65Y34         CARRY4 (Prop_carry4_CI_CO[3])
                                                      0.114     6.876 r  count_reg_reg[4]_i_1/CO[3]
                         net (fo=1, routed)           0.000     6.876    count_reg_reg[4]_i_1_n_0
    SLICE_X65Y35         CARRY4 (Prop_carry4_CI_CO[3])
                                                      0.114     6.990 r  count_reg_reg[8]_i_1/CO[3]
                         net (fo=1, routed)           0.000     6.990    count_reg_reg[8]_i_1_n_0
    SLICE_X65Y36         CARRY4 (Prop_carry4_CI_O[3])
                                                      0.313     7.303 r  count_reg_reg[12]_i_1/O[3]
                         net (fo=1, routed)           0.000     7.303    count_reg_reg[12]_i_1_n_4
    SLICE_X65Y36         FDRE                                         r  count_reg_reg[15]/D
  -------------------------------------------------------------------    -------------------

                         (clock sys_clk_pin rise edge)
                                                     10.000    10.000 r  
    W5                                                0.000    10.000 r  clk (IN)
                         net (fo=0)                   0.000    10.000    clk
    W5                   IBUF (Prop_ibuf_I_O)         1.388    11.388 r  clk_IBUF_inst/O
                         net (fo=1, routed)           1.862    13.250    clk_IBUF
    BUFGCTRL_X0Y0        BUFG (Prop_bufg_I_O)         0.091    13.341 r  clk_IBUF_BUFG_inst/O
                         net (fo=19, routed)          1.514    14.855    clk_IBUF_BUFG
    SLICE_X65Y36         FDRE                                         r  count_reg_reg[15]/C
                         clock pessimism              0.274    15.129    
                         clock uncertainty           -0.035    15.094    
    SLICE_X65Y36         FDRE (Setup_fdre_C_D)        0.062    15.156    count_reg_reg[15]
  -------------------------------------------------------------------
                         required time                         15.156    
                         arrival time                          -7.303    
  -------------------------------------------------------------------
                         slack                                  7.853    

Slack (MET) :             7.927ns  (required time - arrival time)
  Source:                 count_reg_reg[1]/C
                            (rising edge-triggered cell FDRE clocked by sys_clk_pin  {rise@0.000ns fall@5.000ns period=10.000ns})
  Destination:            count_reg_reg[14]/D
                            (rising edge-triggered cell FDRE clocked by sys_clk_pin  {rise@0.000ns fall@5.000ns period=10.000ns})
  Path Group:             sys_clk_pin
  Path Type:              Setup (Max at Slow Process Corner)
  Requirement:            10.000ns  (sys_clk_pin rise@10.000ns - sys_clk_pin rise@0.000ns)
  Data Path Delay:        2.077ns  (logic 1.597ns (76.872%)  route 0.480ns (23.128%))
  Logic Levels:           4  (CARRY4=4)
  Clock Path Skew:        -0.022ns (DCD - SCD + CPR)
    Destination Clock Delay (DCD):    4.855ns = ( 14.855 - 10.000 ) 
    Source Clock Delay      (SCD):    5.151ns
    Clock Pessimism Removal (CPR):    0.274ns
  Clock Uncertainty:      0.035ns  ((TSJ^2 + TIJ^2)^1/2 + DJ) / 2 + PE
    Total System Jitter     (TSJ):    0.071ns
    Total Input Jitter      (TIJ):    0.000ns
    Discrete Jitter          (DJ):    0.000ns
    Phase Error              (PE):    0.000ns

    Location             Delay type                Incr(ns)  Path(ns)    Netlist Resource(s)
  -------------------------------------------------------------------    -------------------
                         (clock sys_clk_pin rise edge)
                                                      0.000     0.000 r  
    W5                                                0.000     0.000 r  clk (IN)
                         net (fo=0)                   0.000     0.000    clk
    W5                   IBUF (Prop_ibuf_I_O)         1.458     1.458 r  clk_IBUF_inst/O
                         net (fo=1, routed)           1.967     3.425    clk_IBUF
    BUFGCTRL_X0Y0        BUFG (Prop_bufg_I_O)         0.096     3.521 r  clk_IBUF_BUFG_inst/O
                         net (fo=19, routed)          1.630     5.151    clk_IBUF_BUFG
    SLICE_X65Y33         FDRE                                         r  count_reg_reg[1]/C
  -------------------------------------------------------------------    -------------------
    SLICE_X65Y33         FDRE (Prop_fdre_C_Q)         0.456     5.607 r  count_reg_reg[1]/Q
                         net (fo=1, routed)           0.480     6.088    count_reg_reg_n_0_[1]
    SLICE_X65Y33         CARRY4 (Prop_carry4_S[1]_CO[3])
                                                      0.674     6.762 r  count_reg_reg[0]_i_1/CO[3]
                         net (fo=1, routed)           0.000     6.762    count_reg_reg[0]_i_1_n_0
    SLICE_X65Y34         CARRY4 (Prop_carry4_CI_CO[3])
                                                      0.114     6.876 r  count_reg_reg[4]_i_1/CO[3]
                         net (fo=1, routed)           0.000     6.876    count_reg_reg[4]_i_1_n_0
    SLICE_X65Y35         CARRY4 (Prop_carry4_CI_CO[3])
                                                      0.114     6.990 r  count_reg_reg[8]_i_1/CO[3]
                         net (fo=1, routed)           0.000     6.990    count_reg_reg[8]_i_1_n_0
    SLICE_X65Y36         CARRY4 (Prop_carry4_CI_O[2])
                                                      0.239     7.229 r  count_reg_reg[12]_i_1/O[2]
                         net (fo=1, routed)           0.000     7.229    count_reg_reg[12]_i_1_n_5
    SLICE_X65Y36         FDRE                                         r  count_reg_reg[14]/D
  -------------------------------------------------------------------    -------------------

                         (clock sys_clk_pin rise edge)
                                                     10.000    10.000 r  
    W5                                                0.000    10.000 r  clk (IN)
                         net (fo=0)                   0.000    10.000    clk
    W5                   IBUF (Prop_ibuf_I_O)         1.388    11.388 r  clk_IBUF_inst/O
                         net (fo=1, routed)           1.862    13.250    clk_IBUF
    BUFGCTRL_X0Y0        BUFG (Prop_bufg_I_O)         0.091    13.341 r  clk_IBUF_BUFG_inst/O
                         net (fo=19, routed)          1.514    14.855    clk_IBUF_BUFG
    SLICE_X65Y36         FDRE                                         r  count_reg_reg[14]/C
                         clock pessimism              0.274    15.129    
                         clock uncertainty           -0.035    15.094    
    SLICE_X65Y36         FDRE (Setup_fdre_C_D)        0.062    15.156    count_reg_reg[14]
  -------------------------------------------------------------------
                         required time                         15.156    
                         arrival time                          -7.229    
  -------------------------------------------------------------------
                         slack                                  7.927    

Slack (MET) :             7.943ns  (required time - arrival time)
  Source:                 count_reg_reg[1]/C
                            (rising edge-triggered cell FDRE clocked by sys_clk_pin  {rise@0.000ns fall@5.000ns period=10.000ns})
  Destination:            count_reg_reg[12]/D
                            (rising edge-triggered cell FDRE clocked by sys_clk_pin  {rise@0.000ns fall@5.000ns period=10.000ns})
  Path Group:             sys_clk_pin
  Path Type:              Setup (Max at Slow Process Corner)
  Requirement:            10.000ns  (sys_clk_pin rise@10.000ns - sys_clk_pin rise@0.000ns)
  Data Path Delay:        2.061ns  (logic 1.581ns (76.692%)  route 0.480ns (23.308%))
  Logic Levels:           4  (CARRY4=4)
  Clock Path Skew:        -0.022ns (DCD - SCD + CPR)
    Destination Clock Delay (DCD):    4.855ns = ( 14.855 - 10.000 ) 
    Source Clock Delay      (SCD):    5.151ns
    Clock Pessimism Removal (CPR):    0.274ns
  Clock Uncertainty:      0.035ns  ((TSJ^2 + TIJ^2)^1/2 + DJ) / 2 + PE
    Total System Jitter     (TSJ):    0.071ns
    Total Input Jitter      (TIJ):    0.000ns
    Discrete Jitter          (DJ):    0.000ns
    Phase Error              (PE):    0.000ns

    Location             Delay type                Incr(ns)  Path(ns)    Netlist Resource(s)
  -------------------------------------------------------------------    -------------------
                         (clock sys_clk_pin rise edge)
                                                      0.000     0.000 r  
    W5                                                0.000     0.000 r  clk (IN)
                         net (fo=0)                   0.000     0.000    clk
    W5                   IBUF (Prop_ibuf_I_O)         1.458     1.458 r  clk_IBUF_inst/O
                         net (fo=1, routed)           1.967     3.425    clk_IBUF
    BUFGCTRL_X0Y0        BUFG (Prop_bufg_I_O)         0.096     3.521 r  clk_IBUF_BUFG_inst/O
                         net (fo=19, routed)          1.630     5.151    clk_IBUF_BUFG
    SLICE_X65Y33         FDRE                                         r  count_reg_reg[1]/C
  -------------------------------------------------------------------    -------------------
    SLICE_X65Y33         FDRE (Prop_fdre_C_Q)         0.456     5.607 r  count_reg_reg[1]/Q
                         net (fo=1, routed)           0.480     6.088    count_reg_reg_n_0_[1]
    SLICE_X65Y33         CARRY4 (Prop_carry4_S[1]_CO[3])
                                                      0.674     6.762 r  count_reg_reg[0]_i_1/CO[3]
                         net (fo=1, routed)           0.000     6.762    count_reg_reg[0]_i_1_n_0
    SLICE_X65Y34         CARRY4 (Prop_carry4_CI_CO[3])
                                                      0.114     6.876 r  count_reg_reg[4]_i_1/CO[3]
                         net (fo=1, routed)           0.000     6.876    count_reg_reg[4]_i_1_n_0
    SLICE_X65Y35         CARRY4 (Prop_carry4_CI_CO[3])
                                                      0.114     6.990 r  count_reg_reg[8]_i_1/CO[3]
                         net (fo=1, routed)           0.000     6.990    count_reg_reg[8]_i_1_n_0
    SLICE_X65Y36         CARRY4 (Prop_carry4_CI_O[0])
                                                      0.223     7.213 r  count_reg_reg[12]_i_1/O[0]
                         net (fo=1, routed)           0.000     7.213    count_reg_reg[12]_i_1_n_7
    SLICE_X65Y36         FDRE                                         r  count_reg_reg[12]/D
  -------------------------------------------------------------------    -------------------

                         (clock sys_clk_pin rise edge)
                                                     10.000    10.000 r  
    W5                                                0.000    10.000 r  clk (IN)
                         net (fo=0)                   0.000    10.000    clk
    W5                   IBUF (Prop_ibuf_I_O)         1.388    11.388 r  clk_IBUF_inst/O
                         net (fo=1, routed)           1.862    13.250    clk_IBUF
    BUFGCTRL_X0Y0        BUFG (Prop_bufg_I_O)         0.091    13.341 r  clk_IBUF_BUFG_inst/O
                         net (fo=19, routed)          1.514    14.855    clk_IBUF_BUFG
    SLICE_X65Y36         FDRE                                         r  count_reg_reg[12]/C
                         clock pessimism              0.274    15.129    
                         clock uncertainty           -0.035    15.094    
    SLICE_X65Y36         FDRE (Setup_fdre_C_D)        0.062    15.156    count_reg_reg[12]
  -------------------------------------------------------------------
                         required time                         15.156    
                         arrival time                          -7.213    
  -------------------------------------------------------------------
                         slack                                  7.943    

Slack (MET) :             7.946ns  (required time - arrival time)
  Source:                 count_reg_reg[1]/C
                            (rising edge-triggered cell FDRE clocked by sys_clk_pin  {rise@0.000ns fall@5.000ns period=10.000ns})
  Destination:            count_reg_reg[9]/D
                            (rising edge-triggered cell FDRE clocked by sys_clk_pin  {rise@0.000ns fall@5.000ns period=10.000ns})
  Path Group:             sys_clk_pin
  Path Type:              Setup (Max at Slow Process Corner)
  Requirement:            10.000ns  (sys_clk_pin rise@10.000ns - sys_clk_pin rise@0.000ns)
  Data Path Delay:        2.058ns  (logic 1.578ns (76.658%)  route 0.480ns (23.342%))
  Logic Levels:           3  (CARRY4=3)
  Clock Path Skew:        -0.022ns (DCD - SCD + CPR)
    Destination Clock Delay (DCD):    4.855ns = ( 14.855 - 10.000 ) 
    Source Clock Delay      (SCD):    5.151ns
    Clock Pessimism Removal (CPR):    0.274ns
  Clock Uncertainty:      0.035ns  ((TSJ^2 + TIJ^2)^1/2 + DJ) / 2 + PE
    Total System Jitter     (TSJ):    0.071ns
    Total Input Jitter      (TIJ):    0.000ns
    Discrete Jitter          (DJ):    0.000ns
    Phase Error              (PE):    0.000ns

    Location             Delay type                Incr(ns)  Path(ns)    Netlist Resource(s)
  -------------------------------------------------------------------    -------------------
                         (clock sys_clk_pin rise edge)
                                                      0.000     0.000 r  
    W5                                                0.000     0.000 r  clk (IN)
                         net (fo=0)                   0.000     0.000    clk
    W5                   IBUF (Prop_ibuf_I_O)         1.458     1.458 r  clk_IBUF_inst/O
                         net (fo=1, routed)           1.967     3.425    clk_IBUF
    BUFGCTRL_X0Y0        BUFG (Prop_bufg_I_O)         0.096     3.521 r  clk_IBUF_BUFG_inst/O
                         net (fo=19, routed)          1.630     5.151    clk_IBUF_BUFG
    SLICE_X65Y33         FDRE                                         r  count_reg_reg[1]/C
  -------------------------------------------------------------------    -------------------
    SLICE_X65Y33         FDRE (Prop_fdre_C_Q)         0.456     5.607 r  count_reg_reg[1]/Q
                         net (fo=1, routed)           0.480     6.088    count_reg_reg_n_0_[1]
    SLICE_X65Y33         CARRY4 (Prop_carry4_S[1]_CO[3])
                                                      0.674     6.762 r  count_reg_reg[0]_i_1/CO[3]
                         net (fo=1, routed)           0.000     6.762    count_reg_reg[0]_i_1_n_0
    SLICE_X65Y34         CARRY4 (Prop_carry4_CI_CO[3])
                                                      0.114     6.876 r  count_reg_reg[4]_i_1/CO[3]
                         net (fo=1, routed)           0.000     6.876    count_reg_reg[4]_i_1_n_0
    SLICE_X65Y35         CARRY4 (Prop_carry4_CI_O[1])
                                                      0.334     7.210 r  count_reg_reg[8]_i_1/O[1]
                         net (fo=1, routed)           0.000     7.210    count_reg_reg[8]_i_1_n_6
    SLICE_X65Y35         FDRE                                         r  count_reg_reg[9]/D
  -------------------------------------------------------------------    -------------------

                         (clock sys_clk_pin rise edge)
                                                     10.000    10.000 r  
    W5                                                0.000    10.000 r  clk (IN)
                         net (fo=0)                   0.000    10.000    clk
    W5                   IBUF (Prop_ibuf_I_O)         1.388    11.388 r  clk_IBUF_inst/O
                         net (fo=1, routed)           1.862    13.250    clk_IBUF
    BUFGCTRL_X0Y0        BUFG (Prop_bufg_I_O)         0.091    13.341 r  clk_IBUF_BUFG_inst/O
                         net (fo=19, routed)          1.514    14.855    clk_IBUF_BUFG
    SLICE_X65Y35         FDRE                                         r  count_reg_reg[9]/C
                         clock pessimism              0.274    15.129    
                         clock uncertainty           -0.035    15.094    
    SLICE_X65Y35         FDRE (Setup_fdre_C_D)        0.062    15.156    count_reg_reg[9]
  -------------------------------------------------------------------
                         required time                         15.156    
                         arrival time                          -7.210    
  -------------------------------------------------------------------
                         slack                                  7.946    

Slack (MET) :             7.967ns  (required time - arrival time)
  Source:                 count_reg_reg[1]/C
                            (rising edge-triggered cell FDRE clocked by sys_clk_pin  {rise@0.000ns fall@5.000ns period=10.000ns})
  Destination:            count_reg_reg[11]/D
                            (rising edge-triggered cell FDRE clocked by sys_clk_pin  {rise@0.000ns fall@5.000ns period=10.000ns})
  Path Group:             sys_clk_pin
  Path Type:              Setup (Max at Slow Process Corner)
  Requirement:            10.000ns  (sys_clk_pin rise@10.000ns - sys_clk_pin rise@0.000ns)
  Data Path Delay:        2.037ns  (logic 1.557ns (76.418%)  route 0.480ns (23.582%))
  Logic Levels:           3  (CARRY4=3)
  Clock Path Skew:        -0.022ns (DCD - SCD + CPR)
    Destination Clock Delay (DCD):    4.855ns = ( 14.855 - 10.000 ) 
    Source Clock Delay      (SCD):    5.151ns
    Clock Pessimism Removal (CPR):    0.274ns
  Clock Uncertainty:      0.035ns  ((TSJ^2 + TIJ^2)^1/2 + DJ) / 2 + PE
    Total System Jitter     (TSJ):    0.071ns
    Total Input Jitter      (TIJ):    0.000ns
    Discrete Jitter          (DJ):    0.000ns
    Phase Error              (PE):    0.000ns

    Location             Delay type                Incr(ns)  Path(ns)    Netlist Resource(s)
  -------------------------------------------------------------------    -------------------
                         (clock sys_clk_pin rise edge)
                                                      0.000     0.000 r  
    W5                                                0.000     0.000 r  clk (IN)
                         net (fo=0)                   0.000     0.000    clk
    W5                   IBUF (Prop_ibuf_I_O)         1.458     1.458 r  clk_IBUF_inst/O
                         net (fo=1, routed)           1.967     3.425    clk_IBUF
    BUFGCTRL_X0Y0        BUFG (Prop_bufg_I_O)         0.096     3.521 r  clk_IBUF_BUFG_inst/O
                         net (fo=19, routed)          1.630     5.151    clk_IBUF_BUFG
    SLICE_X65Y33         FDRE                                         r  count_reg_reg[1]/C
  -------------------------------------------------------------------    -------------------
    SLICE_X65Y33         FDRE (Prop_fdre_C_Q)         0.456     5.607 r  count_reg_reg[1]/Q
                         net (fo=1, routed)           0.480     6.088    count_reg_reg_n_0_[1]
    SLICE_X65Y33         CARRY4 (Prop_carry4_S[1]_CO[3])
                                                      0.674     6.762 r  count_reg_reg[0]_i_1/CO[3]
                         net (fo=1, routed)           0.000     6.762    count_reg_reg[0]_i_1_n_0
    SLICE_X65Y34         CARRY4 (Prop_carry4_CI_CO[3])
                                                      0.114     6.876 r  count_reg_reg[4]_i_1/CO[3]
                         net (fo=1, routed)           0.000     6.876    count_reg_reg[4]_i_1_n_0
    SLICE_X65Y35         CARRY4 (Prop_carry4_CI_O[3])
                                                      0.313     7.189 r  count_reg_reg[8]_i_1/O[3]
                         net (fo=1, routed)           0.000     7.189    count_reg_reg[8]_i_1_n_4
    SLICE_X65Y35         FDRE                                         r  count_reg_reg[11]/D
  -------------------------------------------------------------------    -------------------

                         (clock sys_clk_pin rise edge)
                                                     10.000    10.000 r  
    W5                                                0.000    10.000 r  clk (IN)
                         net (fo=0)                   0.000    10.000    clk
    W5                   IBUF (Prop_ibuf_I_O)         1.388    11.388 r  clk_IBUF_inst/O
                         net (fo=1, routed)           1.862    13.250    clk_IBUF
    BUFGCTRL_X0Y0        BUFG (Prop_bufg_I_O)         0.091    13.341 r  clk_IBUF_BUFG_inst/O
                         net (fo=19, routed)          1.514    14.855    clk_IBUF_BUFG
    SLICE_X65Y35         FDRE                                         r  count_reg_reg[11]/C
                         clock pessimism              0.274    15.129    
                         clock uncertainty           -0.035    15.094    
    SLICE_X65Y35         FDRE (Setup_fdre_C_D)        0.062    15.156    count_reg_reg[11]
  -------------------------------------------------------------------
                         required time                         15.156    
                         arrival time                          -7.189    
  -------------------------------------------------------------------
                         slack                                  7.967    

Slack (MET) :             8.041ns  (required time - arrival time)
  Source:                 count_reg_reg[1]/C
                            (rising edge-triggered cell FDRE clocked by sys_clk_pin  {rise@0.000ns fall@5.000ns period=10.000ns})
  Destination:            count_reg_reg[10]/D
                            (rising edge-triggered cell FDRE clocked by sys_clk_pin  {rise@0.000ns fall@5.000ns period=10.000ns})
  Path Group:             sys_clk_pin
  Path Type:              Setup (Max at Slow Process Corner)
  Requirement:            10.000ns  (sys_clk_pin rise@10.000ns - sys_clk_pin rise@0.000ns)
  Data Path Delay:        1.963ns  (logic 1.483ns (75.529%)  route 0.480ns (24.471%))
  Logic Levels:           3  (CARRY4=3)
  Clock Path Skew:        -0.022ns (DCD - SCD + CPR)
    Destination Clock Delay (DCD):    4.855ns = ( 14.855 - 10.000 ) 
    Source Clock Delay      (SCD):    5.151ns
    Clock Pessimism Removal (CPR):    0.274ns
  Clock Uncertainty:      0.035ns  ((TSJ^2 + TIJ^2)^1/2 + DJ) / 2 + PE
    Total System Jitter     (TSJ):    0.071ns
    Total Input Jitter      (TIJ):    0.000ns
    Discrete Jitter          (DJ):    0.000ns
    Phase Error              (PE):    0.000ns

    Location             Delay type                Incr(ns)  Path(ns)    Netlist Resource(s)
  -------------------------------------------------------------------    -------------------
                         (clock sys_clk_pin rise edge)
                                                      0.000     0.000 r  
    W5                                                0.000     0.000 r  clk (IN)
                         net (fo=0)                   0.000     0.000    clk
    W5                   IBUF (Prop_ibuf_I_O)         1.458     1.458 r  clk_IBUF_inst/O
                         net (fo=1, routed)           1.967     3.425    clk_IBUF
    BUFGCTRL_X0Y0        BUFG (Prop_bufg_I_O)         0.096     3.521 r  clk_IBUF_BUFG_inst/O
                         net (fo=19, routed)          1.630     5.151    clk_IBUF_BUFG
    SLICE_X65Y33         FDRE                                         r  count_reg_reg[1]/C
  -------------------------------------------------------------------    -------------------
    SLICE_X65Y33         FDRE (Prop_fdre_C_Q)         0.456     5.607 r  count_reg_reg[1]/Q
                         net (fo=1, routed)           0.480     6.088    count_reg_reg_n_0_[1]
    SLICE_X65Y33         CARRY4 (Prop_carry4_S[1]_CO[3])
                                                      0.674     6.762 r  count_reg_reg[0]_i_1/CO[3]
                         net (fo=1, routed)           0.000     6.762    count_reg_reg[0]_i_1_n_0
    SLICE_X65Y34         CARRY4 (Prop_carry4_CI_CO[3])
                                                      0.114     6.876 r  count_reg_reg[4]_i_1/CO[3]
                         net (fo=1, routed)           0.000     6.876    count_reg_reg[4]_i_1_n_0
    SLICE_X65Y35         CARRY4 (Prop_carry4_CI_O[2])
                                                      0.239     7.115 r  count_reg_reg[8]_i_1/O[2]
                         net (fo=1, routed)           0.000     7.115    count_reg_reg[8]_i_1_n_5
    SLICE_X65Y35         FDRE                                         r  count_reg_reg[10]/D
  -------------------------------------------------------------------    -------------------

                         (clock sys_clk_pin rise edge)
                                                     10.000    10.000 r  
    W5                                                0.000    10.000 r  clk (IN)
                         net (fo=0)                   0.000    10.000    clk
    W5                   IBUF (Prop_ibuf_I_O)         1.388    11.388 r  clk_IBUF_inst/O
                         net (fo=1, routed)           1.862    13.250    clk_IBUF
    BUFGCTRL_X0Y0        BUFG (Prop_bufg_I_O)         0.091    13.341 r  clk_IBUF_BUFG_inst/O
                         net (fo=19, routed)          1.514    14.855    clk_IBUF_BUFG
    SLICE_X65Y35         FDRE                                         r  count_reg_reg[10]/C
                         clock pessimism              0.274    15.129    
                         clock uncertainty           -0.035    15.094    
    SLICE_X65Y35         FDRE (Setup_fdre_C_D)        0.062    15.156    count_reg_reg[10]
  -------------------------------------------------------------------
                         required time                         15.156    
                         arrival time                          -7.115    
  -------------------------------------------------------------------
                         slack                                  8.041    





Min Delay Paths
--------------------------------------------------------------------------------------
Slack (MET) :             0.252ns  (arrival time - required time)
  Source:                 count_reg_reg[3]/C
                            (rising edge-triggered cell FDRE clocked by sys_clk_pin  {rise@0.000ns fall@5.000ns period=10.000ns})
  Destination:            count_reg_reg[3]/D
                            (rising edge-triggered cell FDRE clocked by sys_clk_pin  {rise@0.000ns fall@5.000ns period=10.000ns})
  Path Group:             sys_clk_pin
  Path Type:              Hold (Min at Fast Process Corner)
  Requirement:            0.000ns  (sys_clk_pin rise@0.000ns - sys_clk_pin rise@0.000ns)
  Data Path Delay:        0.357ns  (logic 0.249ns (69.714%)  route 0.108ns (30.286%))
  Logic Levels:           1  (CARRY4=1)
  Clock Path Skew:        0.000ns (DCD - SCD - CPR)
    Destination Clock Delay (DCD):    1.986ns
    Source Clock Delay      (SCD):    1.473ns
    Clock Pessimism Removal (CPR):    0.513ns

    Location             Delay type                Incr(ns)  Path(ns)    Netlist Resource(s)
  -------------------------------------------------------------------    -------------------
                         (clock sys_clk_pin rise edge)
                                                      0.000     0.000 r  
    W5                                                0.000     0.000 r  clk (IN)
                         net (fo=0)                   0.000     0.000    clk
    W5                   IBUF (Prop_ibuf_I_O)         0.226     0.226 r  clk_IBUF_inst/O
                         net (fo=1, routed)           0.631     0.858    clk_IBUF
    BUFGCTRL_X0Y0        BUFG (Prop_bufg_I_O)         0.026     0.884 r  clk_IBUF_BUFG_inst/O
                         net (fo=19, routed)          0.590     1.473    clk_IBUF_BUFG
    SLICE_X65Y33         FDRE                                         r  count_reg_reg[3]/C
  -------------------------------------------------------------------    -------------------
    SLICE_X65Y33         FDRE (Prop_fdre_C_Q)         0.141     1.614 r  count_reg_reg[3]/Q
                         net (fo=1, routed)           0.108     1.722    count_reg_reg_n_0_[3]
    SLICE_X65Y33         CARRY4 (Prop_carry4_S[3]_O[3])
                                                      0.108     1.830 r  count_reg_reg[0]_i_1/O[3]
                         net (fo=1, routed)           0.000     1.830    count_reg_reg[0]_i_1_n_4
    SLICE_X65Y33         FDRE                                         r  count_reg_reg[3]/D
  -------------------------------------------------------------------    -------------------

                         (clock sys_clk_pin rise edge)
                                                      0.000     0.000 r  
    W5                                                0.000     0.000 r  clk (IN)
                         net (fo=0)                   0.000     0.000    clk
    W5                   IBUF (Prop_ibuf_I_O)         0.414     0.414 r  clk_IBUF_inst/O
                         net (fo=1, routed)           0.685     1.099    clk_IBUF
    BUFGCTRL_X0Y0        BUFG (Prop_bufg_I_O)         0.029     1.128 r  clk_IBUF_BUFG_inst/O
                         net (fo=19, routed)          0.859     1.986    clk_IBUF_BUFG
    SLICE_X65Y33         FDRE                                         r  count_reg_reg[3]/C
                         clock pessimism             -0.513     1.473    
    SLICE_X65Y33         FDRE (Hold_fdre_C_D)         0.105     1.578    count_reg_reg[3]
  -------------------------------------------------------------------
                         required time                         -1.578    
                         arrival time                           1.830    
  -------------------------------------------------------------------
                         slack                                  0.252    

Slack (MET) :             0.252ns  (arrival time - required time)
  Source:                 count_reg_reg[7]/C
                            (rising edge-triggered cell FDRE clocked by sys_clk_pin  {rise@0.000ns fall@5.000ns period=10.000ns})
  Destination:            count_reg_reg[7]/D
                            (rising edge-triggered cell FDRE clocked by sys_clk_pin  {rise@0.000ns fall@5.000ns period=10.000ns})
  Path Group:             sys_clk_pin
  Path Type:              Hold (Min at Fast Process Corner)
  Requirement:            0.000ns  (sys_clk_pin rise@0.000ns - sys_clk_pin rise@0.000ns)
  Data Path Delay:        0.357ns  (logic 0.249ns (69.714%)  route 0.108ns (30.286%))
  Logic Levels:           1  (CARRY4=1)
  Clock Path Skew:        0.000ns (DCD - SCD - CPR)
    Destination Clock Delay (DCD):    1.987ns
    Source Clock Delay      (SCD):    1.474ns
    Clock Pessimism Removal (CPR):    0.513ns

    Location             Delay type                Incr(ns)  Path(ns)    Netlist Resource(s)
  -------------------------------------------------------------------    -------------------
                         (clock sys_clk_pin rise edge)
                                                      0.000     0.000 r  
    W5                                                0.000     0.000 r  clk (IN)
                         net (fo=0)                   0.000     0.000    clk
    W5                   IBUF (Prop_ibuf_I_O)         0.226     0.226 r  clk_IBUF_inst/O
                         net (fo=1, routed)           0.631     0.858    clk_IBUF
    BUFGCTRL_X0Y0        BUFG (Prop_bufg_I_O)         0.026     0.884 r  clk_IBUF_BUFG_inst/O
                         net (fo=19, routed)          0.591     1.474    clk_IBUF_BUFG
    SLICE_X65Y34         FDRE                                         r  count_reg_reg[7]/C
  -------------------------------------------------------------------    -------------------
    SLICE_X65Y34         FDRE (Prop_fdre_C_Q)         0.141     1.615 r  count_reg_reg[7]/Q
                         net (fo=1, routed)           0.108     1.723    count_reg_reg_n_0_[7]
    SLICE_X65Y34         CARRY4 (Prop_carry4_S[3]_O[3])
                                                      0.108     1.831 r  count_reg_reg[4]_i_1/O[3]
                         net (fo=1, routed)           0.000     1.831    count_reg_reg[4]_i_1_n_4
    SLICE_X65Y34         FDRE                                         r  count_reg_reg[7]/D
  -------------------------------------------------------------------    -------------------

                         (clock sys_clk_pin rise edge)
                                                      0.000     0.000 r  
    W5                                                0.000     0.000 r  clk (IN)
                         net (fo=0)                   0.000     0.000    clk
    W5                   IBUF (Prop_ibuf_I_O)         0.414     0.414 r  clk_IBUF_inst/O
                         net (fo=1, routed)           0.685     1.099    clk_IBUF
    BUFGCTRL_X0Y0        BUFG (Prop_bufg_I_O)         0.029     1.128 r  clk_IBUF_BUFG_inst/O
                         net (fo=19, routed)          0.860     1.987    clk_IBUF_BUFG
    SLICE_X65Y34         FDRE                                         r  count_reg_reg[7]/C
                         clock pessimism             -0.513     1.474    
    SLICE_X65Y34         FDRE (Hold_fdre_C_D)         0.105     1.579    count_reg_reg[7]
  -------------------------------------------------------------------
                         required time                         -1.579    
                         arrival time                           1.831    
  -------------------------------------------------------------------
                         slack                                  0.252    

Slack (MET) :             0.252ns  (arrival time - required time)
  Source:                 count_reg_reg[11]/C
                            (rising edge-triggered cell FDRE clocked by sys_clk_pin  {rise@0.000ns fall@5.000ns period=10.000ns})
  Destination:            count_reg_reg[11]/D
                            (rising edge-triggered cell FDRE clocked by sys_clk_pin  {rise@0.000ns fall@5.000ns period=10.000ns})
  Path Group:             sys_clk_pin
  Path Type:              Hold (Min at Fast Process Corner)
  Requirement:            0.000ns  (sys_clk_pin rise@0.000ns - sys_clk_pin rise@0.000ns)
  Data Path Delay:        0.357ns  (logic 0.249ns (69.714%)  route 0.108ns (30.286%))
  Logic Levels:           1  (CARRY4=1)
  Clock Path Skew:        0.000ns (DCD - SCD - CPR)
    Destination Clock Delay (DCD):    1.988ns
    Source Clock Delay      (SCD):    1.474ns
    Clock Pessimism Removal (CPR):    0.514ns

    Location             Delay type                Incr(ns)  Path(ns)    Netlist Resource(s)
  -------------------------------------------------------------------    -------------------
                         (clock sys_clk_pin rise edge)
                                                      0.000     0.000 r  
    W5                                                0.000     0.000 r  clk (IN)
                         net (fo=0)                   0.000     0.000    clk
    W5                   IBUF (Prop_ibuf_I_O)         0.226     0.226 r  clk_IBUF_inst/O
                         net (fo=1, routed)           0.631     0.858    clk_IBUF
    BUFGCTRL_X0Y0        BUFG (Prop_bufg_I_O)         0.026     0.884 r  clk_IBUF_BUFG_inst/O
                         net (fo=19, routed)          0.591     1.474    clk_IBUF_BUFG
    SLICE_X65Y35         FDRE                                         r  count_reg_reg[11]/C
  -------------------------------------------------------------------    -------------------
    SLICE_X65Y35         FDRE (Prop_fdre_C_Q)         0.141     1.615 r  count_reg_reg[11]/Q
                         net (fo=1, routed)           0.108     1.723    count_reg_reg_n_0_[11]
    SLICE_X65Y35         CARRY4 (Prop_carry4_S[3]_O[3])
                                                      0.108     1.831 r  count_reg_reg[8]_i_1/O[3]
                         net (fo=1, routed)           0.000     1.831    count_reg_reg[8]_i_1_n_4
    SLICE_X65Y35         FDRE                                         r  count_reg_reg[11]/D
  -------------------------------------------------------------------    -------------------

                         (clock sys_clk_pin rise edge)
                                                      0.000     0.000 r  
    W5                                                0.000     0.000 r  clk (IN)
                         net (fo=0)                   0.000     0.000    clk
    W5                   IBUF (Prop_ibuf_I_O)         0.414     0.414 r  clk_IBUF_inst/O
                         net (fo=1, routed)           0.685     1.099    clk_IBUF
    BUFGCTRL_X0Y0        BUFG (Prop_bufg_I_O)         0.029     1.128 r  clk_IBUF_BUFG_inst/O
                         net (fo=19, routed)          0.861     1.988    clk_IBUF_BUFG
    SLICE_X65Y35         FDRE                                         r  count_reg_reg[11]/C
                         clock pessimism             -0.514     1.474    
    SLICE_X65Y35         FDRE (Hold_fdre_C_D)         0.105     1.579    count_reg_reg[11]
  -------------------------------------------------------------------
                         required time                         -1.579    
                         arrival time                           1.831    
  -------------------------------------------------------------------
                         slack                                  0.252    

Slack (MET) :             0.252ns  (arrival time - required time)
  Source:                 count_reg_reg[15]/C
                            (rising edge-triggered cell FDRE clocked by sys_clk_pin  {rise@0.000ns fall@5.000ns period=10.000ns})
  Destination:            count_reg_reg[15]/D
                            (rising edge-triggered cell FDRE clocked by sys_clk_pin  {rise@0.000ns fall@5.000ns period=10.000ns})
  Path Group:             sys_clk_pin
  Path Type:              Hold (Min at Fast Process Corner)
  Requirement:            0.000ns  (sys_clk_pin rise@0.000ns - sys_clk_pin rise@0.000ns)
  Data Path Delay:        0.357ns  (logic 0.249ns (69.714%)  route 0.108ns (30.286%))
  Logic Levels:           1  (CARRY4=1)
  Clock Path Skew:        0.000ns (DCD - SCD - CPR)
    Destination Clock Delay (DCD):    1.988ns
    Source Clock Delay      (SCD):    1.474ns
    Clock Pessimism Removal (CPR):    0.514ns

    Location             Delay type                Incr(ns)  Path(ns)    Netlist Resource(s)
  -------------------------------------------------------------------    -------------------
                         (clock sys_clk_pin rise edge)
                                                      0.000     0.000 r  
    W5                                                0.000     0.000 r  clk (IN)
                         net (fo=0)                   0.000     0.000    clk
    W5                   IBUF (Prop_ibuf_I_O)         0.226     0.226 r  clk_IBUF_inst/O
                         net (fo=1, routed)           0.631     0.858    clk_IBUF
    BUFGCTRL_X0Y0        BUFG (Prop_bufg_I_O)         0.026     0.884 r  clk_IBUF_BUFG_inst/O
                         net (fo=19, routed)          0.591     1.474    clk_IBUF_BUFG
    SLICE_X65Y36         FDRE                                         r  count_reg_reg[15]/C
  -------------------------------------------------------------------    -------------------
    SLICE_X65Y36         FDRE (Prop_fdre_C_Q)         0.141     1.615 r  count_reg_reg[15]/Q
                         net (fo=1, routed)           0.108     1.723    count_reg_reg_n_0_[15]
    SLICE_X65Y36         CARRY4 (Prop_carry4_S[3]_O[3])
                                                      0.108     1.831 r  count_reg_reg[12]_i_1/O[3]
                         net (fo=1, routed)           0.000     1.831    count_reg_reg[12]_i_1_n_4
    SLICE_X65Y36         FDRE                                         r  count_reg_reg[15]/D
  -------------------------------------------------------------------    -------------------

                         (clock sys_clk_pin rise edge)
                                                      0.000     0.000 r  
    W5                                                0.000     0.000 r  clk (IN)
                         net (fo=0)                   0.000     0.000    clk
    W5                   IBUF (Prop_ibuf_I_O)         0.414     0.414 r  clk_IBUF_inst/O
                         net (fo=1, routed)           0.685     1.099    clk_IBUF
    BUFGCTRL_X0Y0        BUFG (Prop_bufg_I_O)         0.029     1.128 r  clk_IBUF_BUFG_inst/O
                         net (fo=19, routed)          0.861     1.988    clk_IBUF_BUFG
    SLICE_X65Y36         FDRE                                         r  count_reg_reg[15]/C
                         clock pessimism             -0.514     1.474    
    SLICE_X65Y36         FDRE (Hold_fdre_C_D)         0.105     1.579    count_reg_reg[15]
  -------------------------------------------------------------------
                         required time                         -1.579    
                         arrival time                           1.831    
  -------------------------------------------------------------------
                         slack                                  0.252    

Slack (MET) :             0.256ns  (arrival time - required time)
  Source:                 count_reg_reg[16]/C
                            (rising edge-triggered cell FDRE clocked by sys_clk_pin  {rise@0.000ns fall@5.000ns period=10.000ns})
  Destination:            count_reg_reg[16]/D
                            (rising edge-triggered cell FDRE clocked by sys_clk_pin  {rise@0.000ns fall@5.000ns period=10.000ns})
  Path Group:             sys_clk_pin
  Path Type:              Hold (Min at Fast Process Corner)
  Requirement:            0.000ns  (sys_clk_pin rise@0.000ns - sys_clk_pin rise@0.000ns)
  Data Path Delay:        0.361ns  (logic 0.256ns (70.880%)  route 0.105ns (29.120%))
  Logic Levels:           1  (CARRY4=1)
  Clock Path Skew:        0.000ns (DCD - SCD - CPR)
    Destination Clock Delay (DCD):    1.989ns
    Source Clock Delay      (SCD):    1.475ns
    Clock Pessimism Removal (CPR):    0.514ns

    Location             Delay type                Incr(ns)  Path(ns)    Netlist Resource(s)
  -------------------------------------------------------------------    -------------------
                         (clock sys_clk_pin rise edge)
                                                      0.000     0.000 r  
    W5                                                0.000     0.000 r  clk (IN)
                         net (fo=0)                   0.000     0.000    clk
    W5                   IBUF (Prop_ibuf_I_O)         0.226     0.226 r  clk_IBUF_inst/O
                         net (fo=1, routed)           0.631     0.858    clk_IBUF
    BUFGCTRL_X0Y0        BUFG (Prop_bufg_I_O)         0.026     0.884 r  clk_IBUF_BUFG_inst/O
                         net (fo=19, routed)          0.592     1.475    clk_IBUF_BUFG
    SLICE_X65Y37         FDRE                                         r  count_reg_reg[16]/C
  -------------------------------------------------------------------    -------------------
    SLICE_X65Y37         FDRE (Prop_fdre_C_Q)         0.141     1.616 r  count_reg_reg[16]/Q
                         net (fo=1, routed)           0.105     1.721    count_reg_reg_n_0_[16]
    SLICE_X65Y37         CARRY4 (Prop_carry4_S[0]_O[0])
                                                      0.115     1.836 r  count_reg_reg[16]_i_1/O[0]
                         net (fo=1, routed)           0.000     1.836    count_reg_reg[16]_i_1_n_7
    SLICE_X65Y37         FDRE                                         r  count_reg_reg[16]/D
  -------------------------------------------------------------------    -------------------

                         (clock sys_clk_pin rise edge)
                                                      0.000     0.000 r  
    W5                                                0.000     0.000 r  clk (IN)
                         net (fo=0)                   0.000     0.000    clk
    W5                   IBUF (Prop_ibuf_I_O)         0.414     0.414 r  clk_IBUF_inst/O
                         net (fo=1, routed)           0.685     1.099    clk_IBUF
    BUFGCTRL_X0Y0        BUFG (Prop_bufg_I_O)         0.029     1.128 r  clk_IBUF_BUFG_inst/O
                         net (fo=19, routed)          0.862     1.989    clk_IBUF_BUFG
    SLICE_X65Y37         FDRE                                         r  count_reg_reg[16]/C
                         clock pessimism             -0.514     1.475    
    SLICE_X65Y37         FDRE (Hold_fdre_C_D)         0.105     1.580    count_reg_reg[16]
  -------------------------------------------------------------------
                         required time                         -1.580    
                         arrival time                           1.836    
  -------------------------------------------------------------------
                         slack                                  0.256    

Slack (MET) :             0.256ns  (arrival time - required time)
  Source:                 count_reg_reg[4]/C
                            (rising edge-triggered cell FDRE clocked by sys_clk_pin  {rise@0.000ns fall@5.000ns period=10.000ns})
  Destination:            count_reg_reg[4]/D
                            (rising edge-triggered cell FDRE clocked by sys_clk_pin  {rise@0.000ns fall@5.000ns period=10.000ns})
  Path Group:             sys_clk_pin
  Path Type:              Hold (Min at Fast Process Corner)
  Requirement:            0.000ns  (sys_clk_pin rise@0.000ns - sys_clk_pin rise@0.000ns)
  Data Path Delay:        0.361ns  (logic 0.256ns (70.880%)  route 0.105ns (29.120%))
  Logic Levels:           1  (CARRY4=1)
  Clock Path Skew:        0.000ns (DCD - SCD - CPR)
    Destination Clock Delay (DCD):    1.987ns
    Source Clock Delay      (SCD):    1.474ns
    Clock Pessimism Removal (CPR):    0.513ns

    Location             Delay type                Incr(ns)  Path(ns)    Netlist Resource(s)
  -------------------------------------------------------------------    -------------------
                         (clock sys_clk_pin rise edge)
                                                      0.000     0.000 r  
    W5                                                0.000     0.000 r  clk (IN)
                         net (fo=0)                   0.000     0.000    clk
    W5                   IBUF (Prop_ibuf_I_O)         0.226     0.226 r  clk_IBUF_inst/O
                         net (fo=1, routed)           0.631     0.858    clk_IBUF
    BUFGCTRL_X0Y0        BUFG (Prop_bufg_I_O)         0.026     0.884 r  clk_IBUF_BUFG_inst/O
                         net (fo=19, routed)          0.591     1.474    clk_IBUF_BUFG
    SLICE_X65Y34         FDRE                                         r  count_reg_reg[4]/C
  -------------------------------------------------------------------    -------------------
    SLICE_X65Y34         FDRE (Prop_fdre_C_Q)         0.141     1.615 r  count_reg_reg[4]/Q
                         net (fo=1, routed)           0.105     1.720    count_reg_reg_n_0_[4]
    SLICE_X65Y34         CARRY4 (Prop_carry4_S[0]_O[0])
                                                      0.115     1.835 r  count_reg_reg[4]_i_1/O[0]
                         net (fo=1, routed)           0.000     1.835    count_reg_reg[4]_i_1_n_7
    SLICE_X65Y34         FDRE                                         r  count_reg_reg[4]/D
  -------------------------------------------------------------------    -------------------

                         (clock sys_clk_pin rise edge)
                                                      0.000     0.000 r  
    W5                                                0.000     0.000 r  clk (IN)
                         net (fo=0)                   0.000     0.000    clk
    W5                   IBUF (Prop_ibuf_I_O)         0.414     0.414 r  clk_IBUF_inst/O
                         net (fo=1, routed)           0.685     1.099    clk_IBUF
    BUFGCTRL_X0Y0        BUFG (Prop_bufg_I_O)         0.029     1.128 r  clk_IBUF_BUFG_inst/O
                         net (fo=19, routed)          0.860     1.987    clk_IBUF_BUFG
    SLICE_X65Y34         FDRE                                         r  count_reg_reg[4]/C
                         clock pessimism             -0.513     1.474    
    SLICE_X65Y34         FDRE (Hold_fdre_C_D)         0.105     1.579    count_reg_reg[4]
  -------------------------------------------------------------------
                         required time                         -1.579    
                         arrival time                           1.835    
  -------------------------------------------------------------------
                         slack                                  0.256    

Slack (MET) :             0.256ns  (arrival time - required time)
  Source:                 count_reg_reg[12]/C
                            (rising edge-triggered cell FDRE clocked by sys_clk_pin  {rise@0.000ns fall@5.000ns period=10.000ns})
  Destination:            count_reg_reg[12]/D
                            (rising edge-triggered cell FDRE clocked by sys_clk_pin  {rise@0.000ns fall@5.000ns period=10.000ns})
  Path Group:             sys_clk_pin
  Path Type:              Hold (Min at Fast Process Corner)
  Requirement:            0.000ns  (sys_clk_pin rise@0.000ns - sys_clk_pin rise@0.000ns)
  Data Path Delay:        0.361ns  (logic 0.256ns (70.880%)  route 0.105ns (29.120%))
  Logic Levels:           1  (CARRY4=1)
  Clock Path Skew:        0.000ns (DCD - SCD - CPR)
    Destination Clock Delay (DCD):    1.988ns
    Source Clock Delay      (SCD):    1.474ns
    Clock Pessimism Removal (CPR):    0.514ns

    Location             Delay type                Incr(ns)  Path(ns)    Netlist Resource(s)
  -------------------------------------------------------------------    -------------------
                         (clock sys_clk_pin rise edge)
                                                      0.000     0.000 r  
    W5                                                0.000     0.000 r  clk (IN)
                         net (fo=0)                   0.000     0.000    clk
    W5                   IBUF (Prop_ibuf_I_O)         0.226     0.226 r  clk_IBUF_inst/O
                         net (fo=1, routed)           0.631     0.858    clk_IBUF
    BUFGCTRL_X0Y0        BUFG (Prop_bufg_I_O)         0.026     0.884 r  clk_IBUF_BUFG_inst/O
                         net (fo=19, routed)          0.591     1.474    clk_IBUF_BUFG
    SLICE_X65Y36         FDRE                                         r  count_reg_reg[12]/C
  -------------------------------------------------------------------    -------------------
    SLICE_X65Y36         FDRE (Prop_fdre_C_Q)         0.141     1.615 r  count_reg_reg[12]/Q
                         net (fo=1, routed)           0.105     1.720    count_reg_reg_n_0_[12]
    SLICE_X65Y36         CARRY4 (Prop_carry4_S[0]_O[0])
                                                      0.115     1.835 r  count_reg_reg[12]_i_1/O[0]
                         net (fo=1, routed)           0.000     1.835    count_reg_reg[12]_i_1_n_7
    SLICE_X65Y36         FDRE                                         r  count_reg_reg[12]/D
  -------------------------------------------------------------------    -------------------

                         (clock sys_clk_pin rise edge)
                                                      0.000     0.000 r  
    W5                                                0.000     0.000 r  clk (IN)
                         net (fo=0)                   0.000     0.000    clk
    W5                   IBUF (Prop_ibuf_I_O)         0.414     0.414 r  clk_IBUF_inst/O
                         net (fo=1, routed)           0.685     1.099    clk_IBUF
    BUFGCTRL_X0Y0        BUFG (Prop_bufg_I_O)         0.029     1.128 r  clk_IBUF_BUFG_inst/O
                         net (fo=19, routed)          0.861     1.988    clk_IBUF_BUFG
    SLICE_X65Y36         FDRE                                         r  count_reg_reg[12]/C
                         clock pessimism             -0.514     1.474    
    SLICE_X65Y36         FDRE (Hold_fdre_C_D)         0.105     1.579    count_reg_reg[12]
  -------------------------------------------------------------------
                         required time                         -1.579    
                         arrival time                           1.835    
  -------------------------------------------------------------------
                         slack                                  0.256    

Slack (MET) :             0.256ns  (arrival time - required time)
  Source:                 count_reg_reg[8]/C
                            (rising edge-triggered cell FDRE clocked by sys_clk_pin  {rise@0.000ns fall@5.000ns period=10.000ns})
  Destination:            count_reg_reg[8]/D
                            (rising edge-triggered cell FDRE clocked by sys_clk_pin  {rise@0.000ns fall@5.000ns period=10.000ns})
  Path Group:             sys_clk_pin
  Path Type:              Hold (Min at Fast Process Corner)
  Requirement:            0.000ns  (sys_clk_pin rise@0.000ns - sys_clk_pin rise@0.000ns)
  Data Path Delay:        0.361ns  (logic 0.256ns (70.880%)  route 0.105ns (29.120%))
  Logic Levels:           1  (CARRY4=1)
  Clock Path Skew:        0.000ns (DCD - SCD - CPR)
    Destination Clock Delay (DCD):    1.988ns
    Source Clock Delay      (SCD):    1.474ns
    Clock Pessimism Removal (CPR):    0.514ns

    Location             Delay type                Incr(ns)  Path(ns)    Netlist Resource(s)
  -------------------------------------------------------------------    -------------------
                         (clock sys_clk_pin rise edge)
                                                      0.000     0.000 r  
    W5                                                0.000     0.000 r  clk (IN)
                         net (fo=0)                   0.000     0.000    clk
    W5                   IBUF (Prop_ibuf_I_O)         0.226     0.226 r  clk_IBUF_inst/O
                         net (fo=1, routed)           0.631     0.858    clk_IBUF
    BUFGCTRL_X0Y0        BUFG (Prop_bufg_I_O)         0.026     0.884 r  clk_IBUF_BUFG_inst/O
                         net (fo=19, routed)          0.591     1.474    clk_IBUF_BUFG
    SLICE_X65Y35         FDRE                                         r  count_reg_reg[8]/C
  -------------------------------------------------------------------    -------------------
    SLICE_X65Y35         FDRE (Prop_fdre_C_Q)         0.141     1.615 r  count_reg_reg[8]/Q
                         net (fo=1, routed)           0.105     1.720    count_reg_reg_n_0_[8]
    SLICE_X65Y35         CARRY4 (Prop_carry4_S[0]_O[0])
                                                      0.115     1.835 r  count_reg_reg[8]_i_1/O[0]
                         net (fo=1, routed)           0.000     1.835    count_reg_reg[8]_i_1_n_7
    SLICE_X65Y35         FDRE                                         r  count_reg_reg[8]/D
  -------------------------------------------------------------------    -------------------

                         (clock sys_clk_pin rise edge)
                                                      0.000     0.000 r  
    W5                                                0.000     0.000 r  clk (IN)
                         net (fo=0)                   0.000     0.000    clk
    W5                   IBUF (Prop_ibuf_I_O)         0.414     0.414 r  clk_IBUF_inst/O
                         net (fo=1, routed)           0.685     1.099    clk_IBUF
    BUFGCTRL_X0Y0        BUFG (Prop_bufg_I_O)         0.029     1.128 r  clk_IBUF_BUFG_inst/O
                         net (fo=19, routed)          0.861     1.988    clk_IBUF_BUFG
    SLICE_X65Y35         FDRE                                         r  count_reg_reg[8]/C
                         clock pessimism             -0.514     1.474    
    SLICE_X65Y35         FDRE (Hold_fdre_C_D)         0.105     1.579    count_reg_reg[8]
  -------------------------------------------------------------------
                         required time                         -1.579    
                         arrival time                           1.835    
  -------------------------------------------------------------------
                         slack                                  0.256    

Slack (MET) :             0.256ns  (arrival time - required time)
  Source:                 count_reg_reg[2]/C
                            (rising edge-triggered cell FDRE clocked by sys_clk_pin  {rise@0.000ns fall@5.000ns period=10.000ns})
  Destination:            count_reg_reg[2]/D
                            (rising edge-triggered cell FDRE clocked by sys_clk_pin  {rise@0.000ns fall@5.000ns period=10.000ns})
  Path Group:             sys_clk_pin
  Path Type:              Hold (Min at Fast Process Corner)
  Requirement:            0.000ns  (sys_clk_pin rise@0.000ns - sys_clk_pin rise@0.000ns)
  Data Path Delay:        0.361ns  (logic 0.252ns (69.733%)  route 0.109ns (30.267%))
  Logic Levels:           1  (CARRY4=1)
  Clock Path Skew:        0.000ns (DCD - SCD - CPR)
    Destination Clock Delay (DCD):    1.986ns
    Source Clock Delay      (SCD):    1.473ns
    Clock Pessimism Removal (CPR):    0.513ns

    Location             Delay type                Incr(ns)  Path(ns)    Netlist Resource(s)
  -------------------------------------------------------------------    -------------------
                         (clock sys_clk_pin rise edge)
                                                      0.000     0.000 r  
    W5                                                0.000     0.000 r  clk (IN)
                         net (fo=0)                   0.000     0.000    clk
    W5                   IBUF (Prop_ibuf_I_O)         0.226     0.226 r  clk_IBUF_inst/O
                         net (fo=1, routed)           0.631     0.858    clk_IBUF
    BUFGCTRL_X0Y0        BUFG (Prop_bufg_I_O)         0.026     0.884 r  clk_IBUF_BUFG_inst/O
                         net (fo=19, routed)          0.590     1.473    clk_IBUF_BUFG
    SLICE_X65Y33         FDRE                                         r  count_reg_reg[2]/C
  -------------------------------------------------------------------    -------------------
    SLICE_X65Y33         FDRE (Prop_fdre_C_Q)         0.141     1.614 r  count_reg_reg[2]/Q
                         net (fo=1, routed)           0.109     1.724    count_reg_reg_n_0_[2]
    SLICE_X65Y33         CARRY4 (Prop_carry4_S[2]_O[2])
                                                      0.111     1.835 r  count_reg_reg[0]_i_1/O[2]
                         net (fo=1, routed)           0.000     1.835    count_reg_reg[0]_i_1_n_5
    SLICE_X65Y33         FDRE                                         r  count_reg_reg[2]/D
  -------------------------------------------------------------------    -------------------

                         (clock sys_clk_pin rise edge)
                                                      0.000     0.000 r  
    W5                                                0.000     0.000 r  clk (IN)
                         net (fo=0)                   0.000     0.000    clk
    W5                   IBUF (Prop_ibuf_I_O)         0.414     0.414 r  clk_IBUF_inst/O
                         net (fo=1, routed)           0.685     1.099    clk_IBUF
    BUFGCTRL_X0Y0        BUFG (Prop_bufg_I_O)         0.029     1.128 r  clk_IBUF_BUFG_inst/O
                         net (fo=19, routed)          0.859     1.986    clk_IBUF_BUFG
    SLICE_X65Y33         FDRE                                         r  count_reg_reg[2]/C
                         clock pessimism             -0.513     1.473    
    SLICE_X65Y33         FDRE (Hold_fdre_C_D)         0.105     1.578    count_reg_reg[2]
  -------------------------------------------------------------------
                         required time                         -1.578    
                         arrival time                           1.835    
  -------------------------------------------------------------------
                         slack                                  0.256    

Slack (MET) :             0.256ns  (arrival time - required time)
  Source:                 count_reg_reg[6]/C
                            (rising edge-triggered cell FDRE clocked by sys_clk_pin  {rise@0.000ns fall@5.000ns period=10.000ns})
  Destination:            count_reg_reg[6]/D
                            (rising edge-triggered cell FDRE clocked by sys_clk_pin  {rise@0.000ns fall@5.000ns period=10.000ns})
  Path Group:             sys_clk_pin
  Path Type:              Hold (Min at Fast Process Corner)
  Requirement:            0.000ns  (sys_clk_pin rise@0.000ns - sys_clk_pin rise@0.000ns)
  Data Path Delay:        0.361ns  (logic 0.252ns (69.733%)  route 0.109ns (30.267%))
  Logic Levels:           1  (CARRY4=1)
  Clock Path Skew:        0.000ns (DCD - SCD - CPR)
    Destination Clock Delay (DCD):    1.987ns
    Source Clock Delay      (SCD):    1.474ns
    Clock Pessimism Removal (CPR):    0.513ns

    Location             Delay type                Incr(ns)  Path(ns)    Netlist Resource(s)
  -------------------------------------------------------------------    -------------------
                         (clock sys_clk_pin rise edge)
                                                      0.000     0.000 r  
    W5                                                0.000     0.000 r  clk (IN)
                         net (fo=0)                   0.000     0.000    clk
    W5                   IBUF (Prop_ibuf_I_O)         0.226     0.226 r  clk_IBUF_inst/O
                         net (fo=1, routed)           0.631     0.858    clk_IBUF
    BUFGCTRL_X0Y0        BUFG (Prop_bufg_I_O)         0.026     0.884 r  clk_IBUF_BUFG_inst/O
                         net (fo=19, routed)          0.591     1.474    clk_IBUF_BUFG
    SLICE_X65Y34         FDRE                                         r  count_reg_reg[6]/C
  -------------------------------------------------------------------    -------------------
    SLICE_X65Y34         FDRE (Prop_fdre_C_Q)         0.141     1.615 r  count_reg_reg[6]/Q
                         net (fo=1, routed)           0.109     1.725    count_reg_reg_n_0_[6]
    SLICE_X65Y34         CARRY4 (Prop_carry4_S[2]_O[2])
                                                      0.111     1.836 r  count_reg_reg[4]_i_1/O[2]
                         net (fo=1, routed)           0.000     1.836    count_reg_reg[4]_i_1_n_5
    SLICE_X65Y34         FDRE                                         r  count_reg_reg[6]/D
  -------------------------------------------------------------------    -------------------

                         (clock sys_clk_pin rise edge)
                                                      0.000     0.000 r  
    W5                                                0.000     0.000 r  clk (IN)
                         net (fo=0)                   0.000     0.000    clk
    W5                   IBUF (Prop_ibuf_I_O)         0.414     0.414 r  clk_IBUF_inst/O
                         net (fo=1, routed)           0.685     1.099    clk_IBUF
    BUFGCTRL_X0Y0        BUFG (Prop_bufg_I_O)         0.029     1.128 r  clk_IBUF_BUFG_inst/O
                         net (fo=19, routed)          0.860     1.987    clk_IBUF_BUFG
    SLICE_X65Y34         FDRE                                         r  count_reg_reg[6]/C
                         clock pessimism             -0.513     1.474    
    SLICE_X65Y34         FDRE (Hold_fdre_C_D)         0.105     1.579    count_reg_reg[6]
  -------------------------------------------------------------------
                         required time                         -1.579    
                         arrival time                           1.836    
  -------------------------------------------------------------------
                         slack                                  0.256    





Pulse Width Checks
--------------------------------------------------------------------------------------
Clock Name:         sys_clk_pin
Waveform(ns):       { 0.000 5.000 }
Period(ns):         10.000
Sources:            { clk }

Check Type        Corner  Lib Pin  Reference Pin  Required(ns)  Actual(ns)  Slack(ns)  Location       Pin
Min Period        n/a     BUFG/I   n/a            2.155         10.000      7.845      BUFGCTRL_X0Y0  clk_IBUF_BUFG_inst/I
Min Period        n/a     FDRE/C   n/a            1.000         10.000      9.000      SLICE_X65Y33   count_reg_reg[0]/C
Min Period        n/a     FDRE/C   n/a            1.000         10.000      9.000      SLICE_X65Y35   count_reg_reg[10]/C
Min Period        n/a     FDRE/C   n/a            1.000         10.000      9.000      SLICE_X65Y35   count_reg_reg[11]/C
Min Period        n/a     FDRE/C   n/a            1.000         10.000      9.000      SLICE_X65Y36   count_reg_reg[12]/C
Min Period        n/a     FDRE/C   n/a            1.000         10.000      9.000      SLICE_X65Y36   count_reg_reg[13]/C
Min Period        n/a     FDRE/C   n/a            1.000         10.000      9.000      SLICE_X65Y36   count_reg_reg[14]/C
Min Period        n/a     FDRE/C   n/a            1.000         10.000      9.000      SLICE_X65Y36   count_reg_reg[15]/C
Min Period        n/a     FDRE/C   n/a            1.000         10.000      9.000      SLICE_X65Y37   count_reg_reg[16]/C
Min Period        n/a     FDRE/C   n/a            1.000         10.000      9.000      SLICE_X65Y37   count_reg_reg[17]/C
Low Pulse Width   Fast    FDRE/C   n/a            0.500         5.000       4.500      SLICE_X65Y33   count_reg_reg[0]/C
Low Pulse Width   Fast    FDRE/C   n/a            0.500         5.000       4.500      SLICE_X65Y35   count_reg_reg[10]/C
Low Pulse Width   Fast    FDRE/C   n/a            0.500         5.000       4.500      SLICE_X65Y35   count_reg_reg[11]/C
Low Pulse Width   Fast    FDRE/C   n/a            0.500         5.000       4.500      SLICE_X65Y36   count_reg_reg[12]/C
Low Pulse Width   Fast    FDRE/C   n/a            0.500         5.000       4.500      SLICE_X65Y36   count_reg_reg[13]/C
Low Pulse Width   Fast    FDRE/C   n/a            0.500         5.000       4.500      SLICE_X65Y36   count_reg_reg[14]/C
Low Pulse Width   Fast    FDRE/C   n/a            0.500         5.000       4.500      SLICE_X65Y36   count_reg_reg[15]/C
Low Pulse Width   Fast    FDRE/C   n/a            0.500         5.000       4.500      SLICE_X65Y37   count_reg_reg[16]/C
Low Pulse Width   Fast    FDRE/C   n/a            0.500         5.000       4.500      SLICE_X65Y37   count_reg_reg[17]/C
Low Pulse Width   Fast    FDRE/C   n/a            0.500         5.000       4.500      SLICE_X65Y37   count_reg_reg[18]/C
High Pulse Width  Slow    FDRE/C   n/a            0.500         5.000       4.500      SLICE_X65Y33   count_reg_reg[0]/C
High Pulse Width  Slow    FDRE/C   n/a            0.500         5.000       4.500      SLICE_X65Y33   count_reg_reg[1]/C
High Pulse Width  Slow    FDRE/C   n/a            0.500         5.000       4.500      SLICE_X65Y33   count_reg_reg[2]/C
High Pulse Width  Slow    FDRE/C   n/a            0.500         5.000       4.500      SLICE_X65Y33   count_reg_reg[3]/C
High Pulse Width  Slow    FDRE/C   n/a            0.500         5.000       4.500      SLICE_X65Y34   count_reg_reg[4]/C
High Pulse Width  Slow    FDRE/C   n/a            0.500         5.000       4.500      SLICE_X65Y34   count_reg_reg[5]/C
High Pulse Width  Slow    FDRE/C   n/a            0.500         5.000       4.500      SLICE_X65Y34   count_reg_reg[6]/C
High Pulse Width  Slow    FDRE/C   n/a            0.500         5.000       4.500      SLICE_X65Y34   count_reg_reg[7]/C
High Pulse Width  Fast    FDRE/C   n/a            0.500         5.000       4.500      SLICE_X65Y33   count_reg_reg[0]/C
High Pulse Width  Slow    FDRE/C   n/a            0.500         5.000       4.500      SLICE_X65Y35   count_reg_reg[10]/C



