Copyright 1986-2015 Xilinx, Inc. All Rights Reserved.
-------------------------------------------------------------------------------------------------
| Tool Version : Vivado v.2015.1 (lin64) Build 1215546 Mon Apr 27 19:07:21 MDT 2015
| Date         : Tue Apr 30 16:51:48 2019
| Host         : physics-ThinkPad-13-2nd-Gen running 64-bit Ubuntu 16.04.5 LTS
| Command      : report_control_sets -verbose -file passthrough1_wrapper_control_sets_placed.rpt
| Design       : passthrough1_wrapper
| Device       : xc7a35t
-------------------------------------------------------------------------------------------------

Control Set Information

Table of Contents
-----------------
1. Summary
2. Flip-Flop Distribution
3. Detailed Control Set Information

1. Summary
----------

+-------------------------------------------------------------------+-------+
|                               Status                              | Count |
+-------------------------------------------------------------------+-------+
| Number of unique control sets                                     |     4 |
| Minimum Number of register sites lost to control set restrictions |     7 |
+-------------------------------------------------------------------+-------+


2. Flip-Flop Distribution
-------------------------

+--------------+-----------------------+------------------------+-----------------+--------------+
| Clock Enable | Synchronous Set/Reset | Asynchronous Set/Reset | Total Registers | Total Slices |
+--------------+-----------------------+------------------------+-----------------+--------------+
| No           | No                    | No                     |               5 |            2 |
| No           | No                    | Yes                    |               0 |            0 |
| No           | Yes                   | No                     |               0 |            0 |
| Yes          | No                    | No                     |              31 |            7 |
| Yes          | No                    | Yes                    |               0 |            0 |
| Yes          | Yes                   | No                     |               5 |            1 |
+--------------+-----------------------+------------------------+-----------------+--------------+


3. Detailed Control Set Information
-----------------------------------

+---------------------------------------+-----------------------------------------------------+-----------------------------------------------------+------------------+----------------+
|              Clock Signal             |                    Enable Signal                    |                   Set/Reset Signal                  | Slice Load Count | Bel Load Count |
+---------------------------------------+-----------------------------------------------------+-----------------------------------------------------+------------------+----------------+
|  passthrough1_i/clk_wiz_0/U0/clk_out1 |                                                     |                                                     |                2 |              5 |
|  passthrough1_i/clk_wiz_0/U0/clk_out1 | passthrough1_i/DAC_0/U0/fivebitcount_reg[4]_i_2_n_0 | passthrough1_i/DAC_0/U0/fivebitcount_reg[4]_i_1_n_0 |                1 |              5 |
|  passthrough1_i/clk_wiz_0/U0/clk_out1 | passthrough1_i/DAC_0/U0/DAC_reg[15]_i_1_n_0         |                                                     |                5 |             15 |
|  passthrough1_i/clk_wiz_0/U0/clk_out1 | passthrough1_i/xadc_block_0/U0/myadc/drdy_out       |                                                     |                2 |             16 |
+---------------------------------------+-----------------------------------------------------+-----------------------------------------------------+------------------+----------------+


