
*** Running vivado
    with args -log sdIO.vds -m64 -mode batch -messageDb vivado.pb -notrace -source sdIO.tcl

WARNING: Default location for XILINX_VIVADO_HLS not found: 

****** Vivado v2015.1 (64-bit)
  **** SW Build 1215546 on Mon Apr 27 19:07:21 MDT 2015
  **** IP Build 1209967 on Tue Apr 21 11:39:20 MDT 2015
    ** Copyright 1986-2015 Xilinx, Inc. All Rights Reserved.

source sdIO.tcl -notrace
WARNING: [Board 49-26] cannot add Board Part digilentinc.com:arty-s7-50:part0:1.0 available at /opt/Xilinx/Vivado/2015.1/data/boards/board_files/arty-s7-50/B.0/board.xml as part xc7s50csga324-1 specified in board_part file is either invalid or not available
WARNING: [Board 49-26] cannot add Board Part digilentinc.com:genesys2:part0:1.1 available at /opt/Xilinx/Vivado/2015.1/data/boards/board_files/genesys2/H/board.xml as part xc7k325tffg900-2 specified in board_part file is either invalid or not available
Command: synth_design -top sdIO -part xc7a35tcpg236-1
Starting synth_design
Attempting to get a license for feature 'Synthesis' and/or device 'xc7a35t'
INFO: [Common 17-349] Got license for feature 'Synthesis' and/or device 'xc7a35t'
INFO: [Common 17-1223] The version limit for your license is '2018.07' and will expire in -105 days. A version limit expiration means that, although you may be able to continue to use the current version of tools or IP with this license, you will not be eligible for any updates or new releases.
---------------------------------------------------------------------------------
Starting RTL Elaboration : Time (s): cpu = 00:00:03 ; elapsed = 00:00:04 . Memory (MB): peak = 922.059 ; gain = 143.457 ; free physical = 4212 ; free virtual = 14006
---------------------------------------------------------------------------------
INFO: [Synth 8-638] synthesizing module 'sdIO' [/home/physics/Labs/week7/week7_20181113_project1_serialdataIO/week6_20181030_project1_serialdataIO.srcs/sources_1/new/sdIO.vhd:44]
WARNING: [Synth 8-614] signal 'sw' is read in the process but is not in the sensitivity list [/home/physics/Labs/week7/week7_20181113_project1_serialdataIO/week6_20181030_project1_serialdataIO.srcs/sources_1/new/sdIO.vhd:81]
WARNING: [Synth 8-3848] Net dclk in module/entity sdIO does not have driver. [/home/physics/Labs/week7/week7_20181113_project1_serialdataIO/week6_20181030_project1_serialdataIO.srcs/sources_1/new/sdIO.vhd:40]
INFO: [Synth 8-256] done synthesizing module 'sdIO' (1#1) [/home/physics/Labs/week7/week7_20181113_project1_serialdataIO/week6_20181030_project1_serialdataIO.srcs/sources_1/new/sdIO.vhd:44]
WARNING: [Synth 8-3917] design sdIO has port data2 driven by constant 0
WARNING: [Synth 8-3331] design sdIO has unconnected port dclk
WARNING: [Synth 8-3331] design sdIO has unconnected port led[15]
WARNING: [Synth 8-3331] design sdIO has unconnected port led[14]
WARNING: [Synth 8-3331] design sdIO has unconnected port led[8]
WARNING: [Synth 8-3331] design sdIO has unconnected port led[7]
WARNING: [Synth 8-3331] design sdIO has unconnected port led[6]
WARNING: [Synth 8-3331] design sdIO has unconnected port led[5]
WARNING: [Synth 8-3331] design sdIO has unconnected port led[4]
WARNING: [Synth 8-3331] design sdIO has unconnected port led[3]
WARNING: [Synth 8-3331] design sdIO has unconnected port led[2]
WARNING: [Synth 8-3331] design sdIO has unconnected port led[1]
WARNING: [Synth 8-3331] design sdIO has unconnected port led[0]
---------------------------------------------------------------------------------
Finished RTL Elaboration : Time (s): cpu = 00:00:04 ; elapsed = 00:00:04 . Memory (MB): peak = 958.340 ; gain = 179.738 ; free physical = 4174 ; free virtual = 13969
---------------------------------------------------------------------------------

Report Check Netlist: 
+------+------------------+-------+---------+-------+------------------+
|      |Item              |Errors |Warnings |Status |Description       |
+------+------------------+-------+---------+-------+------------------+
|1     |multi_driven_nets |      0|        0|Passed |Multi driven nets |
+------+------------------+-------+---------+-------+------------------+
---------------------------------------------------------------------------------
Finished RTL Optimization Phase 1 : Time (s): cpu = 00:00:04 ; elapsed = 00:00:04 . Memory (MB): peak = 958.340 ; gain = 179.738 ; free physical = 4174 ; free virtual = 13969
---------------------------------------------------------------------------------
INFO: [Device 21-403] Loading part xc7a35tcpg236-1
INFO: [Project 1-570] Preparing netlist for logic optimization

Processing XDC Constraints
Initializing timing engine
Parsing XDC File [/home/physics/Labs/week7/week7_20181113_project1_serialdataIO/week6_20181030_project1_serialdataIO.srcs/constrs_1/imports/Labs/Basys3_Master.xdc]
Finished Parsing XDC File [/home/physics/Labs/week7/week7_20181113_project1_serialdataIO/week6_20181030_project1_serialdataIO.srcs/constrs_1/imports/Labs/Basys3_Master.xdc]
Completed Processing XDC Constraints

INFO: [Project 1-111] Unisim Transformation Summary:
No Unisim elements were transformed.

Constraint Validation Runtime : Time (s): cpu = 00:00:00 ; elapsed = 00:00:00 . Memory (MB): peak = 1247.363 ; gain = 0.000 ; free physical = 4010 ; free virtual = 13804
---------------------------------------------------------------------------------
Finished Constraint Validation : Time (s): cpu = 00:00:09 ; elapsed = 00:00:09 . Memory (MB): peak = 1247.363 ; gain = 468.762 ; free physical = 4010 ; free virtual = 13804
---------------------------------------------------------------------------------
---------------------------------------------------------------------------------
Start Loading Part and Timing Information
---------------------------------------------------------------------------------
Loading part: xc7a35tcpg236-1
---------------------------------------------------------------------------------
Finished Loading Part and Timing Information : Time (s): cpu = 00:00:09 ; elapsed = 00:00:09 . Memory (MB): peak = 1247.363 ; gain = 468.762 ; free physical = 4010 ; free virtual = 13804
---------------------------------------------------------------------------------
---------------------------------------------------------------------------------
Start Applying 'set_property' XDC Constraints
---------------------------------------------------------------------------------
---------------------------------------------------------------------------------
Finished applying 'set_property' XDC Constraints : Time (s): cpu = 00:00:09 ; elapsed = 00:00:09 . Memory (MB): peak = 1247.363 ; gain = 468.762 ; free physical = 4010 ; free virtual = 13804
---------------------------------------------------------------------------------
INFO: [Synth 8-5546] ROM "SYNC" won't be mapped to RAM because it is too sparse
INFO: [Synth 8-5544] ROM "slwclk_next" won't be mapped to Block RAM because address size (2) smaller than threshold (5)
---------------------------------------------------------------------------------
Finished RTL Optimization Phase 2 : Time (s): cpu = 00:00:09 ; elapsed = 00:00:09 . Memory (MB): peak = 1247.363 ; gain = 468.762 ; free physical = 4002 ; free virtual = 13797
---------------------------------------------------------------------------------

Report RTL Partitions: 
+-+--------------+------------+----------+
| |RTL Partition |Replication |Instances |
+-+--------------+------------+----------+
+-+--------------+------------+----------+
---------------------------------------------------------------------------------
Start RTL Component Statistics 
---------------------------------------------------------------------------------
Detailed RTL Component Info : 
+---Adders : 
	   2 Input      5 Bit       Adders := 1     
	   2 Input      2 Bit       Adders := 1     
+---Registers : 
	               16 Bit    Registers := 1     
	                5 Bit    Registers := 1     
	                2 Bit    Registers := 1     
+---Muxes : 
	   2 Input     16 Bit        Muxes := 1     
	   2 Input      5 Bit        Muxes := 1     
	   2 Input      1 Bit        Muxes := 3     
---------------------------------------------------------------------------------
Finished RTL Component Statistics 
---------------------------------------------------------------------------------
---------------------------------------------------------------------------------
Start RTL Hierarchical Component Statistics 
---------------------------------------------------------------------------------
Hierarchical RTL Component report 
Module sdIO 
Detailed RTL Component Info : 
+---Adders : 
	   2 Input      5 Bit       Adders := 1     
	   2 Input      2 Bit       Adders := 1     
+---Registers : 
	               16 Bit    Registers := 1     
	                5 Bit    Registers := 1     
	                2 Bit    Registers := 1     
+---Muxes : 
	   2 Input     16 Bit        Muxes := 1     
	   2 Input      5 Bit        Muxes := 1     
	   2 Input      1 Bit        Muxes := 3     
---------------------------------------------------------------------------------
Finished RTL Hierarchical Component Statistics
---------------------------------------------------------------------------------
---------------------------------------------------------------------------------
Start Part Resource Summary
---------------------------------------------------------------------------------
Part Resources:
DSPs: 120 (col length:60)
BRAMs: 150 (col length: RAMB18 60 RAMB36 30)
---------------------------------------------------------------------------------
Finished Part Resource Summary
---------------------------------------------------------------------------------
Start Parallel Synthesis Optimization  : Time (s): cpu = 00:00:09 ; elapsed = 00:00:09 . Memory (MB): peak = 1247.363 ; gain = 468.762 ; free physical = 4002 ; free virtual = 13797
---------------------------------------------------------------------------------
Start Cross Boundary Optimization
---------------------------------------------------------------------------------
WARNING: [Synth 8-3917] design sdIO has port data2 driven by constant 0
WARNING: [Synth 8-3331] design sdIO has unconnected port dclk
WARNING: [Synth 8-3331] design sdIO has unconnected port led[15]
WARNING: [Synth 8-3331] design sdIO has unconnected port led[14]
WARNING: [Synth 8-3331] design sdIO has unconnected port led[8]
WARNING: [Synth 8-3331] design sdIO has unconnected port led[7]
WARNING: [Synth 8-3331] design sdIO has unconnected port led[6]
WARNING: [Synth 8-3331] design sdIO has unconnected port led[5]
WARNING: [Synth 8-3331] design sdIO has unconnected port led[4]
WARNING: [Synth 8-3331] design sdIO has unconnected port led[3]
WARNING: [Synth 8-3331] design sdIO has unconnected port led[2]
WARNING: [Synth 8-3331] design sdIO has unconnected port led[1]
WARNING: [Synth 8-3331] design sdIO has unconnected port led[0]
---------------------------------------------------------------------------------
Finished Cross Boundary Optimization : Time (s): cpu = 00:00:09 ; elapsed = 00:00:09 . Memory (MB): peak = 1247.363 ; gain = 468.762 ; free physical = 3994 ; free virtual = 13789
---------------------------------------------------------------------------------
Finished Parallel Reinference  : Time (s): cpu = 00:00:09 ; elapsed = 00:00:09 . Memory (MB): peak = 1247.363 ; gain = 468.762 ; free physical = 3994 ; free virtual = 13789

Report RTL Partitions: 
+-+--------------+------------+----------+
| |RTL Partition |Replication |Instances |
+-+--------------+------------+----------+
+-+--------------+------------+----------+
---------------------------------------------------------------------------------
Start Area Optimization
---------------------------------------------------------------------------------
---------------------------------------------------------------------------------
Finished Area Optimization : Time (s): cpu = 00:00:09 ; elapsed = 00:00:09 . Memory (MB): peak = 1247.363 ; gain = 468.762 ; free physical = 3978 ; free virtual = 13773
---------------------------------------------------------------------------------
Finished Parallel Area Optimization  : Time (s): cpu = 00:00:09 ; elapsed = 00:00:09 . Memory (MB): peak = 1247.363 ; gain = 468.762 ; free physical = 3978 ; free virtual = 13773

Report RTL Partitions: 
+-+--------------+------------+----------+
| |RTL Partition |Replication |Instances |
+-+--------------+------------+----------+
+-+--------------+------------+----------+
Finished Parallel Synthesis Optimization  : Time (s): cpu = 00:00:09 ; elapsed = 00:00:09 . Memory (MB): peak = 1247.363 ; gain = 468.762 ; free physical = 3978 ; free virtual = 13773
---------------------------------------------------------------------------------
Start Timing Optimization
---------------------------------------------------------------------------------
---------------------------------------------------------------------------------
Start Applying XDC Timing Constraints
---------------------------------------------------------------------------------
---------------------------------------------------------------------------------
Finished Applying XDC Timing Constraints : Time (s): cpu = 00:00:15 ; elapsed = 00:00:15 . Memory (MB): peak = 1247.363 ; gain = 468.762 ; free physical = 3942 ; free virtual = 13737
---------------------------------------------------------------------------------
---------------------------------------------------------------------------------
Finished Timing Optimization : Time (s): cpu = 00:00:15 ; elapsed = 00:00:15 . Memory (MB): peak = 1247.363 ; gain = 468.762 ; free physical = 3942 ; free virtual = 13737
---------------------------------------------------------------------------------

Report RTL Partitions: 
+-+--------------+------------+----------+
| |RTL Partition |Replication |Instances |
+-+--------------+------------+----------+
+-+--------------+------------+----------+
---------------------------------------------------------------------------------
Start Technology Mapping
---------------------------------------------------------------------------------
---------------------------------------------------------------------------------
Finished Technology Mapping : Time (s): cpu = 00:00:15 ; elapsed = 00:00:15 . Memory (MB): peak = 1247.363 ; gain = 468.762 ; free physical = 3925 ; free virtual = 13719
---------------------------------------------------------------------------------

Report RTL Partitions: 
+-+--------------+------------+----------+
| |RTL Partition |Replication |Instances |
+-+--------------+------------+----------+
+-+--------------+------------+----------+
---------------------------------------------------------------------------------
Start IO Insertion
---------------------------------------------------------------------------------
---------------------------------------------------------------------------------
Start Final Netlist Cleanup
---------------------------------------------------------------------------------
---------------------------------------------------------------------------------
Finished Final Netlist Cleanup
---------------------------------------------------------------------------------
---------------------------------------------------------------------------------
Finished IO Insertion : Time (s): cpu = 00:00:15 ; elapsed = 00:00:15 . Memory (MB): peak = 1247.363 ; gain = 468.762 ; free physical = 3925 ; free virtual = 13719
---------------------------------------------------------------------------------

Report Check Netlist: 
+------+------------------+-------+---------+-------+------------------+
|      |Item              |Errors |Warnings |Status |Description       |
+------+------------------+-------+---------+-------+------------------+
|1     |multi_driven_nets |      0|        0|Passed |Multi driven nets |
+------+------------------+-------+---------+-------+------------------+
---------------------------------------------------------------------------------
Start Renaming Generated Instances
---------------------------------------------------------------------------------
---------------------------------------------------------------------------------
Finished Renaming Generated Instances : Time (s): cpu = 00:00:15 ; elapsed = 00:00:15 . Memory (MB): peak = 1247.363 ; gain = 468.762 ; free physical = 3925 ; free virtual = 13719
---------------------------------------------------------------------------------

Report RTL Partitions: 
+-+--------------+------------+----------+
| |RTL Partition |Replication |Instances |
+-+--------------+------------+----------+
+-+--------------+------------+----------+
---------------------------------------------------------------------------------
Start Rebuilding User Hierarchy
---------------------------------------------------------------------------------
---------------------------------------------------------------------------------
Finished Rebuilding User Hierarchy : Time (s): cpu = 00:00:15 ; elapsed = 00:00:15 . Memory (MB): peak = 1247.363 ; gain = 468.762 ; free physical = 3925 ; free virtual = 13719
---------------------------------------------------------------------------------
---------------------------------------------------------------------------------
Start Renaming Generated Ports : Time (s): cpu = 00:00:15 ; elapsed = 00:00:15 . Memory (MB): peak = 1247.363 ; gain = 468.762 ; free physical = 3925 ; free virtual = 13719
---------------------------------------------------------------------------------
---------------------------------------------------------------------------------
Finished Renaming Generated Ports : Time (s): cpu = 00:00:15 ; elapsed = 00:00:15 . Memory (MB): peak = 1247.363 ; gain = 468.762 ; free physical = 3925 ; free virtual = 13719
---------------------------------------------------------------------------------
---------------------------------------------------------------------------------
Start Writing Synthesis Report
---------------------------------------------------------------------------------

Report BlackBoxes: 
+-+--------------+----------+
| |BlackBox name |Instances |
+-+--------------+----------+
+-+--------------+----------+

Report Cell Usage: 
+------+------+------+
|      |Cell  |Count |
+------+------+------+
|1     |BUFG  |     1|
|2     |LUT1  |     1|
|3     |LUT2  |     5|
|4     |LUT3  |     1|
|5     |LUT4  |     2|
|6     |LUT5  |     3|
|7     |LUT6  |    16|
|8     |FDRE  |    23|
|9     |IBUF  |    17|
|10    |OBUF  |     8|
|11    |OBUFT |    12|
+------+------+------+

Report Instance Areas: 
+------+---------+-------+------+
|      |Instance |Module |Cells |
+------+---------+-------+------+
|1     |top      |       |    89|
+------+---------+-------+------+
---------------------------------------------------------------------------------
Finished Writing Synthesis Report : Time (s): cpu = 00:00:15 ; elapsed = 00:00:15 . Memory (MB): peak = 1247.363 ; gain = 468.762 ; free physical = 3924 ; free virtual = 13718
---------------------------------------------------------------------------------
Synthesis finished with 0 errors, 0 critical warnings and 13 warnings.
Synthesis Optimization Runtime : Time (s): cpu = 00:00:10 ; elapsed = 00:00:10 . Memory (MB): peak = 1247.363 ; gain = 71.281 ; free physical = 3924 ; free virtual = 13718
Synthesis Optimization Complete : Time (s): cpu = 00:00:15 ; elapsed = 00:00:15 . Memory (MB): peak = 1247.363 ; gain = 468.762 ; free physical = 3924 ; free virtual = 13718
INFO: [Project 1-571] Translating synthesized netlist
INFO: [Netlist 29-17] Analyzing 17 Unisim elements for replacement
INFO: [Netlist 29-28] Unisim Transformation completed in 0 CPU seconds
INFO: [Project 1-570] Preparing netlist for logic optimization
INFO: [Opt 31-138] Pushed 0 inverter(s) to 0 load pin(s).
INFO: [Project 1-111] Unisim Transformation Summary:
No Unisim elements were transformed.

INFO: [Common 17-83] Releasing license: Synthesis
16 Infos, 30 Warnings, 0 Critical Warnings and 0 Errors encountered.
synth_design completed successfully
synth_design: Time (s): cpu = 00:00:14 ; elapsed = 00:00:14 . Memory (MB): peak = 1247.363 ; gain = 360.305 ; free physical = 3924 ; free virtual = 13718
report_utilization: Time (s): cpu = 00:00:00.65 ; elapsed = 00:00:00.67 . Memory (MB): peak = 1279.379 ; gain = 0.000 ; free physical = 3923 ; free virtual = 13717
INFO: [Common 17-206] Exiting Vivado at Tue Nov 13 16:47:16 2018...
