
*** Running vivado
    with args -log raindeer.vds -m64 -mode batch -messageDb vivado.pb -notrace -source raindeer.tcl

WARNING: Default location for XILINX_VIVADO_HLS not found: 

****** Vivado v2015.1 (64-bit)
  **** SW Build 1215546 on Mon Apr 27 19:07:21 MDT 2015
  **** IP Build 1209967 on Tue Apr 21 11:39:20 MDT 2015
    ** Copyright 1986-2015 Xilinx, Inc. All Rights Reserved.

source raindeer.tcl -notrace
WARNING: [Board 49-26] cannot add Board Part digilentinc.com:arty-s7-50:part0:1.0 available at /opt/Xilinx/Vivado/2015.1/data/boards/board_files/arty-s7-50/B.0/board.xml as part xc7s50csga324-1 specified in board_part file is either invalid or not available
WARNING: [Board 49-26] cannot add Board Part digilentinc.com:genesys2:part0:1.1 available at /opt/Xilinx/Vivado/2015.1/data/boards/board_files/genesys2/H/board.xml as part xc7k325tffg900-2 specified in board_part file is either invalid or not available
Command: synth_design -top raindeer -part xc7a35tcpg236-1
Starting synth_design
Attempting to get a license for feature 'Synthesis' and/or device 'xc7a35t'
INFO: [Common 17-349] Got license for feature 'Synthesis' and/or device 'xc7a35t'
INFO: [Common 17-1223] The version limit for your license is '2018.07' and will expire in -139 days. A version limit expiration means that, although you may be able to continue to use the current version of tools or IP with this license, you will not be eligible for any updates or new releases.
---------------------------------------------------------------------------------
Starting RTL Elaboration : Time (s): cpu = 00:00:04 ; elapsed = 00:00:04 . Memory (MB): peak = 922.055 ; gain = 143.457 ; free physical = 2282 ; free virtual = 13006
---------------------------------------------------------------------------------
ERROR: [Synth 8-2715] syntax error near < [/home/physics/Labs/week11/week11_20181211_project2_rednoserain/week11_20181211_project2_rednoserain.srcs/sources_1/imports/new/crystnotes.vhd:79]
ERROR: [Synth 8-2715] syntax error near else [/home/physics/Labs/week11/week11_20181211_project2_rednoserain/week11_20181211_project2_rednoserain.srcs/sources_1/imports/new/crystnotes.vhd:94]
ERROR: [Synth 8-2715] syntax error near if [/home/physics/Labs/week11/week11_20181211_project2_rednoserain/week11_20181211_project2_rednoserain.srcs/sources_1/imports/new/crystnotes.vhd:96]
ERROR: [Synth 8-2715] syntax error near < [/home/physics/Labs/week11/week11_20181211_project2_rednoserain/week11_20181211_project2_rednoserain.srcs/sources_1/imports/new/crystnotes.vhd:98]
ERROR: [Synth 8-2715] syntax error near else [/home/physics/Labs/week11/week11_20181211_project2_rednoserain/week11_20181211_project2_rednoserain.srcs/sources_1/imports/new/crystnotes.vhd:113]
ERROR: [Synth 8-2715] syntax error near if [/home/physics/Labs/week11/week11_20181211_project2_rednoserain/week11_20181211_project2_rednoserain.srcs/sources_1/imports/new/crystnotes.vhd:115]
WARNING: [Synth 8-2551] possible infinite loop; process does not have a wait statement [/home/physics/Labs/week11/week11_20181211_project2_rednoserain/week11_20181211_project2_rednoserain.srcs/sources_1/imports/new/crystnotes.vhd:75]
INFO: [Synth 8-2810] unit behavioral ignored due to previous errors [/home/physics/Labs/week11/week11_20181211_project2_rednoserain/week11_20181211_project2_rednoserain.srcs/sources_1/imports/new/crystnotes.vhd:40]
---------------------------------------------------------------------------------
Finished RTL Elaboration : Time (s): cpu = 00:00:04 ; elapsed = 00:00:04 . Memory (MB): peak = 957.336 ; gain = 178.738 ; free physical = 2246 ; free virtual = 12970
---------------------------------------------------------------------------------
RTL Elaboration failed
INFO: [Common 17-83] Releasing license: Synthesis
4 Infos, 3 Warnings, 0 Critical Warnings and 7 Errors encountered.
synth_design failed
ERROR: [Common 17-69] Command failed: Synthesis failed - please see the console or run log file for details
INFO: [Common 17-206] Exiting Vivado at Mon Dec 17 18:11:56 2018...
