
*** Running vivado
    with args -log Sevbittwo.vds -m64 -mode batch -messageDb vivado.pb -notrace -source Sevbittwo.tcl

WARNING: Default location for XILINX_VIVADO_HLS not found: 

****** Vivado v2015.1 (64-bit)
  **** SW Build 1215546 on Mon Apr 27 19:07:21 MDT 2015
  **** IP Build 1209967 on Tue Apr 21 11:39:20 MDT 2015
    ** Copyright 1986-2015 Xilinx, Inc. All Rights Reserved.

source Sevbittwo.tcl -notrace
WARNING: [Board 49-26] cannot add Board Part digilentinc.com:arty-s7-50:part0:1.0 available at /opt/Xilinx/Vivado/2015.1/data/boards/board_files/arty-s7-50/B.0/board.xml as part xc7s50csga324-1 specified in board_part file is either invalid or not available
WARNING: [Board 49-26] cannot add Board Part digilentinc.com:genesys2:part0:1.1 available at /opt/Xilinx/Vivado/2015.1/data/boards/board_files/genesys2/H/board.xml as part xc7k325tffg900-2 specified in board_part file is either invalid or not available
Command: synth_design -top Sevbittwo -part xc7a35tcpg236-1
Starting synth_design
Attempting to get a license for feature 'Synthesis' and/or device 'xc7a35t'
INFO: [Common 17-349] Got license for feature 'Synthesis' and/or device 'xc7a35t'
INFO: [Common 17-1223] The version limit for your license is '2018.07' and will expire in -77 days. A version limit expiration means that, although you may be able to continue to use the current version of tools or IP with this license, you will not be eligible for any updates or new releases.
---------------------------------------------------------------------------------
Starting RTL Elaboration : Time (s): cpu = 00:00:03 ; elapsed = 00:00:04 . Memory (MB): peak = 922.055 ; gain = 143.457 ; free physical = 4932 ; free virtual = 14579
---------------------------------------------------------------------------------
INFO: [Synth 8-638] synthesizing module 'Sevbittwo' [/home/physics/Labs/week4/week4_20181016_project1a_sevenbitthree/week4_20181016_project1a_sevenbitthree.srcs/sources_1/new/sevenbitthree.vhd:43]
WARNING: [Synth 8-3848] Net dp in module/entity Sevbittwo does not have driver. [/home/physics/Labs/week4/week4_20181016_project1a_sevenbitthree/week4_20181016_project1a_sevenbitthree.srcs/sources_1/new/sevenbitthree.vhd:39]
INFO: [Synth 8-256] done synthesizing module 'Sevbittwo' (1#1) [/home/physics/Labs/week4/week4_20181016_project1a_sevenbitthree/week4_20181016_project1a_sevenbitthree.srcs/sources_1/new/sevenbitthree.vhd:43]
WARNING: [Synth 8-3331] design Sevbittwo has unconnected port dp
---------------------------------------------------------------------------------
Finished RTL Elaboration : Time (s): cpu = 00:00:04 ; elapsed = 00:00:04 . Memory (MB): peak = 958.336 ; gain = 179.738 ; free physical = 4894 ; free virtual = 14542
---------------------------------------------------------------------------------

Report Check Netlist: 
+------+------------------+-------+---------+-------+------------------+
|      |Item              |Errors |Warnings |Status |Description       |
+------+------------------+-------+---------+-------+------------------+
|1     |multi_driven_nets |      0|        0|Passed |Multi driven nets |
+------+------------------+-------+---------+-------+------------------+
---------------------------------------------------------------------------------
Finished RTL Optimization Phase 1 : Time (s): cpu = 00:00:04 ; elapsed = 00:00:04 . Memory (MB): peak = 958.336 ; gain = 179.738 ; free physical = 4894 ; free virtual = 14542
---------------------------------------------------------------------------------
INFO: [Device 21-403] Loading part xc7a35tcpg236-1
INFO: [Project 1-570] Preparing netlist for logic optimization

Processing XDC Constraints
Initializing timing engine
Parsing XDC File [/home/physics/Labs/week4/week4_20181016_project1a_sevenbitthree/week4_20181016_project1a_sevenbitthree.srcs/constrs_1/imports/Labs/Basys3_Master.xdc]
Finished Parsing XDC File [/home/physics/Labs/week4/week4_20181016_project1a_sevenbitthree/week4_20181016_project1a_sevenbitthree.srcs/constrs_1/imports/Labs/Basys3_Master.xdc]
Completed Processing XDC Constraints

INFO: [Project 1-111] Unisim Transformation Summary:
No Unisim elements were transformed.

Constraint Validation Runtime : Time (s): cpu = 00:00:00 ; elapsed = 00:00:00 . Memory (MB): peak = 1253.359 ; gain = 0.000 ; free physical = 4729 ; free virtual = 14377
---------------------------------------------------------------------------------
Finished Constraint Validation : Time (s): cpu = 00:00:09 ; elapsed = 00:00:09 . Memory (MB): peak = 1253.359 ; gain = 474.762 ; free physical = 4729 ; free virtual = 14377
---------------------------------------------------------------------------------
---------------------------------------------------------------------------------
Start Loading Part and Timing Information
---------------------------------------------------------------------------------
Loading part: xc7a35tcpg236-1
---------------------------------------------------------------------------------
Finished Loading Part and Timing Information : Time (s): cpu = 00:00:09 ; elapsed = 00:00:09 . Memory (MB): peak = 1253.359 ; gain = 474.762 ; free physical = 4729 ; free virtual = 14377
---------------------------------------------------------------------------------
---------------------------------------------------------------------------------
Start Applying 'set_property' XDC Constraints
---------------------------------------------------------------------------------
---------------------------------------------------------------------------------
Finished applying 'set_property' XDC Constraints : Time (s): cpu = 00:00:09 ; elapsed = 00:00:09 . Memory (MB): peak = 1253.359 ; gain = 474.762 ; free physical = 4729 ; free virtual = 14377
---------------------------------------------------------------------------------
INFO: [Synth 8-5544] ROM "sevenfourbit" won't be mapped to Block RAM because address size (4) smaller than threshold (5)
WARNING: [Synth 8-327] inferring latch for variable 'digita_reg' [/home/physics/Labs/week4/week4_20181016_project1a_sevenbitthree/week4_20181016_project1a_sevenbitthree.srcs/sources_1/new/sevenbitthree.vhd:75]
---------------------------------------------------------------------------------
Finished RTL Optimization Phase 2 : Time (s): cpu = 00:00:09 ; elapsed = 00:00:09 . Memory (MB): peak = 1253.359 ; gain = 474.762 ; free physical = 4722 ; free virtual = 14370
---------------------------------------------------------------------------------

Report RTL Partitions: 
+-+--------------+------------+----------+
| |RTL Partition |Replication |Instances |
+-+--------------+------------+----------+
+-+--------------+------------+----------+
---------------------------------------------------------------------------------
Start RTL Component Statistics 
---------------------------------------------------------------------------------
Detailed RTL Component Info : 
+---Adders : 
	   2 Input     32 Bit       Adders := 1     
+---Registers : 
	               32 Bit    Registers := 1     
+---Muxes : 
	  14 Input      7 Bit        Muxes := 1     
	   2 Input      6 Bit        Muxes := 1     
	   2 Input      4 Bit        Muxes := 1     
	   4 Input      4 Bit        Muxes := 2     
---------------------------------------------------------------------------------
Finished RTL Component Statistics 
---------------------------------------------------------------------------------
---------------------------------------------------------------------------------
Start RTL Hierarchical Component Statistics 
---------------------------------------------------------------------------------
Hierarchical RTL Component report 
Module Sevbittwo 
Detailed RTL Component Info : 
+---Adders : 
	   2 Input     32 Bit       Adders := 1     
+---Registers : 
	               32 Bit    Registers := 1     
+---Muxes : 
	  14 Input      7 Bit        Muxes := 1     
	   2 Input      6 Bit        Muxes := 1     
	   2 Input      4 Bit        Muxes := 1     
	   4 Input      4 Bit        Muxes := 2     
---------------------------------------------------------------------------------
Finished RTL Hierarchical Component Statistics
---------------------------------------------------------------------------------
---------------------------------------------------------------------------------
Start Part Resource Summary
---------------------------------------------------------------------------------
Part Resources:
DSPs: 120 (col length:60)
BRAMs: 150 (col length: RAMB18 60 RAMB36 30)
---------------------------------------------------------------------------------
Finished Part Resource Summary
---------------------------------------------------------------------------------
Start Parallel Synthesis Optimization  : Time (s): cpu = 00:00:09 ; elapsed = 00:00:09 . Memory (MB): peak = 1253.359 ; gain = 474.762 ; free physical = 4722 ; free virtual = 14370
---------------------------------------------------------------------------------
Start Cross Boundary Optimization
---------------------------------------------------------------------------------
WARNING: [Synth 8-3331] design Sevbittwo has unconnected port dp
---------------------------------------------------------------------------------
Finished Cross Boundary Optimization : Time (s): cpu = 00:00:09 ; elapsed = 00:00:09 . Memory (MB): peak = 1253.359 ; gain = 474.762 ; free physical = 4714 ; free virtual = 14362
---------------------------------------------------------------------------------
Finished Parallel Reinference  : Time (s): cpu = 00:00:09 ; elapsed = 00:00:09 . Memory (MB): peak = 1253.359 ; gain = 474.762 ; free physical = 4714 ; free virtual = 14362

Report RTL Partitions: 
+-+--------------+------------+----------+
| |RTL Partition |Replication |Instances |
+-+--------------+------------+----------+
+-+--------------+------------+----------+
WARNING: [Synth 8-3332] Sequential element (\digita_reg[3] ) is unused and will be removed from module Sevbittwo.
WARNING: [Synth 8-3332] Sequential element (\digita_reg[2] ) is unused and will be removed from module Sevbittwo.
WARNING: [Synth 8-3332] Sequential element (\digita_reg[1] ) is unused and will be removed from module Sevbittwo.
WARNING: [Synth 8-3332] Sequential element (\digita_reg[0] ) is unused and will be removed from module Sevbittwo.
WARNING: [Synth 8-3332] Sequential element (\count_reg_reg[19] ) is unused and will be removed from module Sevbittwo.
WARNING: [Synth 8-3332] Sequential element (\count_reg_reg[20] ) is unused and will be removed from module Sevbittwo.
WARNING: [Synth 8-3332] Sequential element (\count_reg_reg[21] ) is unused and will be removed from module Sevbittwo.
WARNING: [Synth 8-3332] Sequential element (\count_reg_reg[22] ) is unused and will be removed from module Sevbittwo.
WARNING: [Synth 8-3332] Sequential element (\count_reg_reg[23] ) is unused and will be removed from module Sevbittwo.
WARNING: [Synth 8-3332] Sequential element (\count_reg_reg[24] ) is unused and will be removed from module Sevbittwo.
WARNING: [Synth 8-3332] Sequential element (\count_reg_reg[25] ) is unused and will be removed from module Sevbittwo.
WARNING: [Synth 8-3332] Sequential element (\count_reg_reg[26] ) is unused and will be removed from module Sevbittwo.
WARNING: [Synth 8-3332] Sequential element (\count_reg_reg[27] ) is unused and will be removed from module Sevbittwo.
WARNING: [Synth 8-3332] Sequential element (\count_reg_reg[28] ) is unused and will be removed from module Sevbittwo.
WARNING: [Synth 8-3332] Sequential element (\count_reg_reg[29] ) is unused and will be removed from module Sevbittwo.
WARNING: [Synth 8-3332] Sequential element (\count_reg_reg[30] ) is unused and will be removed from module Sevbittwo.
WARNING: [Synth 8-3332] Sequential element (\count_reg_reg[31] ) is unused and will be removed from module Sevbittwo.
---------------------------------------------------------------------------------
Start Area Optimization
---------------------------------------------------------------------------------
---------------------------------------------------------------------------------
Finished Area Optimization : Time (s): cpu = 00:00:09 ; elapsed = 00:00:09 . Memory (MB): peak = 1253.359 ; gain = 474.762 ; free physical = 4697 ; free virtual = 14346
---------------------------------------------------------------------------------
Finished Parallel Area Optimization  : Time (s): cpu = 00:00:09 ; elapsed = 00:00:09 . Memory (MB): peak = 1253.359 ; gain = 474.762 ; free physical = 4697 ; free virtual = 14346

Report RTL Partitions: 
+-+--------------+------------+----------+
| |RTL Partition |Replication |Instances |
+-+--------------+------------+----------+
+-+--------------+------------+----------+
Finished Parallel Synthesis Optimization  : Time (s): cpu = 00:00:09 ; elapsed = 00:00:09 . Memory (MB): peak = 1253.359 ; gain = 474.762 ; free physical = 4697 ; free virtual = 14346
---------------------------------------------------------------------------------
Start Timing Optimization
---------------------------------------------------------------------------------
---------------------------------------------------------------------------------
Start Applying XDC Timing Constraints
---------------------------------------------------------------------------------
---------------------------------------------------------------------------------
Finished Applying XDC Timing Constraints : Time (s): cpu = 00:00:15 ; elapsed = 00:00:15 . Memory (MB): peak = 1253.359 ; gain = 474.762 ; free physical = 4661 ; free virtual = 14310
---------------------------------------------------------------------------------
---------------------------------------------------------------------------------
Finished Timing Optimization : Time (s): cpu = 00:00:15 ; elapsed = 00:00:15 . Memory (MB): peak = 1253.359 ; gain = 474.762 ; free physical = 4661 ; free virtual = 14310
---------------------------------------------------------------------------------

Report RTL Partitions: 
+-+--------------+------------+----------+
| |RTL Partition |Replication |Instances |
+-+--------------+------------+----------+
+-+--------------+------------+----------+
---------------------------------------------------------------------------------
Start Technology Mapping
---------------------------------------------------------------------------------
---------------------------------------------------------------------------------
Finished Technology Mapping : Time (s): cpu = 00:00:15 ; elapsed = 00:00:15 . Memory (MB): peak = 1253.359 ; gain = 474.762 ; free physical = 4643 ; free virtual = 14293
---------------------------------------------------------------------------------

Report RTL Partitions: 
+-+--------------+------------+----------+
| |RTL Partition |Replication |Instances |
+-+--------------+------------+----------+
+-+--------------+------------+----------+
---------------------------------------------------------------------------------
Start IO Insertion
---------------------------------------------------------------------------------
---------------------------------------------------------------------------------
Start Final Netlist Cleanup
---------------------------------------------------------------------------------
---------------------------------------------------------------------------------
Finished Final Netlist Cleanup
---------------------------------------------------------------------------------
---------------------------------------------------------------------------------
Finished IO Insertion : Time (s): cpu = 00:00:15 ; elapsed = 00:00:15 . Memory (MB): peak = 1253.359 ; gain = 474.762 ; free physical = 4643 ; free virtual = 14293
---------------------------------------------------------------------------------

Report Check Netlist: 
+------+------------------+-------+---------+-------+------------------+
|      |Item              |Errors |Warnings |Status |Description       |
+------+------------------+-------+---------+-------+------------------+
|1     |multi_driven_nets |      0|        0|Passed |Multi driven nets |
+------+------------------+-------+---------+-------+------------------+
---------------------------------------------------------------------------------
Start Renaming Generated Instances
---------------------------------------------------------------------------------
---------------------------------------------------------------------------------
Finished Renaming Generated Instances : Time (s): cpu = 00:00:15 ; elapsed = 00:00:15 . Memory (MB): peak = 1253.359 ; gain = 474.762 ; free physical = 4643 ; free virtual = 14293
---------------------------------------------------------------------------------

Report RTL Partitions: 
+-+--------------+------------+----------+
| |RTL Partition |Replication |Instances |
+-+--------------+------------+----------+
+-+--------------+------------+----------+
---------------------------------------------------------------------------------
Start Rebuilding User Hierarchy
---------------------------------------------------------------------------------
---------------------------------------------------------------------------------
Finished Rebuilding User Hierarchy : Time (s): cpu = 00:00:15 ; elapsed = 00:00:15 . Memory (MB): peak = 1253.359 ; gain = 474.762 ; free physical = 4643 ; free virtual = 14293
---------------------------------------------------------------------------------
---------------------------------------------------------------------------------
Start Renaming Generated Ports : Time (s): cpu = 00:00:15 ; elapsed = 00:00:15 . Memory (MB): peak = 1253.359 ; gain = 474.762 ; free physical = 4643 ; free virtual = 14293
---------------------------------------------------------------------------------
---------------------------------------------------------------------------------
Finished Renaming Generated Ports : Time (s): cpu = 00:00:15 ; elapsed = 00:00:15 . Memory (MB): peak = 1253.359 ; gain = 474.762 ; free physical = 4643 ; free virtual = 14293
---------------------------------------------------------------------------------
---------------------------------------------------------------------------------
Start Writing Synthesis Report
---------------------------------------------------------------------------------

Report BlackBoxes: 
+-+--------------+----------+
| |BlackBox name |Instances |
+-+--------------+----------+
+-+--------------+----------+

Report Cell Usage: 
+------+-------+------+
|      |Cell   |Count |
+------+-------+------+
|1     |BUFG   |     1|
|2     |CARRY4 |     5|
|3     |LUT1   |    19|
|4     |LUT2   |     4|
|5     |LUT4   |     7|
|6     |LUT6   |     4|
|7     |FDRE   |    19|
|8     |IBUF   |    17|
|9     |OBUF   |    27|
|10    |OBUFT  |     1|
+------+-------+------+

Report Instance Areas: 
+------+---------+-------+------+
|      |Instance |Module |Cells |
+------+---------+-------+------+
|1     |top      |       |   104|
+------+---------+-------+------+
---------------------------------------------------------------------------------
Finished Writing Synthesis Report : Time (s): cpu = 00:00:15 ; elapsed = 00:00:15 . Memory (MB): peak = 1253.359 ; gain = 474.762 ; free physical = 4643 ; free virtual = 14293
---------------------------------------------------------------------------------
Synthesis finished with 0 errors, 0 critical warnings and 19 warnings.
Synthesis Optimization Runtime : Time (s): cpu = 00:00:10 ; elapsed = 00:00:11 . Memory (MB): peak = 1253.359 ; gain = 71.281 ; free physical = 4642 ; free virtual = 14292
Synthesis Optimization Complete : Time (s): cpu = 00:00:15 ; elapsed = 00:00:16 . Memory (MB): peak = 1253.359 ; gain = 474.762 ; free physical = 4642 ; free virtual = 14292
INFO: [Project 1-571] Translating synthesized netlist
INFO: [Netlist 29-17] Analyzing 22 Unisim elements for replacement
INFO: [Netlist 29-28] Unisim Transformation completed in 0 CPU seconds
INFO: [Project 1-570] Preparing netlist for logic optimization
INFO: [Opt 31-138] Pushed 0 inverter(s) to 0 load pin(s).
INFO: [Project 1-111] Unisim Transformation Summary:
No Unisim elements were transformed.

INFO: [Common 17-83] Releasing license: Synthesis
15 Infos, 23 Warnings, 0 Critical Warnings and 0 Errors encountered.
synth_design completed successfully
synth_design: Time (s): cpu = 00:00:14 ; elapsed = 00:00:15 . Memory (MB): peak = 1253.359 ; gain = 366.305 ; free physical = 4643 ; free virtual = 14292
report_utilization: Time (s): cpu = 00:00:00.65 ; elapsed = 00:00:00.67 . Memory (MB): peak = 1285.375 ; gain = 0.000 ; free physical = 4643 ; free virtual = 14291
INFO: [Common 17-206] Exiting Vivado at Tue Oct 16 15:59:12 2018...
