Copyright 1986-2015 Xilinx, Inc. All Rights Reserved.
-------------------------------------------------------------------------------------------------------------------------------------------------------------------------
| Tool Version : Vivado v.2015.1 (lin64) Build 1215546 Mon Apr 27 19:07:21 MDT 2015
| Date         : Tue Nov 27 14:49:58 2018
| Host         : physics-ThinkPad-13-2nd-Gen running 64-bit Ubuntu 16.04.5 LTS
| Command      : report_timing_summary -warn_on_violation -max_paths 10 -file timetobitnostate_timing_summary_routed.rpt -rpx timetobitnostate_timing_summary_routed.rpx
| Design       : timetobitnostate
| Device       : 7a35t-cpg236
| Speed File   : -1  PRODUCTION 1.14 2014-09-11
-------------------------------------------------------------------------------------------------------------------------------------------------------------------------

Timing Summary Report

------------------------------------------------------------------------------------------------
| Timer Settings
| --------------
------------------------------------------------------------------------------------------------

  Enable Multi Corner Analysis               :  Yes
  Enable Pessimism Removal                   :  Yes
  Pessimism Removal Resolution               :  Nearest Common Node
  Enable Input Delay Default Clock           :  No
  Enable Preset / Clear Arcs                 :  No
  Disable Flight Delays                      :  No

  Corner  Analyze    Analyze    
  Name    Max Paths  Min Paths  
  ------  ---------  ---------  
  Slow    Yes        Yes        
  Fast    Yes        Yes        



check_timing report

Table of Contents
-----------------
1. checking no_clock
2. checking constant_clock
3. checking pulse_width_clock
4. checking unconstrained_internal_endpoints
5. checking no_input_delay
6. checking no_output_delay
7. checking multiple_clock
8. checking generated_clocks
9. checking loops
10. checking partial_input_delay
11. checking partial_output_delay
12. checking latch_loops

1. checking no_clock
--------------------
 There is 1 register/latch pin with no clock driven by root clock pin: bpress_reg_reg[0]/C (HIGH)


2. checking constant_clock
--------------------------
 There are 0 register/latch pins with constant_clock.


3. checking pulse_width_clock
-----------------------------
 There are 0 register/latch pins which need pulse_width check


4. checking unconstrained_internal_endpoints
--------------------------------------------
 There are 0 pins that are not constrained for maximum delay.

 There are 0 pins that are not constrained for maximum delay due to constant clock.


5. checking no_input_delay
--------------------------
 There is 1 input port with no input delay specified. (HIGH)

 There are 0 input ports with no input delay but user has a false path constraint.


6. checking no_output_delay
---------------------------
 There are 16 ports with no output delay specified. (HIGH)

 There are 0 ports with no output delay but user has a false path constraint

 There are 0 ports with no output delay but with a timing clock defined on it or propagating through it


7. checking multiple_clock
--------------------------
 There are 0 register/latch pins with multiple clocks.


8. checking generated_clocks
----------------------------
 There are 0 generated clocks that are not connected to a clock source.


9. checking loops
-----------------
 There are 0 combinational loops in the design.


10. checking partial_input_delay
--------------------------------
 There are 0 input ports with partial input delay specified.


11. checking partial_output_delay
---------------------------------
 There are 0 ports with partial output delay specified.


12. checking latch_loops
------------------------
 There are 0 combinational latch loops in the design through latch input



------------------------------------------------------------------------------------------------
| Design Timing Summary
| ---------------------
------------------------------------------------------------------------------------------------

    WNS(ns)      TNS(ns)  TNS Failing Endpoints  TNS Total Endpoints      WHS(ns)      THS(ns)  THS Failing Endpoints  THS Total Endpoints     WPWS(ns)     TPWS(ns)  TPWS Failing Endpoints  TPWS Total Endpoints  
    -------      -------  ---------------------  -------------------      -------      -------  ---------------------  -------------------     --------     --------  ----------------------  --------------------  
      6.859        0.000                      0                   64        0.324        0.000                      0                   64        4.500        0.000                       0                    34  


All user specified timing constraints are met.


------------------------------------------------------------------------------------------------
| Clock Summary
| -------------
------------------------------------------------------------------------------------------------

Clock        Waveform(ns)       Period(ns)      Frequency(MHz)
-----        ------------       ----------      --------------
sys_clk_pin  {0.000 5.000}      10.000          100.000         


------------------------------------------------------------------------------------------------
| Intra Clock Table
| -----------------
------------------------------------------------------------------------------------------------

Clock             WNS(ns)      TNS(ns)  TNS Failing Endpoints  TNS Total Endpoints      WHS(ns)      THS(ns)  THS Failing Endpoints  THS Total Endpoints     WPWS(ns)     TPWS(ns)  TPWS Failing Endpoints  TPWS Total Endpoints  
-----             -------      -------  ---------------------  -------------------      -------      -------  ---------------------  -------------------     --------     --------  ----------------------  --------------------  
sys_clk_pin         6.859        0.000                      0                   64        0.324        0.000                      0                   64        4.500        0.000                       0                    34  


------------------------------------------------------------------------------------------------
| Inter Clock Table
| -----------------
------------------------------------------------------------------------------------------------

From Clock    To Clock          WNS(ns)      TNS(ns)  TNS Failing Endpoints  TNS Total Endpoints      WHS(ns)      THS(ns)  THS Failing Endpoints  THS Total Endpoints  
----------    --------          -------      -------  ---------------------  -------------------      -------      -------  ---------------------  -------------------  


------------------------------------------------------------------------------------------------
| Other Path Groups Table
| -----------------------
------------------------------------------------------------------------------------------------

Path Group    From Clock    To Clock          WNS(ns)      TNS(ns)  TNS Failing Endpoints  TNS Total Endpoints      WHS(ns)      THS(ns)  THS Failing Endpoints  THS Total Endpoints  
----------    ----------    --------          -------      -------  ---------------------  -------------------      -------      -------  ---------------------  -------------------  


------------------------------------------------------------------------------------------------
| Timing Details
| --------------
------------------------------------------------------------------------------------------------


---------------------------------------------------------------------------------------------------
From Clock:  sys_clk_pin
  To Clock:  sys_clk_pin

Setup :            0  Failing Endpoints,  Worst Slack        6.859ns,  Total Violation        0.000ns
Hold  :            0  Failing Endpoints,  Worst Slack        0.324ns,  Total Violation        0.000ns
PW    :            0  Failing Endpoints,  Worst Slack        4.500ns,  Total Violation        0.000ns
---------------------------------------------------------------------------------------------------


Max Delay Paths
--------------------------------------------------------------------------------------
Slack (MET) :             6.859ns  (required time - arrival time)
  Source:                 bpress_reg_reg[0]/C
                            (rising edge-triggered cell FDRE clocked by sys_clk_pin  {rise@0.000ns fall@5.000ns period=10.000ns})
  Destination:            count_reg_reg[28]/R
                            (rising edge-triggered cell FDRE clocked by sys_clk_pin  {rise@0.000ns fall@5.000ns period=10.000ns})
  Path Group:             sys_clk_pin
  Path Type:              Setup (Max at Slow Process Corner)
  Requirement:            10.000ns  (sys_clk_pin rise@10.000ns - sys_clk_pin rise@0.000ns)
  Data Path Delay:        2.632ns  (logic 0.580ns (22.040%)  route 2.052ns (77.960%))
  Logic Levels:           1  (LUT2=1)
  Clock Path Skew:        -0.045ns (DCD - SCD + CPR)
    Destination Clock Delay (DCD):    4.845ns = ( 14.845 - 10.000 ) 
    Source Clock Delay      (SCD):    5.150ns
    Clock Pessimism Removal (CPR):    0.260ns
  Clock Uncertainty:      0.035ns  ((TSJ^2 + TIJ^2)^1/2 + DJ) / 2 + PE
    Total System Jitter     (TSJ):    0.071ns
    Total Input Jitter      (TIJ):    0.000ns
    Discrete Jitter          (DJ):    0.000ns
    Phase Error              (PE):    0.000ns

    Location             Delay type                Incr(ns)  Path(ns)    Netlist Resource(s)
  -------------------------------------------------------------------    -------------------
                         (clock sys_clk_pin rise edge)
                                                      0.000     0.000 r  
    W5                                                0.000     0.000 r  clk (IN)
                         net (fo=0)                   0.000     0.000    clk
    W5                   IBUF (Prop_ibuf_I_O)         1.458     1.458 r  clk_IBUF_inst/O
                         net (fo=1, routed)           1.967     3.425    clk_IBUF
    BUFGCTRL_X0Y0        BUFG (Prop_bufg_I_O)         0.096     3.521 r  clk_IBUF_BUFG_inst/O
                         net (fo=33, routed)          1.629     5.150    clk_IBUF_BUFG
    SLICE_X1Y17          FDRE                                         r  bpress_reg_reg[0]/C
  -------------------------------------------------------------------    -------------------
    SLICE_X1Y17          FDRE (Prop_fdre_C_Q)         0.456     5.606 f  bpress_reg_reg[0]/Q
                         net (fo=2, routed)           0.288     5.894    bpress_reg
    SLICE_X0Y17          LUT2 (Prop_lut2_I1_O)        0.124     6.018 r  count_reg[0]_i_1/O
                         net (fo=32, routed)          1.764     7.782    count_reg[0]_i_1_n_0
    SLICE_X0Y26          FDRE                                         r  count_reg_reg[28]/R
  -------------------------------------------------------------------    -------------------

                         (clock sys_clk_pin rise edge)
                                                     10.000    10.000 r  
    W5                                                0.000    10.000 r  clk (IN)
                         net (fo=0)                   0.000    10.000    clk
    W5                   IBUF (Prop_ibuf_I_O)         1.388    11.388 r  clk_IBUF_inst/O
                         net (fo=1, routed)           1.862    13.250    clk_IBUF
    BUFGCTRL_X0Y0        BUFG (Prop_bufg_I_O)         0.091    13.341 r  clk_IBUF_BUFG_inst/O
                         net (fo=33, routed)          1.504    14.845    clk_IBUF_BUFG
    SLICE_X0Y26          FDRE                                         r  count_reg_reg[28]/C
                         clock pessimism              0.260    15.105    
                         clock uncertainty           -0.035    15.070    
    SLICE_X0Y26          FDRE (Setup_fdre_C_R)       -0.429    14.641    count_reg_reg[28]
  -------------------------------------------------------------------
                         required time                         14.641    
                         arrival time                          -7.782    
  -------------------------------------------------------------------
                         slack                                  6.859    

Slack (MET) :             6.859ns  (required time - arrival time)
  Source:                 bpress_reg_reg[0]/C
                            (rising edge-triggered cell FDRE clocked by sys_clk_pin  {rise@0.000ns fall@5.000ns period=10.000ns})
  Destination:            count_reg_reg[29]/R
                            (rising edge-triggered cell FDRE clocked by sys_clk_pin  {rise@0.000ns fall@5.000ns period=10.000ns})
  Path Group:             sys_clk_pin
  Path Type:              Setup (Max at Slow Process Corner)
  Requirement:            10.000ns  (sys_clk_pin rise@10.000ns - sys_clk_pin rise@0.000ns)
  Data Path Delay:        2.632ns  (logic 0.580ns (22.040%)  route 2.052ns (77.960%))
  Logic Levels:           1  (LUT2=1)
  Clock Path Skew:        -0.045ns (DCD - SCD + CPR)
    Destination Clock Delay (DCD):    4.845ns = ( 14.845 - 10.000 ) 
    Source Clock Delay      (SCD):    5.150ns
    Clock Pessimism Removal (CPR):    0.260ns
  Clock Uncertainty:      0.035ns  ((TSJ^2 + TIJ^2)^1/2 + DJ) / 2 + PE
    Total System Jitter     (TSJ):    0.071ns
    Total Input Jitter      (TIJ):    0.000ns
    Discrete Jitter          (DJ):    0.000ns
    Phase Error              (PE):    0.000ns

    Location             Delay type                Incr(ns)  Path(ns)    Netlist Resource(s)
  -------------------------------------------------------------------    -------------------
                         (clock sys_clk_pin rise edge)
                                                      0.000     0.000 r  
    W5                                                0.000     0.000 r  clk (IN)
                         net (fo=0)                   0.000     0.000    clk
    W5                   IBUF (Prop_ibuf_I_O)         1.458     1.458 r  clk_IBUF_inst/O
                         net (fo=1, routed)           1.967     3.425    clk_IBUF
    BUFGCTRL_X0Y0        BUFG (Prop_bufg_I_O)         0.096     3.521 r  clk_IBUF_BUFG_inst/O
                         net (fo=33, routed)          1.629     5.150    clk_IBUF_BUFG
    SLICE_X1Y17          FDRE                                         r  bpress_reg_reg[0]/C
  -------------------------------------------------------------------    -------------------
    SLICE_X1Y17          FDRE (Prop_fdre_C_Q)         0.456     5.606 f  bpress_reg_reg[0]/Q
                         net (fo=2, routed)           0.288     5.894    bpress_reg
    SLICE_X0Y17          LUT2 (Prop_lut2_I1_O)        0.124     6.018 r  count_reg[0]_i_1/O
                         net (fo=32, routed)          1.764     7.782    count_reg[0]_i_1_n_0
    SLICE_X0Y26          FDRE                                         r  count_reg_reg[29]/R
  -------------------------------------------------------------------    -------------------

                         (clock sys_clk_pin rise edge)
                                                     10.000    10.000 r  
    W5                                                0.000    10.000 r  clk (IN)
                         net (fo=0)                   0.000    10.000    clk
    W5                   IBUF (Prop_ibuf_I_O)         1.388    11.388 r  clk_IBUF_inst/O
                         net (fo=1, routed)           1.862    13.250    clk_IBUF
    BUFGCTRL_X0Y0        BUFG (Prop_bufg_I_O)         0.091    13.341 r  clk_IBUF_BUFG_inst/O
                         net (fo=33, routed)          1.504    14.845    clk_IBUF_BUFG
    SLICE_X0Y26          FDRE                                         r  count_reg_reg[29]/C
                         clock pessimism              0.260    15.105    
                         clock uncertainty           -0.035    15.070    
    SLICE_X0Y26          FDRE (Setup_fdre_C_R)       -0.429    14.641    count_reg_reg[29]
  -------------------------------------------------------------------
                         required time                         14.641    
                         arrival time                          -7.782    
  -------------------------------------------------------------------
                         slack                                  6.859    

Slack (MET) :             6.859ns  (required time - arrival time)
  Source:                 bpress_reg_reg[0]/C
                            (rising edge-triggered cell FDRE clocked by sys_clk_pin  {rise@0.000ns fall@5.000ns period=10.000ns})
  Destination:            count_reg_reg[30]/R
                            (rising edge-triggered cell FDRE clocked by sys_clk_pin  {rise@0.000ns fall@5.000ns period=10.000ns})
  Path Group:             sys_clk_pin
  Path Type:              Setup (Max at Slow Process Corner)
  Requirement:            10.000ns  (sys_clk_pin rise@10.000ns - sys_clk_pin rise@0.000ns)
  Data Path Delay:        2.632ns  (logic 0.580ns (22.040%)  route 2.052ns (77.960%))
  Logic Levels:           1  (LUT2=1)
  Clock Path Skew:        -0.045ns (DCD - SCD + CPR)
    Destination Clock Delay (DCD):    4.845ns = ( 14.845 - 10.000 ) 
    Source Clock Delay      (SCD):    5.150ns
    Clock Pessimism Removal (CPR):    0.260ns
  Clock Uncertainty:      0.035ns  ((TSJ^2 + TIJ^2)^1/2 + DJ) / 2 + PE
    Total System Jitter     (TSJ):    0.071ns
    Total Input Jitter      (TIJ):    0.000ns
    Discrete Jitter          (DJ):    0.000ns
    Phase Error              (PE):    0.000ns

    Location             Delay type                Incr(ns)  Path(ns)    Netlist Resource(s)
  -------------------------------------------------------------------    -------------------
                         (clock sys_clk_pin rise edge)
                                                      0.000     0.000 r  
    W5                                                0.000     0.000 r  clk (IN)
                         net (fo=0)                   0.000     0.000    clk
    W5                   IBUF (Prop_ibuf_I_O)         1.458     1.458 r  clk_IBUF_inst/O
                         net (fo=1, routed)           1.967     3.425    clk_IBUF
    BUFGCTRL_X0Y0        BUFG (Prop_bufg_I_O)         0.096     3.521 r  clk_IBUF_BUFG_inst/O
                         net (fo=33, routed)          1.629     5.150    clk_IBUF_BUFG
    SLICE_X1Y17          FDRE                                         r  bpress_reg_reg[0]/C
  -------------------------------------------------------------------    -------------------
    SLICE_X1Y17          FDRE (Prop_fdre_C_Q)         0.456     5.606 f  bpress_reg_reg[0]/Q
                         net (fo=2, routed)           0.288     5.894    bpress_reg
    SLICE_X0Y17          LUT2 (Prop_lut2_I1_O)        0.124     6.018 r  count_reg[0]_i_1/O
                         net (fo=32, routed)          1.764     7.782    count_reg[0]_i_1_n_0
    SLICE_X0Y26          FDRE                                         r  count_reg_reg[30]/R
  -------------------------------------------------------------------    -------------------

                         (clock sys_clk_pin rise edge)
                                                     10.000    10.000 r  
    W5                                                0.000    10.000 r  clk (IN)
                         net (fo=0)                   0.000    10.000    clk
    W5                   IBUF (Prop_ibuf_I_O)         1.388    11.388 r  clk_IBUF_inst/O
                         net (fo=1, routed)           1.862    13.250    clk_IBUF
    BUFGCTRL_X0Y0        BUFG (Prop_bufg_I_O)         0.091    13.341 r  clk_IBUF_BUFG_inst/O
                         net (fo=33, routed)          1.504    14.845    clk_IBUF_BUFG
    SLICE_X0Y26          FDRE                                         r  count_reg_reg[30]/C
                         clock pessimism              0.260    15.105    
                         clock uncertainty           -0.035    15.070    
    SLICE_X0Y26          FDRE (Setup_fdre_C_R)       -0.429    14.641    count_reg_reg[30]
  -------------------------------------------------------------------
                         required time                         14.641    
                         arrival time                          -7.782    
  -------------------------------------------------------------------
                         slack                                  6.859    

Slack (MET) :             6.859ns  (required time - arrival time)
  Source:                 bpress_reg_reg[0]/C
                            (rising edge-triggered cell FDRE clocked by sys_clk_pin  {rise@0.000ns fall@5.000ns period=10.000ns})
  Destination:            count_reg_reg[31]/R
                            (rising edge-triggered cell FDRE clocked by sys_clk_pin  {rise@0.000ns fall@5.000ns period=10.000ns})
  Path Group:             sys_clk_pin
  Path Type:              Setup (Max at Slow Process Corner)
  Requirement:            10.000ns  (sys_clk_pin rise@10.000ns - sys_clk_pin rise@0.000ns)
  Data Path Delay:        2.632ns  (logic 0.580ns (22.040%)  route 2.052ns (77.960%))
  Logic Levels:           1  (LUT2=1)
  Clock Path Skew:        -0.045ns (DCD - SCD + CPR)
    Destination Clock Delay (DCD):    4.845ns = ( 14.845 - 10.000 ) 
    Source Clock Delay      (SCD):    5.150ns
    Clock Pessimism Removal (CPR):    0.260ns
  Clock Uncertainty:      0.035ns  ((TSJ^2 + TIJ^2)^1/2 + DJ) / 2 + PE
    Total System Jitter     (TSJ):    0.071ns
    Total Input Jitter      (TIJ):    0.000ns
    Discrete Jitter          (DJ):    0.000ns
    Phase Error              (PE):    0.000ns

    Location             Delay type                Incr(ns)  Path(ns)    Netlist Resource(s)
  -------------------------------------------------------------------    -------------------
                         (clock sys_clk_pin rise edge)
                                                      0.000     0.000 r  
    W5                                                0.000     0.000 r  clk (IN)
                         net (fo=0)                   0.000     0.000    clk
    W5                   IBUF (Prop_ibuf_I_O)         1.458     1.458 r  clk_IBUF_inst/O
                         net (fo=1, routed)           1.967     3.425    clk_IBUF
    BUFGCTRL_X0Y0        BUFG (Prop_bufg_I_O)         0.096     3.521 r  clk_IBUF_BUFG_inst/O
                         net (fo=33, routed)          1.629     5.150    clk_IBUF_BUFG
    SLICE_X1Y17          FDRE                                         r  bpress_reg_reg[0]/C
  -------------------------------------------------------------------    -------------------
    SLICE_X1Y17          FDRE (Prop_fdre_C_Q)         0.456     5.606 f  bpress_reg_reg[0]/Q
                         net (fo=2, routed)           0.288     5.894    bpress_reg
    SLICE_X0Y17          LUT2 (Prop_lut2_I1_O)        0.124     6.018 r  count_reg[0]_i_1/O
                         net (fo=32, routed)          1.764     7.782    count_reg[0]_i_1_n_0
    SLICE_X0Y26          FDRE                                         r  count_reg_reg[31]/R
  -------------------------------------------------------------------    -------------------

                         (clock sys_clk_pin rise edge)
                                                     10.000    10.000 r  
    W5                                                0.000    10.000 r  clk (IN)
                         net (fo=0)                   0.000    10.000    clk
    W5                   IBUF (Prop_ibuf_I_O)         1.388    11.388 r  clk_IBUF_inst/O
                         net (fo=1, routed)           1.862    13.250    clk_IBUF
    BUFGCTRL_X0Y0        BUFG (Prop_bufg_I_O)         0.091    13.341 r  clk_IBUF_BUFG_inst/O
                         net (fo=33, routed)          1.504    14.845    clk_IBUF_BUFG
    SLICE_X0Y26          FDRE                                         r  count_reg_reg[31]/C
                         clock pessimism              0.260    15.105    
                         clock uncertainty           -0.035    15.070    
    SLICE_X0Y26          FDRE (Setup_fdre_C_R)       -0.429    14.641    count_reg_reg[31]
  -------------------------------------------------------------------
                         required time                         14.641    
                         arrival time                          -7.782    
  -------------------------------------------------------------------
                         slack                                  6.859    

Slack (MET) :             6.996ns  (required time - arrival time)
  Source:                 bpress_reg_reg[0]/C
                            (rising edge-triggered cell FDRE clocked by sys_clk_pin  {rise@0.000ns fall@5.000ns period=10.000ns})
  Destination:            count_reg_reg[24]/R
                            (rising edge-triggered cell FDRE clocked by sys_clk_pin  {rise@0.000ns fall@5.000ns period=10.000ns})
  Path Group:             sys_clk_pin
  Path Type:              Setup (Max at Slow Process Corner)
  Requirement:            10.000ns  (sys_clk_pin rise@10.000ns - sys_clk_pin rise@0.000ns)
  Data Path Delay:        2.493ns  (logic 0.580ns (23.264%)  route 1.913ns (76.736%))
  Logic Levels:           1  (LUT2=1)
  Clock Path Skew:        -0.047ns (DCD - SCD + CPR)
    Destination Clock Delay (DCD):    4.843ns = ( 14.843 - 10.000 ) 
    Source Clock Delay      (SCD):    5.150ns
    Clock Pessimism Removal (CPR):    0.260ns
  Clock Uncertainty:      0.035ns  ((TSJ^2 + TIJ^2)^1/2 + DJ) / 2 + PE
    Total System Jitter     (TSJ):    0.071ns
    Total Input Jitter      (TIJ):    0.000ns
    Discrete Jitter          (DJ):    0.000ns
    Phase Error              (PE):    0.000ns

    Location             Delay type                Incr(ns)  Path(ns)    Netlist Resource(s)
  -------------------------------------------------------------------    -------------------
                         (clock sys_clk_pin rise edge)
                                                      0.000     0.000 r  
    W5                                                0.000     0.000 r  clk (IN)
                         net (fo=0)                   0.000     0.000    clk
    W5                   IBUF (Prop_ibuf_I_O)         1.458     1.458 r  clk_IBUF_inst/O
                         net (fo=1, routed)           1.967     3.425    clk_IBUF
    BUFGCTRL_X0Y0        BUFG (Prop_bufg_I_O)         0.096     3.521 r  clk_IBUF_BUFG_inst/O
                         net (fo=33, routed)          1.629     5.150    clk_IBUF_BUFG
    SLICE_X1Y17          FDRE                                         r  bpress_reg_reg[0]/C
  -------------------------------------------------------------------    -------------------
    SLICE_X1Y17          FDRE (Prop_fdre_C_Q)         0.456     5.606 f  bpress_reg_reg[0]/Q
                         net (fo=2, routed)           0.288     5.894    bpress_reg
    SLICE_X0Y17          LUT2 (Prop_lut2_I1_O)        0.124     6.018 r  count_reg[0]_i_1/O
                         net (fo=32, routed)          1.625     7.643    count_reg[0]_i_1_n_0
    SLICE_X0Y25          FDRE                                         r  count_reg_reg[24]/R
  -------------------------------------------------------------------    -------------------

                         (clock sys_clk_pin rise edge)
                                                     10.000    10.000 r  
    W5                                                0.000    10.000 r  clk (IN)
                         net (fo=0)                   0.000    10.000    clk
    W5                   IBUF (Prop_ibuf_I_O)         1.388    11.388 r  clk_IBUF_inst/O
                         net (fo=1, routed)           1.862    13.250    clk_IBUF
    BUFGCTRL_X0Y0        BUFG (Prop_bufg_I_O)         0.091    13.341 r  clk_IBUF_BUFG_inst/O
                         net (fo=33, routed)          1.502    14.843    clk_IBUF_BUFG
    SLICE_X0Y25          FDRE                                         r  count_reg_reg[24]/C
                         clock pessimism              0.260    15.103    
                         clock uncertainty           -0.035    15.068    
    SLICE_X0Y25          FDRE (Setup_fdre_C_R)       -0.429    14.639    count_reg_reg[24]
  -------------------------------------------------------------------
                         required time                         14.639    
                         arrival time                          -7.643    
  -------------------------------------------------------------------
                         slack                                  6.996    

Slack (MET) :             6.996ns  (required time - arrival time)
  Source:                 bpress_reg_reg[0]/C
                            (rising edge-triggered cell FDRE clocked by sys_clk_pin  {rise@0.000ns fall@5.000ns period=10.000ns})
  Destination:            count_reg_reg[25]/R
                            (rising edge-triggered cell FDRE clocked by sys_clk_pin  {rise@0.000ns fall@5.000ns period=10.000ns})
  Path Group:             sys_clk_pin
  Path Type:              Setup (Max at Slow Process Corner)
  Requirement:            10.000ns  (sys_clk_pin rise@10.000ns - sys_clk_pin rise@0.000ns)
  Data Path Delay:        2.493ns  (logic 0.580ns (23.264%)  route 1.913ns (76.736%))
  Logic Levels:           1  (LUT2=1)
  Clock Path Skew:        -0.047ns (DCD - SCD + CPR)
    Destination Clock Delay (DCD):    4.843ns = ( 14.843 - 10.000 ) 
    Source Clock Delay      (SCD):    5.150ns
    Clock Pessimism Removal (CPR):    0.260ns
  Clock Uncertainty:      0.035ns  ((TSJ^2 + TIJ^2)^1/2 + DJ) / 2 + PE
    Total System Jitter     (TSJ):    0.071ns
    Total Input Jitter      (TIJ):    0.000ns
    Discrete Jitter          (DJ):    0.000ns
    Phase Error              (PE):    0.000ns

    Location             Delay type                Incr(ns)  Path(ns)    Netlist Resource(s)
  -------------------------------------------------------------------    -------------------
                         (clock sys_clk_pin rise edge)
                                                      0.000     0.000 r  
    W5                                                0.000     0.000 r  clk (IN)
                         net (fo=0)                   0.000     0.000    clk
    W5                   IBUF (Prop_ibuf_I_O)         1.458     1.458 r  clk_IBUF_inst/O
                         net (fo=1, routed)           1.967     3.425    clk_IBUF
    BUFGCTRL_X0Y0        BUFG (Prop_bufg_I_O)         0.096     3.521 r  clk_IBUF_BUFG_inst/O
                         net (fo=33, routed)          1.629     5.150    clk_IBUF_BUFG
    SLICE_X1Y17          FDRE                                         r  bpress_reg_reg[0]/C
  -------------------------------------------------------------------    -------------------
    SLICE_X1Y17          FDRE (Prop_fdre_C_Q)         0.456     5.606 f  bpress_reg_reg[0]/Q
                         net (fo=2, routed)           0.288     5.894    bpress_reg
    SLICE_X0Y17          LUT2 (Prop_lut2_I1_O)        0.124     6.018 r  count_reg[0]_i_1/O
                         net (fo=32, routed)          1.625     7.643    count_reg[0]_i_1_n_0
    SLICE_X0Y25          FDRE                                         r  count_reg_reg[25]/R
  -------------------------------------------------------------------    -------------------

                         (clock sys_clk_pin rise edge)
                                                     10.000    10.000 r  
    W5                                                0.000    10.000 r  clk (IN)
                         net (fo=0)                   0.000    10.000    clk
    W5                   IBUF (Prop_ibuf_I_O)         1.388    11.388 r  clk_IBUF_inst/O
                         net (fo=1, routed)           1.862    13.250    clk_IBUF
    BUFGCTRL_X0Y0        BUFG (Prop_bufg_I_O)         0.091    13.341 r  clk_IBUF_BUFG_inst/O
                         net (fo=33, routed)          1.502    14.843    clk_IBUF_BUFG
    SLICE_X0Y25          FDRE                                         r  count_reg_reg[25]/C
                         clock pessimism              0.260    15.103    
                         clock uncertainty           -0.035    15.068    
    SLICE_X0Y25          FDRE (Setup_fdre_C_R)       -0.429    14.639    count_reg_reg[25]
  -------------------------------------------------------------------
                         required time                         14.639    
                         arrival time                          -7.643    
  -------------------------------------------------------------------
                         slack                                  6.996    

Slack (MET) :             6.996ns  (required time - arrival time)
  Source:                 bpress_reg_reg[0]/C
                            (rising edge-triggered cell FDRE clocked by sys_clk_pin  {rise@0.000ns fall@5.000ns period=10.000ns})
  Destination:            count_reg_reg[26]/R
                            (rising edge-triggered cell FDRE clocked by sys_clk_pin  {rise@0.000ns fall@5.000ns period=10.000ns})
  Path Group:             sys_clk_pin
  Path Type:              Setup (Max at Slow Process Corner)
  Requirement:            10.000ns  (sys_clk_pin rise@10.000ns - sys_clk_pin rise@0.000ns)
  Data Path Delay:        2.493ns  (logic 0.580ns (23.264%)  route 1.913ns (76.736%))
  Logic Levels:           1  (LUT2=1)
  Clock Path Skew:        -0.047ns (DCD - SCD + CPR)
    Destination Clock Delay (DCD):    4.843ns = ( 14.843 - 10.000 ) 
    Source Clock Delay      (SCD):    5.150ns
    Clock Pessimism Removal (CPR):    0.260ns
  Clock Uncertainty:      0.035ns  ((TSJ^2 + TIJ^2)^1/2 + DJ) / 2 + PE
    Total System Jitter     (TSJ):    0.071ns
    Total Input Jitter      (TIJ):    0.000ns
    Discrete Jitter          (DJ):    0.000ns
    Phase Error              (PE):    0.000ns

    Location             Delay type                Incr(ns)  Path(ns)    Netlist Resource(s)
  -------------------------------------------------------------------    -------------------
                         (clock sys_clk_pin rise edge)
                                                      0.000     0.000 r  
    W5                                                0.000     0.000 r  clk (IN)
                         net (fo=0)                   0.000     0.000    clk
    W5                   IBUF (Prop_ibuf_I_O)         1.458     1.458 r  clk_IBUF_inst/O
                         net (fo=1, routed)           1.967     3.425    clk_IBUF
    BUFGCTRL_X0Y0        BUFG (Prop_bufg_I_O)         0.096     3.521 r  clk_IBUF_BUFG_inst/O
                         net (fo=33, routed)          1.629     5.150    clk_IBUF_BUFG
    SLICE_X1Y17          FDRE                                         r  bpress_reg_reg[0]/C
  -------------------------------------------------------------------    -------------------
    SLICE_X1Y17          FDRE (Prop_fdre_C_Q)         0.456     5.606 f  bpress_reg_reg[0]/Q
                         net (fo=2, routed)           0.288     5.894    bpress_reg
    SLICE_X0Y17          LUT2 (Prop_lut2_I1_O)        0.124     6.018 r  count_reg[0]_i_1/O
                         net (fo=32, routed)          1.625     7.643    count_reg[0]_i_1_n_0
    SLICE_X0Y25          FDRE                                         r  count_reg_reg[26]/R
  -------------------------------------------------------------------    -------------------

                         (clock sys_clk_pin rise edge)
                                                     10.000    10.000 r  
    W5                                                0.000    10.000 r  clk (IN)
                         net (fo=0)                   0.000    10.000    clk
    W5                   IBUF (Prop_ibuf_I_O)         1.388    11.388 r  clk_IBUF_inst/O
                         net (fo=1, routed)           1.862    13.250    clk_IBUF
    BUFGCTRL_X0Y0        BUFG (Prop_bufg_I_O)         0.091    13.341 r  clk_IBUF_BUFG_inst/O
                         net (fo=33, routed)          1.502    14.843    clk_IBUF_BUFG
    SLICE_X0Y25          FDRE                                         r  count_reg_reg[26]/C
                         clock pessimism              0.260    15.103    
                         clock uncertainty           -0.035    15.068    
    SLICE_X0Y25          FDRE (Setup_fdre_C_R)       -0.429    14.639    count_reg_reg[26]
  -------------------------------------------------------------------
                         required time                         14.639    
                         arrival time                          -7.643    
  -------------------------------------------------------------------
                         slack                                  6.996    

Slack (MET) :             6.996ns  (required time - arrival time)
  Source:                 bpress_reg_reg[0]/C
                            (rising edge-triggered cell FDRE clocked by sys_clk_pin  {rise@0.000ns fall@5.000ns period=10.000ns})
  Destination:            count_reg_reg[27]/R
                            (rising edge-triggered cell FDRE clocked by sys_clk_pin  {rise@0.000ns fall@5.000ns period=10.000ns})
  Path Group:             sys_clk_pin
  Path Type:              Setup (Max at Slow Process Corner)
  Requirement:            10.000ns  (sys_clk_pin rise@10.000ns - sys_clk_pin rise@0.000ns)
  Data Path Delay:        2.493ns  (logic 0.580ns (23.264%)  route 1.913ns (76.736%))
  Logic Levels:           1  (LUT2=1)
  Clock Path Skew:        -0.047ns (DCD - SCD + CPR)
    Destination Clock Delay (DCD):    4.843ns = ( 14.843 - 10.000 ) 
    Source Clock Delay      (SCD):    5.150ns
    Clock Pessimism Removal (CPR):    0.260ns
  Clock Uncertainty:      0.035ns  ((TSJ^2 + TIJ^2)^1/2 + DJ) / 2 + PE
    Total System Jitter     (TSJ):    0.071ns
    Total Input Jitter      (TIJ):    0.000ns
    Discrete Jitter          (DJ):    0.000ns
    Phase Error              (PE):    0.000ns

    Location             Delay type                Incr(ns)  Path(ns)    Netlist Resource(s)
  -------------------------------------------------------------------    -------------------
                         (clock sys_clk_pin rise edge)
                                                      0.000     0.000 r  
    W5                                                0.000     0.000 r  clk (IN)
                         net (fo=0)                   0.000     0.000    clk
    W5                   IBUF (Prop_ibuf_I_O)         1.458     1.458 r  clk_IBUF_inst/O
                         net (fo=1, routed)           1.967     3.425    clk_IBUF
    BUFGCTRL_X0Y0        BUFG (Prop_bufg_I_O)         0.096     3.521 r  clk_IBUF_BUFG_inst/O
                         net (fo=33, routed)          1.629     5.150    clk_IBUF_BUFG
    SLICE_X1Y17          FDRE                                         r  bpress_reg_reg[0]/C
  -------------------------------------------------------------------    -------------------
    SLICE_X1Y17          FDRE (Prop_fdre_C_Q)         0.456     5.606 f  bpress_reg_reg[0]/Q
                         net (fo=2, routed)           0.288     5.894    bpress_reg
    SLICE_X0Y17          LUT2 (Prop_lut2_I1_O)        0.124     6.018 r  count_reg[0]_i_1/O
                         net (fo=32, routed)          1.625     7.643    count_reg[0]_i_1_n_0
    SLICE_X0Y25          FDRE                                         r  count_reg_reg[27]/R
  -------------------------------------------------------------------    -------------------

                         (clock sys_clk_pin rise edge)
                                                     10.000    10.000 r  
    W5                                                0.000    10.000 r  clk (IN)
                         net (fo=0)                   0.000    10.000    clk
    W5                   IBUF (Prop_ibuf_I_O)         1.388    11.388 r  clk_IBUF_inst/O
                         net (fo=1, routed)           1.862    13.250    clk_IBUF
    BUFGCTRL_X0Y0        BUFG (Prop_bufg_I_O)         0.091    13.341 r  clk_IBUF_BUFG_inst/O
                         net (fo=33, routed)          1.502    14.843    clk_IBUF_BUFG
    SLICE_X0Y25          FDRE                                         r  count_reg_reg[27]/C
                         clock pessimism              0.260    15.103    
                         clock uncertainty           -0.035    15.068    
    SLICE_X0Y25          FDRE (Setup_fdre_C_R)       -0.429    14.639    count_reg_reg[27]
  -------------------------------------------------------------------
                         required time                         14.639    
                         arrival time                          -7.643    
  -------------------------------------------------------------------
                         slack                                  6.996    

Slack (MET) :             7.066ns  (required time - arrival time)
  Source:                 count_reg_reg[1]/C
                            (rising edge-triggered cell FDRE clocked by sys_clk_pin  {rise@0.000ns fall@5.000ns period=10.000ns})
  Destination:            count_reg_reg[29]/D
                            (rising edge-triggered cell FDRE clocked by sys_clk_pin  {rise@0.000ns fall@5.000ns period=10.000ns})
  Path Group:             sys_clk_pin
  Path Type:              Setup (Max at Slow Process Corner)
  Requirement:            10.000ns  (sys_clk_pin rise@10.000ns - sys_clk_pin rise@0.000ns)
  Data Path Delay:        2.919ns  (logic 2.148ns (73.590%)  route 0.771ns (26.410%))
  Logic Levels:           8  (CARRY4=8)
  Clock Path Skew:        -0.042ns (DCD - SCD + CPR)
    Destination Clock Delay (DCD):    4.845ns = ( 14.845 - 10.000 ) 
    Source Clock Delay      (SCD):    5.147ns
    Clock Pessimism Removal (CPR):    0.260ns
  Clock Uncertainty:      0.035ns  ((TSJ^2 + TIJ^2)^1/2 + DJ) / 2 + PE
    Total System Jitter     (TSJ):    0.071ns
    Total Input Jitter      (TIJ):    0.000ns
    Discrete Jitter          (DJ):    0.000ns
    Phase Error              (PE):    0.000ns

    Location             Delay type                Incr(ns)  Path(ns)    Netlist Resource(s)
  -------------------------------------------------------------------    -------------------
                         (clock sys_clk_pin rise edge)
                                                      0.000     0.000 r  
    W5                                                0.000     0.000 r  clk (IN)
                         net (fo=0)                   0.000     0.000    clk
    W5                   IBUF (Prop_ibuf_I_O)         1.458     1.458 r  clk_IBUF_inst/O
                         net (fo=1, routed)           1.967     3.425    clk_IBUF
    BUFGCTRL_X0Y0        BUFG (Prop_bufg_I_O)         0.096     3.521 r  clk_IBUF_BUFG_inst/O
                         net (fo=33, routed)          1.626     5.147    clk_IBUF_BUFG
    SLICE_X0Y19          FDRE                                         r  count_reg_reg[1]/C
  -------------------------------------------------------------------    -------------------
    SLICE_X0Y19          FDRE (Prop_fdre_C_Q)         0.456     5.603 r  count_reg_reg[1]/Q
                         net (fo=1, routed)           0.762     6.365    count_reg_reg_n_0_[1]
    SLICE_X0Y19          CARRY4 (Prop_carry4_S[1]_CO[3])
                                                      0.674     7.039 r  count_reg_reg[0]_i_2/CO[3]
                         net (fo=1, routed)           0.000     7.039    count_reg_reg[0]_i_2_n_0
    SLICE_X0Y20          CARRY4 (Prop_carry4_CI_CO[3])
                                                      0.114     7.153 r  count_reg_reg[4]_i_1/CO[3]
                         net (fo=1, routed)           0.000     7.153    count_reg_reg[4]_i_1_n_0
    SLICE_X0Y21          CARRY4 (Prop_carry4_CI_CO[3])
                                                      0.114     7.267 r  count_reg_reg[8]_i_1/CO[3]
                         net (fo=1, routed)           0.000     7.267    count_reg_reg[8]_i_1_n_0
    SLICE_X0Y22          CARRY4 (Prop_carry4_CI_CO[3])
                                                      0.114     7.381 r  count_reg_reg[12]_i_1/CO[3]
                         net (fo=1, routed)           0.000     7.381    count_reg_reg[12]_i_1_n_0
    SLICE_X0Y23          CARRY4 (Prop_carry4_CI_CO[3])
                                                      0.114     7.495 r  count_reg_reg[16]_i_1/CO[3]
                         net (fo=1, routed)           0.000     7.495    count_reg_reg[16]_i_1_n_0
    SLICE_X0Y24          CARRY4 (Prop_carry4_CI_CO[3])
                                                      0.114     7.609 r  count_reg_reg[20]_i_1/CO[3]
                         net (fo=1, routed)           0.009     7.618    count_reg_reg[20]_i_1_n_0
    SLICE_X0Y25          CARRY4 (Prop_carry4_CI_CO[3])
                                                      0.114     7.732 r  count_reg_reg[24]_i_1/CO[3]
                         net (fo=1, routed)           0.000     7.732    count_reg_reg[24]_i_1_n_0
    SLICE_X0Y26          CARRY4 (Prop_carry4_CI_O[1])
                                                      0.334     8.066 r  count_reg_reg[28]_i_1/O[1]
                         net (fo=1, routed)           0.000     8.066    count_reg_reg[28]_i_1_n_6
    SLICE_X0Y26          FDRE                                         r  count_reg_reg[29]/D
  -------------------------------------------------------------------    -------------------

                         (clock sys_clk_pin rise edge)
                                                     10.000    10.000 r  
    W5                                                0.000    10.000 r  clk (IN)
                         net (fo=0)                   0.000    10.000    clk
    W5                   IBUF (Prop_ibuf_I_O)         1.388    11.388 r  clk_IBUF_inst/O
                         net (fo=1, routed)           1.862    13.250    clk_IBUF
    BUFGCTRL_X0Y0        BUFG (Prop_bufg_I_O)         0.091    13.341 r  clk_IBUF_BUFG_inst/O
                         net (fo=33, routed)          1.504    14.845    clk_IBUF_BUFG
    SLICE_X0Y26          FDRE                                         r  count_reg_reg[29]/C
                         clock pessimism              0.260    15.105    
                         clock uncertainty           -0.035    15.070    
    SLICE_X0Y26          FDRE (Setup_fdre_C_D)        0.062    15.132    count_reg_reg[29]
  -------------------------------------------------------------------
                         required time                         15.132    
                         arrival time                          -8.066    
  -------------------------------------------------------------------
                         slack                                  7.066    

Slack (MET) :             7.087ns  (required time - arrival time)
  Source:                 count_reg_reg[1]/C
                            (rising edge-triggered cell FDRE clocked by sys_clk_pin  {rise@0.000ns fall@5.000ns period=10.000ns})
  Destination:            count_reg_reg[31]/D
                            (rising edge-triggered cell FDRE clocked by sys_clk_pin  {rise@0.000ns fall@5.000ns period=10.000ns})
  Path Group:             sys_clk_pin
  Path Type:              Setup (Max at Slow Process Corner)
  Requirement:            10.000ns  (sys_clk_pin rise@10.000ns - sys_clk_pin rise@0.000ns)
  Data Path Delay:        2.898ns  (logic 2.127ns (73.398%)  route 0.771ns (26.602%))
  Logic Levels:           8  (CARRY4=8)
  Clock Path Skew:        -0.042ns (DCD - SCD + CPR)
    Destination Clock Delay (DCD):    4.845ns = ( 14.845 - 10.000 ) 
    Source Clock Delay      (SCD):    5.147ns
    Clock Pessimism Removal (CPR):    0.260ns
  Clock Uncertainty:      0.035ns  ((TSJ^2 + TIJ^2)^1/2 + DJ) / 2 + PE
    Total System Jitter     (TSJ):    0.071ns
    Total Input Jitter      (TIJ):    0.000ns
    Discrete Jitter          (DJ):    0.000ns
    Phase Error              (PE):    0.000ns

    Location             Delay type                Incr(ns)  Path(ns)    Netlist Resource(s)
  -------------------------------------------------------------------    -------------------
                         (clock sys_clk_pin rise edge)
                                                      0.000     0.000 r  
    W5                                                0.000     0.000 r  clk (IN)
                         net (fo=0)                   0.000     0.000    clk
    W5                   IBUF (Prop_ibuf_I_O)         1.458     1.458 r  clk_IBUF_inst/O
                         net (fo=1, routed)           1.967     3.425    clk_IBUF
    BUFGCTRL_X0Y0        BUFG (Prop_bufg_I_O)         0.096     3.521 r  clk_IBUF_BUFG_inst/O
                         net (fo=33, routed)          1.626     5.147    clk_IBUF_BUFG
    SLICE_X0Y19          FDRE                                         r  count_reg_reg[1]/C
  -------------------------------------------------------------------    -------------------
    SLICE_X0Y19          FDRE (Prop_fdre_C_Q)         0.456     5.603 r  count_reg_reg[1]/Q
                         net (fo=1, routed)           0.762     6.365    count_reg_reg_n_0_[1]
    SLICE_X0Y19          CARRY4 (Prop_carry4_S[1]_CO[3])
                                                      0.674     7.039 r  count_reg_reg[0]_i_2/CO[3]
                         net (fo=1, routed)           0.000     7.039    count_reg_reg[0]_i_2_n_0
    SLICE_X0Y20          CARRY4 (Prop_carry4_CI_CO[3])
                                                      0.114     7.153 r  count_reg_reg[4]_i_1/CO[3]
                         net (fo=1, routed)           0.000     7.153    count_reg_reg[4]_i_1_n_0
    SLICE_X0Y21          CARRY4 (Prop_carry4_CI_CO[3])
                                                      0.114     7.267 r  count_reg_reg[8]_i_1/CO[3]
                         net (fo=1, routed)           0.000     7.267    count_reg_reg[8]_i_1_n_0
    SLICE_X0Y22          CARRY4 (Prop_carry4_CI_CO[3])
                                                      0.114     7.381 r  count_reg_reg[12]_i_1/CO[3]
                         net (fo=1, routed)           0.000     7.381    count_reg_reg[12]_i_1_n_0
    SLICE_X0Y23          CARRY4 (Prop_carry4_CI_CO[3])
                                                      0.114     7.495 r  count_reg_reg[16]_i_1/CO[3]
                         net (fo=1, routed)           0.000     7.495    count_reg_reg[16]_i_1_n_0
    SLICE_X0Y24          CARRY4 (Prop_carry4_CI_CO[3])
                                                      0.114     7.609 r  count_reg_reg[20]_i_1/CO[3]
                         net (fo=1, routed)           0.009     7.618    count_reg_reg[20]_i_1_n_0
    SLICE_X0Y25          CARRY4 (Prop_carry4_CI_CO[3])
                                                      0.114     7.732 r  count_reg_reg[24]_i_1/CO[3]
                         net (fo=1, routed)           0.000     7.732    count_reg_reg[24]_i_1_n_0
    SLICE_X0Y26          CARRY4 (Prop_carry4_CI_O[3])
                                                      0.313     8.045 r  count_reg_reg[28]_i_1/O[3]
                         net (fo=1, routed)           0.000     8.045    count_reg_reg[28]_i_1_n_4
    SLICE_X0Y26          FDRE                                         r  count_reg_reg[31]/D
  -------------------------------------------------------------------    -------------------

                         (clock sys_clk_pin rise edge)
                                                     10.000    10.000 r  
    W5                                                0.000    10.000 r  clk (IN)
                         net (fo=0)                   0.000    10.000    clk
    W5                   IBUF (Prop_ibuf_I_O)         1.388    11.388 r  clk_IBUF_inst/O
                         net (fo=1, routed)           1.862    13.250    clk_IBUF
    BUFGCTRL_X0Y0        BUFG (Prop_bufg_I_O)         0.091    13.341 r  clk_IBUF_BUFG_inst/O
                         net (fo=33, routed)          1.504    14.845    clk_IBUF_BUFG
    SLICE_X0Y26          FDRE                                         r  count_reg_reg[31]/C
                         clock pessimism              0.260    15.105    
                         clock uncertainty           -0.035    15.070    
    SLICE_X0Y26          FDRE (Setup_fdre_C_D)        0.062    15.132    count_reg_reg[31]
  -------------------------------------------------------------------
                         required time                         15.132    
                         arrival time                          -8.045    
  -------------------------------------------------------------------
                         slack                                  7.087    





Min Delay Paths
--------------------------------------------------------------------------------------
Slack (MET) :             0.324ns  (arrival time - required time)
  Source:                 count_reg_reg[0]/C
                            (rising edge-triggered cell FDSE clocked by sys_clk_pin  {rise@0.000ns fall@5.000ns period=10.000ns})
  Destination:            count_reg_reg[0]/D
                            (rising edge-triggered cell FDSE clocked by sys_clk_pin  {rise@0.000ns fall@5.000ns period=10.000ns})
  Path Group:             sys_clk_pin
  Path Type:              Hold (Min at Fast Process Corner)
  Requirement:            0.000ns  (sys_clk_pin rise@0.000ns - sys_clk_pin rise@0.000ns)
  Data Path Delay:        0.429ns  (logic 0.256ns (59.730%)  route 0.173ns (40.270%))
  Logic Levels:           2  (CARRY4=1 LUT1=1)
  Clock Path Skew:        0.000ns (DCD - SCD - CPR)
    Destination Clock Delay (DCD):    1.983ns
    Source Clock Delay      (SCD):    1.470ns
    Clock Pessimism Removal (CPR):    0.513ns

    Location             Delay type                Incr(ns)  Path(ns)    Netlist Resource(s)
  -------------------------------------------------------------------    -------------------
                         (clock sys_clk_pin rise edge)
                                                      0.000     0.000 r  
    W5                                                0.000     0.000 r  clk (IN)
                         net (fo=0)                   0.000     0.000    clk
    W5                   IBUF (Prop_ibuf_I_O)         0.226     0.226 r  clk_IBUF_inst/O
                         net (fo=1, routed)           0.631     0.858    clk_IBUF
    BUFGCTRL_X0Y0        BUFG (Prop_bufg_I_O)         0.026     0.884 r  clk_IBUF_BUFG_inst/O
                         net (fo=33, routed)          0.587     1.470    clk_IBUF_BUFG
    SLICE_X0Y19          FDSE                                         r  count_reg_reg[0]/C
  -------------------------------------------------------------------    -------------------
    SLICE_X0Y19          FDSE (Prop_fdse_C_Q)         0.141     1.611 f  count_reg_reg[0]/Q
                         net (fo=1, routed)           0.173     1.784    count_reg_reg_n_0_[0]
    SLICE_X0Y19          LUT1 (Prop_lut1_I0_O)        0.045     1.829 r  count_reg[0]_i_6/O
                         net (fo=1, routed)           0.000     1.829    count_reg[0]_i_6_n_0
    SLICE_X0Y19          CARRY4 (Prop_carry4_S[0]_O[0])
                                                      0.070     1.899 r  count_reg_reg[0]_i_2/O[0]
                         net (fo=1, routed)           0.000     1.899    count_reg_reg[0]_i_2_n_7
    SLICE_X0Y19          FDSE                                         r  count_reg_reg[0]/D
  -------------------------------------------------------------------    -------------------

                         (clock sys_clk_pin rise edge)
                                                      0.000     0.000 r  
    W5                                                0.000     0.000 r  clk (IN)
                         net (fo=0)                   0.000     0.000    clk
    W5                   IBUF (Prop_ibuf_I_O)         0.414     0.414 r  clk_IBUF_inst/O
                         net (fo=1, routed)           0.685     1.099    clk_IBUF
    BUFGCTRL_X0Y0        BUFG (Prop_bufg_I_O)         0.029     1.128 r  clk_IBUF_BUFG_inst/O
                         net (fo=33, routed)          0.856     1.983    clk_IBUF_BUFG
    SLICE_X0Y19          FDSE                                         r  count_reg_reg[0]/C
                         clock pessimism             -0.513     1.470    
    SLICE_X0Y19          FDSE (Hold_fdse_C_D)         0.105     1.575    count_reg_reg[0]
  -------------------------------------------------------------------
                         required time                         -1.575    
                         arrival time                           1.899    
  -------------------------------------------------------------------
                         slack                                  0.324    

Slack (MET) :             0.327ns  (arrival time - required time)
  Source:                 count_reg_reg[11]/C
                            (rising edge-triggered cell FDRE clocked by sys_clk_pin  {rise@0.000ns fall@5.000ns period=10.000ns})
  Destination:            count_reg_reg[11]/D
                            (rising edge-triggered cell FDRE clocked by sys_clk_pin  {rise@0.000ns fall@5.000ns period=10.000ns})
  Path Group:             sys_clk_pin
  Path Type:              Hold (Min at Fast Process Corner)
  Requirement:            0.000ns  (sys_clk_pin rise@0.000ns - sys_clk_pin rise@0.000ns)
  Data Path Delay:        0.432ns  (logic 0.249ns (57.658%)  route 0.183ns (42.342%))
  Logic Levels:           1  (CARRY4=1)
  Clock Path Skew:        0.000ns (DCD - SCD - CPR)
    Destination Clock Delay (DCD):    1.981ns
    Source Clock Delay      (SCD):    1.468ns
    Clock Pessimism Removal (CPR):    0.513ns

    Location             Delay type                Incr(ns)  Path(ns)    Netlist Resource(s)
  -------------------------------------------------------------------    -------------------
                         (clock sys_clk_pin rise edge)
                                                      0.000     0.000 r  
    W5                                                0.000     0.000 r  clk (IN)
                         net (fo=0)                   0.000     0.000    clk
    W5                   IBUF (Prop_ibuf_I_O)         0.226     0.226 r  clk_IBUF_inst/O
                         net (fo=1, routed)           0.631     0.858    clk_IBUF
    BUFGCTRL_X0Y0        BUFG (Prop_bufg_I_O)         0.026     0.884 r  clk_IBUF_BUFG_inst/O
                         net (fo=33, routed)          0.585     1.468    clk_IBUF_BUFG
    SLICE_X0Y21          FDRE                                         r  count_reg_reg[11]/C
  -------------------------------------------------------------------    -------------------
    SLICE_X0Y21          FDRE (Prop_fdre_C_Q)         0.141     1.609 r  count_reg_reg[11]/Q
                         net (fo=1, routed)           0.183     1.792    count_reg_reg_n_0_[11]
    SLICE_X0Y21          CARRY4 (Prop_carry4_S[3]_O[3])
                                                      0.108     1.900 r  count_reg_reg[8]_i_1/O[3]
                         net (fo=1, routed)           0.000     1.900    count_reg_reg[8]_i_1_n_4
    SLICE_X0Y21          FDRE                                         r  count_reg_reg[11]/D
  -------------------------------------------------------------------    -------------------

                         (clock sys_clk_pin rise edge)
                                                      0.000     0.000 r  
    W5                                                0.000     0.000 r  clk (IN)
                         net (fo=0)                   0.000     0.000    clk
    W5                   IBUF (Prop_ibuf_I_O)         0.414     0.414 r  clk_IBUF_inst/O
                         net (fo=1, routed)           0.685     1.099    clk_IBUF
    BUFGCTRL_X0Y0        BUFG (Prop_bufg_I_O)         0.029     1.128 r  clk_IBUF_BUFG_inst/O
                         net (fo=33, routed)          0.854     1.981    clk_IBUF_BUFG
    SLICE_X0Y21          FDRE                                         r  count_reg_reg[11]/C
                         clock pessimism             -0.513     1.468    
    SLICE_X0Y21          FDRE (Hold_fdre_C_D)         0.105     1.573    count_reg_reg[11]
  -------------------------------------------------------------------
                         required time                         -1.573    
                         arrival time                           1.900    
  -------------------------------------------------------------------
                         slack                                  0.327    

Slack (MET) :             0.327ns  (arrival time - required time)
  Source:                 count_reg_reg[3]/C
                            (rising edge-triggered cell FDRE clocked by sys_clk_pin  {rise@0.000ns fall@5.000ns period=10.000ns})
  Destination:            count_reg_reg[3]/D
                            (rising edge-triggered cell FDRE clocked by sys_clk_pin  {rise@0.000ns fall@5.000ns period=10.000ns})
  Path Group:             sys_clk_pin
  Path Type:              Hold (Min at Fast Process Corner)
  Requirement:            0.000ns  (sys_clk_pin rise@0.000ns - sys_clk_pin rise@0.000ns)
  Data Path Delay:        0.432ns  (logic 0.249ns (57.658%)  route 0.183ns (42.342%))
  Logic Levels:           1  (CARRY4=1)
  Clock Path Skew:        0.000ns (DCD - SCD - CPR)
    Destination Clock Delay (DCD):    1.983ns
    Source Clock Delay      (SCD):    1.470ns
    Clock Pessimism Removal (CPR):    0.513ns

    Location             Delay type                Incr(ns)  Path(ns)    Netlist Resource(s)
  -------------------------------------------------------------------    -------------------
                         (clock sys_clk_pin rise edge)
                                                      0.000     0.000 r  
    W5                                                0.000     0.000 r  clk (IN)
                         net (fo=0)                   0.000     0.000    clk
    W5                   IBUF (Prop_ibuf_I_O)         0.226     0.226 r  clk_IBUF_inst/O
                         net (fo=1, routed)           0.631     0.858    clk_IBUF
    BUFGCTRL_X0Y0        BUFG (Prop_bufg_I_O)         0.026     0.884 r  clk_IBUF_BUFG_inst/O
                         net (fo=33, routed)          0.587     1.470    clk_IBUF_BUFG
    SLICE_X0Y19          FDRE                                         r  count_reg_reg[3]/C
  -------------------------------------------------------------------    -------------------
    SLICE_X0Y19          FDRE (Prop_fdre_C_Q)         0.141     1.611 r  count_reg_reg[3]/Q
                         net (fo=1, routed)           0.183     1.794    count_reg_reg_n_0_[3]
    SLICE_X0Y19          CARRY4 (Prop_carry4_S[3]_O[3])
                                                      0.108     1.902 r  count_reg_reg[0]_i_2/O[3]
                         net (fo=1, routed)           0.000     1.902    count_reg_reg[0]_i_2_n_4
    SLICE_X0Y19          FDRE                                         r  count_reg_reg[3]/D
  -------------------------------------------------------------------    -------------------

                         (clock sys_clk_pin rise edge)
                                                      0.000     0.000 r  
    W5                                                0.000     0.000 r  clk (IN)
                         net (fo=0)                   0.000     0.000    clk
    W5                   IBUF (Prop_ibuf_I_O)         0.414     0.414 r  clk_IBUF_inst/O
                         net (fo=1, routed)           0.685     1.099    clk_IBUF
    BUFGCTRL_X0Y0        BUFG (Prop_bufg_I_O)         0.029     1.128 r  clk_IBUF_BUFG_inst/O
                         net (fo=33, routed)          0.856     1.983    clk_IBUF_BUFG
    SLICE_X0Y19          FDRE                                         r  count_reg_reg[3]/C
                         clock pessimism             -0.513     1.470    
    SLICE_X0Y19          FDRE (Hold_fdre_C_D)         0.105     1.575    count_reg_reg[3]
  -------------------------------------------------------------------
                         required time                         -1.575    
                         arrival time                           1.902    
  -------------------------------------------------------------------
                         slack                                  0.327    

Slack (MET) :             0.327ns  (arrival time - required time)
  Source:                 count_reg_reg[12]/C
                            (rising edge-triggered cell FDRE clocked by sys_clk_pin  {rise@0.000ns fall@5.000ns period=10.000ns})
  Destination:            count_reg_reg[12]/D
                            (rising edge-triggered cell FDRE clocked by sys_clk_pin  {rise@0.000ns fall@5.000ns period=10.000ns})
  Path Group:             sys_clk_pin
  Path Type:              Hold (Min at Fast Process Corner)
  Requirement:            0.000ns  (sys_clk_pin rise@0.000ns - sys_clk_pin rise@0.000ns)
  Data Path Delay:        0.432ns  (logic 0.256ns (59.199%)  route 0.176ns (40.801%))
  Logic Levels:           1  (CARRY4=1)
  Clock Path Skew:        0.000ns (DCD - SCD - CPR)
    Destination Clock Delay (DCD):    1.980ns
    Source Clock Delay      (SCD):    1.468ns
    Clock Pessimism Removal (CPR):    0.512ns

    Location             Delay type                Incr(ns)  Path(ns)    Netlist Resource(s)
  -------------------------------------------------------------------    -------------------
                         (clock sys_clk_pin rise edge)
                                                      0.000     0.000 r  
    W5                                                0.000     0.000 r  clk (IN)
                         net (fo=0)                   0.000     0.000    clk
    W5                   IBUF (Prop_ibuf_I_O)         0.226     0.226 r  clk_IBUF_inst/O
                         net (fo=1, routed)           0.631     0.858    clk_IBUF
    BUFGCTRL_X0Y0        BUFG (Prop_bufg_I_O)         0.026     0.884 r  clk_IBUF_BUFG_inst/O
                         net (fo=33, routed)          0.585     1.468    clk_IBUF_BUFG
    SLICE_X0Y22          FDRE                                         r  count_reg_reg[12]/C
  -------------------------------------------------------------------    -------------------
    SLICE_X0Y22          FDRE (Prop_fdre_C_Q)         0.141     1.609 r  count_reg_reg[12]/Q
                         net (fo=1, routed)           0.176     1.786    count_reg_reg_n_0_[12]
    SLICE_X0Y22          CARRY4 (Prop_carry4_S[0]_O[0])
                                                      0.115     1.901 r  count_reg_reg[12]_i_1/O[0]
                         net (fo=1, routed)           0.000     1.901    count_reg_reg[12]_i_1_n_7
    SLICE_X0Y22          FDRE                                         r  count_reg_reg[12]/D
  -------------------------------------------------------------------    -------------------

                         (clock sys_clk_pin rise edge)
                                                      0.000     0.000 r  
    W5                                                0.000     0.000 r  clk (IN)
                         net (fo=0)                   0.000     0.000    clk
    W5                   IBUF (Prop_ibuf_I_O)         0.414     0.414 r  clk_IBUF_inst/O
                         net (fo=1, routed)           0.685     1.099    clk_IBUF
    BUFGCTRL_X0Y0        BUFG (Prop_bufg_I_O)         0.029     1.128 r  clk_IBUF_BUFG_inst/O
                         net (fo=33, routed)          0.853     1.980    clk_IBUF_BUFG
    SLICE_X0Y22          FDRE                                         r  count_reg_reg[12]/C
                         clock pessimism             -0.512     1.468    
    SLICE_X0Y22          FDRE (Hold_fdre_C_D)         0.105     1.573    count_reg_reg[12]
  -------------------------------------------------------------------
                         required time                         -1.573    
                         arrival time                           1.901    
  -------------------------------------------------------------------
                         slack                                  0.327    

Slack (MET) :             0.327ns  (arrival time - required time)
  Source:                 count_reg_reg[4]/C
                            (rising edge-triggered cell FDRE clocked by sys_clk_pin  {rise@0.000ns fall@5.000ns period=10.000ns})
  Destination:            count_reg_reg[4]/D
                            (rising edge-triggered cell FDRE clocked by sys_clk_pin  {rise@0.000ns fall@5.000ns period=10.000ns})
  Path Group:             sys_clk_pin
  Path Type:              Hold (Min at Fast Process Corner)
  Requirement:            0.000ns  (sys_clk_pin rise@0.000ns - sys_clk_pin rise@0.000ns)
  Data Path Delay:        0.432ns  (logic 0.256ns (59.199%)  route 0.176ns (40.801%))
  Logic Levels:           1  (CARRY4=1)
  Clock Path Skew:        0.000ns (DCD - SCD - CPR)
    Destination Clock Delay (DCD):    1.982ns
    Source Clock Delay      (SCD):    1.469ns
    Clock Pessimism Removal (CPR):    0.513ns

    Location             Delay type                Incr(ns)  Path(ns)    Netlist Resource(s)
  -------------------------------------------------------------------    -------------------
                         (clock sys_clk_pin rise edge)
                                                      0.000     0.000 r  
    W5                                                0.000     0.000 r  clk (IN)
                         net (fo=0)                   0.000     0.000    clk
    W5                   IBUF (Prop_ibuf_I_O)         0.226     0.226 r  clk_IBUF_inst/O
                         net (fo=1, routed)           0.631     0.858    clk_IBUF
    BUFGCTRL_X0Y0        BUFG (Prop_bufg_I_O)         0.026     0.884 r  clk_IBUF_BUFG_inst/O
                         net (fo=33, routed)          0.586     1.469    clk_IBUF_BUFG
    SLICE_X0Y20          FDRE                                         r  count_reg_reg[4]/C
  -------------------------------------------------------------------    -------------------
    SLICE_X0Y20          FDRE (Prop_fdre_C_Q)         0.141     1.610 r  count_reg_reg[4]/Q
                         net (fo=1, routed)           0.176     1.787    count_reg_reg_n_0_[4]
    SLICE_X0Y20          CARRY4 (Prop_carry4_S[0]_O[0])
                                                      0.115     1.902 r  count_reg_reg[4]_i_1/O[0]
                         net (fo=1, routed)           0.000     1.902    count_reg_reg[4]_i_1_n_7
    SLICE_X0Y20          FDRE                                         r  count_reg_reg[4]/D
  -------------------------------------------------------------------    -------------------

                         (clock sys_clk_pin rise edge)
                                                      0.000     0.000 r  
    W5                                                0.000     0.000 r  clk (IN)
                         net (fo=0)                   0.000     0.000    clk
    W5                   IBUF (Prop_ibuf_I_O)         0.414     0.414 r  clk_IBUF_inst/O
                         net (fo=1, routed)           0.685     1.099    clk_IBUF
    BUFGCTRL_X0Y0        BUFG (Prop_bufg_I_O)         0.029     1.128 r  clk_IBUF_BUFG_inst/O
                         net (fo=33, routed)          0.855     1.982    clk_IBUF_BUFG
    SLICE_X0Y20          FDRE                                         r  count_reg_reg[4]/C
                         clock pessimism             -0.513     1.469    
    SLICE_X0Y20          FDRE (Hold_fdre_C_D)         0.105     1.574    count_reg_reg[4]
  -------------------------------------------------------------------
                         required time                         -1.574    
                         arrival time                           1.902    
  -------------------------------------------------------------------
                         slack                                  0.327    

Slack (MET) :             0.340ns  (arrival time - required time)
  Source:                 count_reg_reg[16]/C
                            (rising edge-triggered cell FDRE clocked by sys_clk_pin  {rise@0.000ns fall@5.000ns period=10.000ns})
  Destination:            count_reg_reg[16]/D
                            (rising edge-triggered cell FDRE clocked by sys_clk_pin  {rise@0.000ns fall@5.000ns period=10.000ns})
  Path Group:             sys_clk_pin
  Path Type:              Hold (Min at Fast Process Corner)
  Requirement:            0.000ns  (sys_clk_pin rise@0.000ns - sys_clk_pin rise@0.000ns)
  Data Path Delay:        0.445ns  (logic 0.256ns (57.575%)  route 0.189ns (42.425%))
  Logic Levels:           1  (CARRY4=1)
  Clock Path Skew:        0.000ns (DCD - SCD - CPR)
    Destination Clock Delay (DCD):    1.978ns
    Source Clock Delay      (SCD):    1.466ns
    Clock Pessimism Removal (CPR):    0.512ns

    Location             Delay type                Incr(ns)  Path(ns)    Netlist Resource(s)
  -------------------------------------------------------------------    -------------------
                         (clock sys_clk_pin rise edge)
                                                      0.000     0.000 r  
    W5                                                0.000     0.000 r  clk (IN)
                         net (fo=0)                   0.000     0.000    clk
    W5                   IBUF (Prop_ibuf_I_O)         0.226     0.226 r  clk_IBUF_inst/O
                         net (fo=1, routed)           0.631     0.858    clk_IBUF
    BUFGCTRL_X0Y0        BUFG (Prop_bufg_I_O)         0.026     0.884 r  clk_IBUF_BUFG_inst/O
                         net (fo=33, routed)          0.583     1.466    clk_IBUF_BUFG
    SLICE_X0Y23          FDRE                                         r  count_reg_reg[16]/C
  -------------------------------------------------------------------    -------------------
    SLICE_X0Y23          FDRE (Prop_fdre_C_Q)         0.141     1.607 r  count_reg_reg[16]/Q
                         net (fo=2, routed)           0.189     1.796    led_OBUF[0]
    SLICE_X0Y23          CARRY4 (Prop_carry4_S[0]_O[0])
                                                      0.115     1.911 r  count_reg_reg[16]_i_1/O[0]
                         net (fo=1, routed)           0.000     1.911    count_reg_reg[16]_i_1_n_7
    SLICE_X0Y23          FDRE                                         r  count_reg_reg[16]/D
  -------------------------------------------------------------------    -------------------

                         (clock sys_clk_pin rise edge)
                                                      0.000     0.000 r  
    W5                                                0.000     0.000 r  clk (IN)
                         net (fo=0)                   0.000     0.000    clk
    W5                   IBUF (Prop_ibuf_I_O)         0.414     0.414 r  clk_IBUF_inst/O
                         net (fo=1, routed)           0.685     1.099    clk_IBUF
    BUFGCTRL_X0Y0        BUFG (Prop_bufg_I_O)         0.029     1.128 r  clk_IBUF_BUFG_inst/O
                         net (fo=33, routed)          0.851     1.978    clk_IBUF_BUFG
    SLICE_X0Y23          FDRE                                         r  count_reg_reg[16]/C
                         clock pessimism             -0.512     1.466    
    SLICE_X0Y23          FDRE (Hold_fdre_C_D)         0.105     1.571    count_reg_reg[16]
  -------------------------------------------------------------------
                         required time                         -1.571    
                         arrival time                           1.911    
  -------------------------------------------------------------------
                         slack                                  0.340    

Slack (MET) :             0.340ns  (arrival time - required time)
  Source:                 count_reg_reg[27]/C
                            (rising edge-triggered cell FDRE clocked by sys_clk_pin  {rise@0.000ns fall@5.000ns period=10.000ns})
  Destination:            count_reg_reg[27]/D
                            (rising edge-triggered cell FDRE clocked by sys_clk_pin  {rise@0.000ns fall@5.000ns period=10.000ns})
  Path Group:             sys_clk_pin
  Path Type:              Hold (Min at Fast Process Corner)
  Requirement:            0.000ns  (sys_clk_pin rise@0.000ns - sys_clk_pin rise@0.000ns)
  Data Path Delay:        0.445ns  (logic 0.249ns (55.905%)  route 0.196ns (44.095%))
  Logic Levels:           1  (CARRY4=1)
  Clock Path Skew:        0.000ns (DCD - SCD - CPR)
    Destination Clock Delay (DCD):    1.977ns
    Source Clock Delay      (SCD):    1.465ns
    Clock Pessimism Removal (CPR):    0.512ns

    Location             Delay type                Incr(ns)  Path(ns)    Netlist Resource(s)
  -------------------------------------------------------------------    -------------------
                         (clock sys_clk_pin rise edge)
                                                      0.000     0.000 r  
    W5                                                0.000     0.000 r  clk (IN)
                         net (fo=0)                   0.000     0.000    clk
    W5                   IBUF (Prop_ibuf_I_O)         0.226     0.226 r  clk_IBUF_inst/O
                         net (fo=1, routed)           0.631     0.858    clk_IBUF
    BUFGCTRL_X0Y0        BUFG (Prop_bufg_I_O)         0.026     0.884 r  clk_IBUF_BUFG_inst/O
                         net (fo=33, routed)          0.582     1.465    clk_IBUF_BUFG
    SLICE_X0Y25          FDRE                                         r  count_reg_reg[27]/C
  -------------------------------------------------------------------    -------------------
    SLICE_X0Y25          FDRE (Prop_fdre_C_Q)         0.141     1.606 r  count_reg_reg[27]/Q
                         net (fo=2, routed)           0.196     1.803    led_OBUF[11]
    SLICE_X0Y25          CARRY4 (Prop_carry4_S[3]_O[3])
                                                      0.108     1.911 r  count_reg_reg[24]_i_1/O[3]
                         net (fo=1, routed)           0.000     1.911    count_reg_reg[24]_i_1_n_4
    SLICE_X0Y25          FDRE                                         r  count_reg_reg[27]/D
  -------------------------------------------------------------------    -------------------

                         (clock sys_clk_pin rise edge)
                                                      0.000     0.000 r  
    W5                                                0.000     0.000 r  clk (IN)
                         net (fo=0)                   0.000     0.000    clk
    W5                   IBUF (Prop_ibuf_I_O)         0.414     0.414 r  clk_IBUF_inst/O
                         net (fo=1, routed)           0.685     1.099    clk_IBUF
    BUFGCTRL_X0Y0        BUFG (Prop_bufg_I_O)         0.029     1.128 r  clk_IBUF_BUFG_inst/O
                         net (fo=33, routed)          0.850     1.977    clk_IBUF_BUFG
    SLICE_X0Y25          FDRE                                         r  count_reg_reg[27]/C
                         clock pessimism             -0.512     1.465    
    SLICE_X0Y25          FDRE (Hold_fdre_C_D)         0.105     1.570    count_reg_reg[27]
  -------------------------------------------------------------------
                         required time                         -1.570    
                         arrival time                           1.911    
  -------------------------------------------------------------------
                         slack                                  0.340    

Slack (MET) :             0.341ns  (arrival time - required time)
  Source:                 count_reg_reg[28]/C
                            (rising edge-triggered cell FDRE clocked by sys_clk_pin  {rise@0.000ns fall@5.000ns period=10.000ns})
  Destination:            count_reg_reg[28]/D
                            (rising edge-triggered cell FDRE clocked by sys_clk_pin  {rise@0.000ns fall@5.000ns period=10.000ns})
  Path Group:             sys_clk_pin
  Path Type:              Hold (Min at Fast Process Corner)
  Requirement:            0.000ns  (sys_clk_pin rise@0.000ns - sys_clk_pin rise@0.000ns)
  Data Path Delay:        0.446ns  (logic 0.256ns (57.402%)  route 0.190ns (42.599%))
  Logic Levels:           1  (CARRY4=1)
  Clock Path Skew:        0.000ns (DCD - SCD - CPR)
    Destination Clock Delay (DCD):    1.978ns
    Source Clock Delay      (SCD):    1.466ns
    Clock Pessimism Removal (CPR):    0.512ns

    Location             Delay type                Incr(ns)  Path(ns)    Netlist Resource(s)
  -------------------------------------------------------------------    -------------------
                         (clock sys_clk_pin rise edge)
                                                      0.000     0.000 r  
    W5                                                0.000     0.000 r  clk (IN)
                         net (fo=0)                   0.000     0.000    clk
    W5                   IBUF (Prop_ibuf_I_O)         0.226     0.226 r  clk_IBUF_inst/O
                         net (fo=1, routed)           0.631     0.858    clk_IBUF
    BUFGCTRL_X0Y0        BUFG (Prop_bufg_I_O)         0.026     0.884 r  clk_IBUF_BUFG_inst/O
                         net (fo=33, routed)          0.583     1.466    clk_IBUF_BUFG
    SLICE_X0Y26          FDRE                                         r  count_reg_reg[28]/C
  -------------------------------------------------------------------    -------------------
    SLICE_X0Y26          FDRE (Prop_fdre_C_Q)         0.141     1.607 r  count_reg_reg[28]/Q
                         net (fo=2, routed)           0.190     1.797    led_OBUF[12]
    SLICE_X0Y26          CARRY4 (Prop_carry4_S[0]_O[0])
                                                      0.115     1.912 r  count_reg_reg[28]_i_1/O[0]
                         net (fo=1, routed)           0.000     1.912    count_reg_reg[28]_i_1_n_7
    SLICE_X0Y26          FDRE                                         r  count_reg_reg[28]/D
  -------------------------------------------------------------------    -------------------

                         (clock sys_clk_pin rise edge)
                                                      0.000     0.000 r  
    W5                                                0.000     0.000 r  clk (IN)
                         net (fo=0)                   0.000     0.000    clk
    W5                   IBUF (Prop_ibuf_I_O)         0.414     0.414 r  clk_IBUF_inst/O
                         net (fo=1, routed)           0.685     1.099    clk_IBUF
    BUFGCTRL_X0Y0        BUFG (Prop_bufg_I_O)         0.029     1.128 r  clk_IBUF_BUFG_inst/O
                         net (fo=33, routed)          0.851     1.978    clk_IBUF_BUFG
    SLICE_X0Y26          FDRE                                         r  count_reg_reg[28]/C
                         clock pessimism             -0.512     1.466    
    SLICE_X0Y26          FDRE (Hold_fdre_C_D)         0.105     1.571    count_reg_reg[28]
  -------------------------------------------------------------------
                         required time                         -1.571    
                         arrival time                           1.912    
  -------------------------------------------------------------------
                         slack                                  0.341    

Slack (MET) :             0.341ns  (arrival time - required time)
  Source:                 count_reg_reg[23]/C
                            (rising edge-triggered cell FDRE clocked by sys_clk_pin  {rise@0.000ns fall@5.000ns period=10.000ns})
  Destination:            count_reg_reg[23]/D
                            (rising edge-triggered cell FDRE clocked by sys_clk_pin  {rise@0.000ns fall@5.000ns period=10.000ns})
  Path Group:             sys_clk_pin
  Path Type:              Hold (Min at Fast Process Corner)
  Requirement:            0.000ns  (sys_clk_pin rise@0.000ns - sys_clk_pin rise@0.000ns)
  Data Path Delay:        0.446ns  (logic 0.249ns (55.802%)  route 0.197ns (44.198%))
  Logic Levels:           1  (CARRY4=1)
  Clock Path Skew:        0.000ns (DCD - SCD - CPR)
    Destination Clock Delay (DCD):    1.977ns
    Source Clock Delay      (SCD):    1.465ns
    Clock Pessimism Removal (CPR):    0.512ns

    Location             Delay type                Incr(ns)  Path(ns)    Netlist Resource(s)
  -------------------------------------------------------------------    -------------------
                         (clock sys_clk_pin rise edge)
                                                      0.000     0.000 r  
    W5                                                0.000     0.000 r  clk (IN)
                         net (fo=0)                   0.000     0.000    clk
    W5                   IBUF (Prop_ibuf_I_O)         0.226     0.226 r  clk_IBUF_inst/O
                         net (fo=1, routed)           0.631     0.858    clk_IBUF
    BUFGCTRL_X0Y0        BUFG (Prop_bufg_I_O)         0.026     0.884 r  clk_IBUF_BUFG_inst/O
                         net (fo=33, routed)          0.582     1.465    clk_IBUF_BUFG
    SLICE_X0Y24          FDRE                                         r  count_reg_reg[23]/C
  -------------------------------------------------------------------    -------------------
    SLICE_X0Y24          FDRE (Prop_fdre_C_Q)         0.141     1.606 r  count_reg_reg[23]/Q
                         net (fo=2, routed)           0.197     1.803    led_OBUF[7]
    SLICE_X0Y24          CARRY4 (Prop_carry4_S[3]_O[3])
                                                      0.108     1.911 r  count_reg_reg[20]_i_1/O[3]
                         net (fo=1, routed)           0.000     1.911    count_reg_reg[20]_i_1_n_4
    SLICE_X0Y24          FDRE                                         r  count_reg_reg[23]/D
  -------------------------------------------------------------------    -------------------

                         (clock sys_clk_pin rise edge)
                                                      0.000     0.000 r  
    W5                                                0.000     0.000 r  clk (IN)
                         net (fo=0)                   0.000     0.000    clk
    W5                   IBUF (Prop_ibuf_I_O)         0.414     0.414 r  clk_IBUF_inst/O
                         net (fo=1, routed)           0.685     1.099    clk_IBUF
    BUFGCTRL_X0Y0        BUFG (Prop_bufg_I_O)         0.029     1.128 r  clk_IBUF_BUFG_inst/O
                         net (fo=33, routed)          0.850     1.977    clk_IBUF_BUFG
    SLICE_X0Y24          FDRE                                         r  count_reg_reg[23]/C
                         clock pessimism             -0.512     1.465    
    SLICE_X0Y24          FDRE (Hold_fdre_C_D)         0.105     1.570    count_reg_reg[23]
  -------------------------------------------------------------------
                         required time                         -1.570    
                         arrival time                           1.911    
  -------------------------------------------------------------------
                         slack                                  0.341    

Slack (MET) :             0.360ns  (arrival time - required time)
  Source:                 count_reg_reg[0]/C
                            (rising edge-triggered cell FDSE clocked by sys_clk_pin  {rise@0.000ns fall@5.000ns period=10.000ns})
  Destination:            count_reg_reg[1]/D
                            (rising edge-triggered cell FDRE clocked by sys_clk_pin  {rise@0.000ns fall@5.000ns period=10.000ns})
  Path Group:             sys_clk_pin
  Path Type:              Hold (Min at Fast Process Corner)
  Requirement:            0.000ns  (sys_clk_pin rise@0.000ns - sys_clk_pin rise@0.000ns)
  Data Path Delay:        0.465ns  (logic 0.292ns (62.850%)  route 0.173ns (37.150%))
  Logic Levels:           2  (CARRY4=1 LUT1=1)
  Clock Path Skew:        0.000ns (DCD - SCD - CPR)
    Destination Clock Delay (DCD):    1.983ns
    Source Clock Delay      (SCD):    1.470ns
    Clock Pessimism Removal (CPR):    0.513ns

    Location             Delay type                Incr(ns)  Path(ns)    Netlist Resource(s)
  -------------------------------------------------------------------    -------------------
                         (clock sys_clk_pin rise edge)
                                                      0.000     0.000 r  
    W5                                                0.000     0.000 r  clk (IN)
                         net (fo=0)                   0.000     0.000    clk
    W5                   IBUF (Prop_ibuf_I_O)         0.226     0.226 r  clk_IBUF_inst/O
                         net (fo=1, routed)           0.631     0.858    clk_IBUF
    BUFGCTRL_X0Y0        BUFG (Prop_bufg_I_O)         0.026     0.884 r  clk_IBUF_BUFG_inst/O
                         net (fo=33, routed)          0.587     1.470    clk_IBUF_BUFG
    SLICE_X0Y19          FDSE                                         r  count_reg_reg[0]/C
  -------------------------------------------------------------------    -------------------
    SLICE_X0Y19          FDSE (Prop_fdse_C_Q)         0.141     1.611 f  count_reg_reg[0]/Q
                         net (fo=1, routed)           0.173     1.784    count_reg_reg_n_0_[0]
    SLICE_X0Y19          LUT1 (Prop_lut1_I0_O)        0.045     1.829 r  count_reg[0]_i_6/O
                         net (fo=1, routed)           0.000     1.829    count_reg[0]_i_6_n_0
    SLICE_X0Y19          CARRY4 (Prop_carry4_S[0]_O[1])
                                                      0.106     1.935 r  count_reg_reg[0]_i_2/O[1]
                         net (fo=1, routed)           0.000     1.935    count_reg_reg[0]_i_2_n_6
    SLICE_X0Y19          FDRE                                         r  count_reg_reg[1]/D
  -------------------------------------------------------------------    -------------------

                         (clock sys_clk_pin rise edge)
                                                      0.000     0.000 r  
    W5                                                0.000     0.000 r  clk (IN)
                         net (fo=0)                   0.000     0.000    clk
    W5                   IBUF (Prop_ibuf_I_O)         0.414     0.414 r  clk_IBUF_inst/O
                         net (fo=1, routed)           0.685     1.099    clk_IBUF
    BUFGCTRL_X0Y0        BUFG (Prop_bufg_I_O)         0.029     1.128 r  clk_IBUF_BUFG_inst/O
                         net (fo=33, routed)          0.856     1.983    clk_IBUF_BUFG
    SLICE_X0Y19          FDRE                                         r  count_reg_reg[1]/C
                         clock pessimism             -0.513     1.470    
    SLICE_X0Y19          FDRE (Hold_fdre_C_D)         0.105     1.575    count_reg_reg[1]
  -------------------------------------------------------------------
                         required time                         -1.575    
                         arrival time                           1.935    
  -------------------------------------------------------------------
                         slack                                  0.360    





Pulse Width Checks
--------------------------------------------------------------------------------------
Clock Name:         sys_clk_pin
Waveform(ns):       { 0.000 5.000 }
Period(ns):         10.000
Sources:            { clk }

Check Type        Corner  Lib Pin  Reference Pin  Required(ns)  Actual(ns)  Slack(ns)  Location       Pin
Min Period        n/a     BUFG/I   n/a            2.155         10.000      7.845      BUFGCTRL_X0Y0  clk_IBUF_BUFG_inst/I
Min Period        n/a     FDRE/C   n/a            1.000         10.000      9.000      SLICE_X1Y17    bpress_reg_reg[0]/C
Min Period        n/a     FDSE/C   n/a            1.000         10.000      9.000      SLICE_X0Y19    count_reg_reg[0]/C
Min Period        n/a     FDRE/C   n/a            1.000         10.000      9.000      SLICE_X0Y21    count_reg_reg[10]/C
Min Period        n/a     FDRE/C   n/a            1.000         10.000      9.000      SLICE_X0Y21    count_reg_reg[11]/C
Min Period        n/a     FDRE/C   n/a            1.000         10.000      9.000      SLICE_X0Y22    count_reg_reg[12]/C
Min Period        n/a     FDRE/C   n/a            1.000         10.000      9.000      SLICE_X0Y22    count_reg_reg[13]/C
Min Period        n/a     FDRE/C   n/a            1.000         10.000      9.000      SLICE_X0Y22    count_reg_reg[14]/C
Min Period        n/a     FDRE/C   n/a            1.000         10.000      9.000      SLICE_X0Y22    count_reg_reg[15]/C
Min Period        n/a     FDRE/C   n/a            1.000         10.000      9.000      SLICE_X0Y23    count_reg_reg[16]/C
Low Pulse Width   Fast    FDRE/C   n/a            0.500         5.000       4.500      SLICE_X0Y23    count_reg_reg[16]/C
Low Pulse Width   Fast    FDRE/C   n/a            0.500         5.000       4.500      SLICE_X0Y23    count_reg_reg[17]/C
Low Pulse Width   Fast    FDRE/C   n/a            0.500         5.000       4.500      SLICE_X0Y23    count_reg_reg[18]/C
Low Pulse Width   Fast    FDRE/C   n/a            0.500         5.000       4.500      SLICE_X0Y23    count_reg_reg[19]/C
Low Pulse Width   Fast    FDRE/C   n/a            0.500         5.000       4.500      SLICE_X0Y26    count_reg_reg[28]/C
Low Pulse Width   Fast    FDRE/C   n/a            0.500         5.000       4.500      SLICE_X0Y26    count_reg_reg[29]/C
Low Pulse Width   Fast    FDRE/C   n/a            0.500         5.000       4.500      SLICE_X0Y26    count_reg_reg[30]/C
Low Pulse Width   Fast    FDRE/C   n/a            0.500         5.000       4.500      SLICE_X0Y26    count_reg_reg[31]/C
Low Pulse Width   Slow    FDSE/C   n/a            0.500         5.000       4.500      SLICE_X0Y19    count_reg_reg[0]/C
Low Pulse Width   Slow    FDRE/C   n/a            0.500         5.000       4.500      SLICE_X0Y21    count_reg_reg[10]/C
High Pulse Width  Slow    FDRE/C   n/a            0.500         5.000       4.500      SLICE_X1Y17    bpress_reg_reg[0]/C
High Pulse Width  Slow    FDRE/C   n/a            0.500         5.000       4.500      SLICE_X0Y22    count_reg_reg[12]/C
High Pulse Width  Slow    FDRE/C   n/a            0.500         5.000       4.500      SLICE_X0Y22    count_reg_reg[13]/C
High Pulse Width  Slow    FDRE/C   n/a            0.500         5.000       4.500      SLICE_X0Y22    count_reg_reg[14]/C
High Pulse Width  Slow    FDRE/C   n/a            0.500         5.000       4.500      SLICE_X0Y22    count_reg_reg[15]/C
High Pulse Width  Slow    FDRE/C   n/a            0.500         5.000       4.500      SLICE_X0Y23    count_reg_reg[16]/C
High Pulse Width  Slow    FDRE/C   n/a            0.500         5.000       4.500      SLICE_X0Y23    count_reg_reg[17]/C
High Pulse Width  Slow    FDRE/C   n/a            0.500         5.000       4.500      SLICE_X0Y23    count_reg_reg[18]/C
High Pulse Width  Slow    FDRE/C   n/a            0.500         5.000       4.500      SLICE_X0Y23    count_reg_reg[19]/C
High Pulse Width  Slow    FDRE/C   n/a            0.500         5.000       4.500      SLICE_X0Y24    count_reg_reg[20]/C



